...found 24 targets...
...updating 11 targets...
msvc.write-setup-script C:\Users\izana\Me\School\SP21\Software\ConcurrentSpreadsheet\ConcurrentSpreadsheet\boost\bin.v2\standalone\msvc\msvc-14.2\msvc-setup.bat
compile-c-c++ C:\Users\izana\Me\School\SP21\Software\ConcurrentSpreadsheet\ConcurrentSpreadsheet\boost\architecture\msvc-14.2\debug\threading-multi\32.obj
32.cpp
...updated 12 targets...
...found 2 targets...
...updating 1 target...
compile-c-c++ C:\Users\izana\Me\School\SP21\Software\ConcurrentSpreadsheet\ConcurrentSpreadsheet\boost\architecture\msvc-14.2\debug\threading-multi\arm.obj
arm.cpp
libs\config\checks\architecture\arm.cpp(13): fatal error C1189: #error:  "Not ARM"

    call "C:\Users\izana\Me\School\SP21\Software\ConcurrentSpreadsheet\ConcurrentSpreadsheet\boost\bin.v2\standalone\msvc\msvc-14.2\msvc-setup.bat"  >nul
 cl /Zm800 -nologo @"C:\Users\izana\Me\School\SP21\Software\ConcurrentSpreadsheet\ConcurrentSpreadsheet\boost\architecture\msvc-14.2\debug\threading-multi\arm.obj.rsp" 

...failed compile-c-c++ C:\Users\izana\Me\School\SP21\Software\ConcurrentSpreadsheet\ConcurrentSpreadsheet\boost\architecture\msvc-14.2\debug\threading-multi\arm.obj...
...failed updating 1 target...
...found 2 targets...
...updating 1 target...
compile-c-c++ C:\Users\izana\Me\School\SP21\Software\ConcurrentSpreadsheet\ConcurrentSpreadsheet\boost\architecture\msvc-14.2\debug\threading-multi\mips1.obj
mips1.cpp
libs\config\checks\architecture\mips1.cpp(10): fatal error C1189: #error:  "Not MIPS1"

    call "C:\Users\izana\Me\School\SP21\Software\ConcurrentSpreadsheet\ConcurrentSpreadsheet\boost\bin.v2\standalone\msvc\msvc-14.2\msvc-setup.bat"  >nul
 cl /Zm800 -nologo @"C:\Users\izana\Me\School\SP21\Software\ConcurrentSpreadsheet\ConcurrentSpreadsheet\boost\architecture\msvc-14.2\debug\threading-multi\mips1.obj.rsp" 

...failed compile-c-c++ C:\Users\izana\Me\School\SP21\Software\ConcurrentSpreadsheet\ConcurrentSpreadsheet\boost\architecture\msvc-14.2\debug\threading-multi\mips1.obj...
...failed updating 1 target...
...found 2 targets...
...updating 1 target...
compile-c-c++ C:\Users\izana\Me\School\SP21\Software\ConcurrentSpreadsheet\ConcurrentSpreadsheet\boost\architecture\msvc-14.2\debug\threading-multi\power.obj
power.cpp
libs\config\checks\architecture\power.cpp(13): fatal error C1189: #error:  "Not PPC"

    call "C:\Users\izana\Me\School\SP21\Software\ConcurrentSpreadsheet\ConcurrentSpreadsheet\boost\bin.v2\standalone\msvc\msvc-14.2\msvc-setup.bat"  >nul
 cl /Zm800 -nologo @"C:\Users\izana\Me\School\SP21\Software\ConcurrentSpreadsheet\ConcurrentSpreadsheet\boost\architecture\msvc-14.2\debug\threading-multi\power.obj.rsp" 

...failed compile-c-c++ C:\Users\izana\Me\School\SP21\Software\ConcurrentSpreadsheet\ConcurrentSpreadsheet\boost\architecture\msvc-14.2\debug\threading-multi\power.obj...
...failed updating 1 target...
...found 2 targets...
...updating 1 target...
compile-c-c++ C:\Users\izana\Me\School\SP21\Software\ConcurrentSpreadsheet\ConcurrentSpreadsheet\boost\architecture\msvc-14.2\debug\threading-multi\riscv.obj
riscv.cpp
libs\config\checks\architecture\riscv.cpp(9): fatal error C1189: #error:  "Not RISC-V"

    call "C:\Users\izana\Me\School\SP21\Software\ConcurrentSpreadsheet\ConcurrentSpreadsheet\boost\bin.v2\standalone\msvc\msvc-14.2\msvc-setup.bat"  >nul
 cl /Zm800 -nologo @"C:\Users\izana\Me\School\SP21\Software\ConcurrentSpreadsheet\ConcurrentSpreadsheet\boost\architecture\msvc-14.2\debug\threading-multi\riscv.obj.rsp" 

...failed compile-c-c++ C:\Users\izana\Me\School\SP21\Software\ConcurrentSpreadsheet\ConcurrentSpreadsheet\boost\architecture\msvc-14.2\debug\threading-multi\riscv.obj...
...failed updating 1 target...
...found 2 targets...
...updating 1 target...
compile-c-c++ C:\Users\izana\Me\School\SP21\Software\ConcurrentSpreadsheet\ConcurrentSpreadsheet\boost\architecture\msvc-14.2\debug\threading-multi\s390x.obj
s390x.cpp
libs\config\checks\architecture\s390x.cpp(10): fatal error C1189: #error:  "Not S390x"

    call "C:\Users\izana\Me\School\SP21\Software\ConcurrentSpreadsheet\ConcurrentSpreadsheet\boost\bin.v2\standalone\msvc\msvc-14.2\msvc-setup.bat"  >nul
 cl /Zm800 -nologo @"C:\Users\izana\Me\School\SP21\Software\ConcurrentSpreadsheet\ConcurrentSpreadsheet\boost\architecture\msvc-14.2\debug\threading-multi\s390x.obj.rsp" 

...failed compile-c-c++ C:\Users\izana\Me\School\SP21\Software\ConcurrentSpreadsheet\ConcurrentSpreadsheet\boost\architecture\msvc-14.2\debug\threading-multi\s390x.obj...
...failed updating 1 target...
...found 2 targets...
...updating 1 target...
compile-c-c++ C:\Users\izana\Me\School\SP21\Software\ConcurrentSpreadsheet\ConcurrentSpreadsheet\boost\architecture\msvc-14.2\debug\threading-multi\sparc.obj
sparc.cpp
libs\config\checks\architecture\sparc.cpp(10): fatal error C1189: #error:  "Not SPARC"

    call "C:\Users\izana\Me\School\SP21\Software\ConcurrentSpreadsheet\ConcurrentSpreadsheet\boost\bin.v2\standalone\msvc\msvc-14.2\msvc-setup.bat"  >nul
 cl /Zm800 -nologo @"C:\Users\izana\Me\School\SP21\Software\ConcurrentSpreadsheet\ConcurrentSpreadsheet\boost\architecture\msvc-14.2\debug\threading-multi\sparc.obj.rsp" 

...failed compile-c-c++ C:\Users\izana\Me\School\SP21\Software\ConcurrentSpreadsheet\ConcurrentSpreadsheet\boost\architecture\msvc-14.2\debug\threading-multi\sparc.obj...
...failed updating 1 target...
...found 2 targets...
...updating 1 target...
compile-c-c++ C:\Users\izana\Me\School\SP21\Software\ConcurrentSpreadsheet\ConcurrentSpreadsheet\boost\architecture\msvc-14.2\debug\threading-multi\x86.obj
x86.cpp
...updated 1 target...
...found 9 targets...
...updating 7 targets...
compile-c-c++ C:\Users\izana\Me\School\SP21\Software\ConcurrentSpreadsheet\ConcurrentSpreadsheet\boost\bin.v2\libs\atomic\config\msvc-14.2\debug\threading-multi\has_sse2.obj
has_sse2.cpp
...updated 7 targets...
...found 3 targets...
...updating 1 target...
compile-c-c++ C:\Users\izana\Me\School\SP21\Software\ConcurrentSpreadsheet\ConcurrentSpreadsheet\boost\bin.v2\libs\atomic\config\msvc-14.2\debug\threading-multi\has_sse41.obj
has_sse41.cpp
...updated 1 target...
...patience...
...found 137 targets...
...updating 3 targets...
compile-c-c++ C:\Users\izana\Me\School\SP21\Software\ConcurrentSpreadsheet\ConcurrentSpreadsheet\boost\bin.v2\libs\atomic\config\msvc-14.2\debug\threading-multi\has_synchronization.obj
has_synchronization.cpp
msvc.link C:\Users\izana\Me\School\SP21\Software\ConcurrentSpreadsheet\ConcurrentSpreadsheet\boost\bin.v2\libs\atomic\config\msvc-14.2\debug\threading-multi\has_synchronization.exe
...updated 3 targets...
...found 7 targets...
...updating 6 targets...
compile-c-c++ C:\Users\izana\Me\School\SP21\Software\ConcurrentSpreadsheet\ConcurrentSpreadsheet\boost\bin.v2\libs\context\build\msvc-14.2\debug\threading-multi\cxx11_hdr_mutex_check.obj
cxx11_hdr_mutex.cpp
...updated 6 targets...
...found 148 targets...
...updating 6 targets...
compile-c-c++ C:\Users\izana\Me\School\SP21\Software\ConcurrentSpreadsheet\ConcurrentSpreadsheet\boost\bin.v2\libs\filesystem\config\msvc-14.2\debug\threading-multi\has_bcrypt.obj
has_bcrypt.cpp
...updated 6 targets...
...found 3 targets...
...updating 1 target...
compile-c-c++ C:\Users\izana\Me\School\SP21\Software\ConcurrentSpreadsheet\ConcurrentSpreadsheet\boost\bin.v2\libs\filesystem\config\msvc-14.2\debug\threading-multi\has_stat_st_mtim.obj
has_stat_st_mtim.cpp
libs\filesystem\config\has_stat_st_mtim.cpp(12): fatal error C1083: Cannot open include file: 'unistd.h': No such file or directory

    call "C:\Users\izana\Me\School\SP21\Software\ConcurrentSpreadsheet\ConcurrentSpreadsheet\boost\bin.v2\standalone\msvc\msvc-14.2\msvc-setup.bat"  >nul
 cl /Zm800 -nologo @"C:\Users\izana\Me\School\SP21\Software\ConcurrentSpreadsheet\ConcurrentSpreadsheet\boost\bin.v2\libs\filesystem\config\msvc-14.2\debug\threading-multi\has_stat_st_mtim.obj.rsp" 

...failed compile-c-c++ C:\Users\izana\Me\School\SP21\Software\ConcurrentSpreadsheet\ConcurrentSpreadsheet\boost\bin.v2\libs\filesystem\config\msvc-14.2\debug\threading-multi\has_stat_st_mtim.obj...
...failed updating 1 target...
...found 2 targets...
...updating 1 target...
compile-c-c++ C:\Users\izana\Me\School\SP21\Software\ConcurrentSpreadsheet\ConcurrentSpreadsheet\boost\bin.v2\libs\filesystem\config\msvc-14.2\debug\threading-multi\has_stat_st_mtimensec.obj
has_stat_st_mtimensec.cpp
libs\filesystem\config\has_stat_st_mtimensec.cpp(12): fatal error C1083: Cannot open include file: 'unistd.h': No such file or directory

    call "C:\Users\izana\Me\School\SP21\Software\ConcurrentSpreadsheet\ConcurrentSpreadsheet\boost\bin.v2\standalone\msvc\msvc-14.2\msvc-setup.bat"  >nul
 cl /Zm800 -nologo @"C:\Users\izana\Me\School\SP21\Software\ConcurrentSpreadsheet\ConcurrentSpreadsheet\boost\bin.v2\libs\filesystem\config\msvc-14.2\debug\threading-multi\has_stat_st_mtimensec.obj.rsp" 

...failed compile-c-c++ C:\Users\izana\Me\School\SP21\Software\ConcurrentSpreadsheet\ConcurrentSpreadsheet\boost\bin.v2\libs\filesystem\config\msvc-14.2\debug\threading-multi\has_stat_st_mtimensec.obj...
...failed updating 1 target...
...found 2 targets...
...updating 1 target...
compile-c-c++ C:\Users\izana\Me\School\SP21\Software\ConcurrentSpreadsheet\ConcurrentSpreadsheet\boost\bin.v2\libs\filesystem\config\msvc-14.2\debug\threading-multi\has_stat_st_mtimespec.obj
has_stat_st_mtimespec.cpp
libs\filesystem\config\has_stat_st_mtimespec.cpp(12): fatal error C1083: Cannot open include file: 'unistd.h': No such file or directory

    call "C:\Users\izana\Me\School\SP21\Software\ConcurrentSpreadsheet\ConcurrentSpreadsheet\boost\bin.v2\standalone\msvc\msvc-14.2\msvc-setup.bat"  >nul
 cl /Zm800 -nologo @"C:\Users\izana\Me\School\SP21\Software\ConcurrentSpreadsheet\ConcurrentSpreadsheet\boost\bin.v2\libs\filesystem\config\msvc-14.2\debug\threading-multi\has_stat_st_mtimespec.obj.rsp" 

...failed compile-c-c++ C:\Users\izana\Me\School\SP21\Software\ConcurrentSpreadsheet\ConcurrentSpreadsheet\boost\bin.v2\libs\filesystem\config\msvc-14.2\debug\threading-multi\has_stat_st_mtimespec.obj...
...failed updating 1 target...
...found 2 targets...
...updating 1 target...
compile-c-c++ C:\Users\izana\Me\School\SP21\Software\ConcurrentSpreadsheet\ConcurrentSpreadsheet\boost\bin.v2\libs\filesystem\config\msvc-14.2\debug\threading-multi\has_stat_st_birthtim.obj
has_stat_st_birthtim.cpp
libs\filesystem\config\has_stat_st_birthtim.cpp(12): fatal error C1083: Cannot open include file: 'unistd.h': No such file or directory

    call "C:\Users\izana\Me\School\SP21\Software\ConcurrentSpreadsheet\ConcurrentSpreadsheet\boost\bin.v2\standalone\msvc\msvc-14.2\msvc-setup.bat"  >nul
 cl /Zm800 -nologo @"C:\Users\izana\Me\School\SP21\Software\ConcurrentSpreadsheet\ConcurrentSpreadsheet\boost\bin.v2\libs\filesystem\config\msvc-14.2\debug\threading-multi\has_stat_st_birthtim.obj.rsp" 

...failed compile-c-c++ C:\Users\izana\Me\School\SP21\Software\ConcurrentSpreadsheet\ConcurrentSpreadsheet\boost\bin.v2\libs\filesystem\config\msvc-14.2\debug\threading-multi\has_stat_st_birthtim.obj...
...failed updating 1 target...
...found 2 targets...
...updating 1 target...
compile-c-c++ C:\Users\izana\Me\School\SP21\Software\ConcurrentSpreadsheet\ConcurrentSpreadsheet\boost\bin.v2\libs\filesystem\config\msvc-14.2\debug\threading-multi\has_stat_st_birthtimensec.obj
has_stat_st_birthtimensec.cpp
libs\filesystem\config\has_stat_st_birthtimensec.cpp(12): fatal error C1083: Cannot open include file: 'unistd.h': No such file or directory

    call "C:\Users\izana\Me\School\SP21\Software\ConcurrentSpreadsheet\ConcurrentSpreadsheet\boost\bin.v2\standalone\msvc\msvc-14.2\msvc-setup.bat"  >nul
 cl /Zm800 -nologo @"C:\Users\izana\Me\School\SP21\Software\ConcurrentSpreadsheet\ConcurrentSpreadsheet\boost\bin.v2\libs\filesystem\config\msvc-14.2\debug\threading-multi\has_stat_st_birthtimensec.obj.rsp" 

...failed compile-c-c++ C:\Users\izana\Me\School\SP21\Software\ConcurrentSpreadsheet\ConcurrentSpreadsheet\boost\bin.v2\libs\filesystem\config\msvc-14.2\debug\threading-multi\has_stat_st_birthtimensec.obj...
...failed updating 1 target...
...found 2 targets...
...updating 1 target...
compile-c-c++ C:\Users\izana\Me\School\SP21\Software\ConcurrentSpreadsheet\ConcurrentSpreadsheet\boost\bin.v2\libs\filesystem\config\msvc-14.2\debug\threading-multi\has_stat_st_birthtimespec.obj
has_stat_st_birthtimespec.cpp
libs\filesystem\config\has_stat_st_birthtimespec.cpp(12): fatal error C1083: Cannot open include file: 'unistd.h': No such file or directory

    call "C:\Users\izana\Me\School\SP21\Software\ConcurrentSpreadsheet\ConcurrentSpreadsheet\boost\bin.v2\standalone\msvc\msvc-14.2\msvc-setup.bat"  >nul
 cl /Zm800 -nologo @"C:\Users\izana\Me\School\SP21\Software\ConcurrentSpreadsheet\ConcurrentSpreadsheet\boost\bin.v2\libs\filesystem\config\msvc-14.2\debug\threading-multi\has_stat_st_birthtimespec.obj.rsp" 

...failed compile-c-c++ C:\Users\izana\Me\School\SP21\Software\ConcurrentSpreadsheet\ConcurrentSpreadsheet\boost\bin.v2\libs\filesystem\config\msvc-14.2\debug\threading-multi\has_stat_st_birthtimespec.obj...
...failed updating 1 target...
...found 3 targets...
...updating 1 target...
compile-c-c++ C:\Users\izana\Me\School\SP21\Software\ConcurrentSpreadsheet\ConcurrentSpreadsheet\boost\bin.v2\libs\filesystem\config\msvc-14.2\debug\threading-multi\has_statx.obj
has_statx.cpp
libs\filesystem\config\has_statx.cpp(12): fatal error C1083: Cannot open include file: 'unistd.h': No such file or directory

    call "C:\Users\izana\Me\School\SP21\Software\ConcurrentSpreadsheet\ConcurrentSpreadsheet\boost\bin.v2\standalone\msvc\msvc-14.2\msvc-setup.bat"  >nul
 cl /Zm800 -nologo @"C:\Users\izana\Me\School\SP21\Software\ConcurrentSpreadsheet\ConcurrentSpreadsheet\boost\bin.v2\libs\filesystem\config\msvc-14.2\debug\threading-multi\has_statx.obj.rsp" 

...failed compile-c-c++ C:\Users\izana\Me\School\SP21\Software\ConcurrentSpreadsheet\ConcurrentSpreadsheet\boost\bin.v2\libs\filesystem\config\msvc-14.2\debug\threading-multi\has_statx.obj...
...failed updating 1 target...
...found 4 targets...
...updating 1 target...
compile-c-c++ C:\Users\izana\Me\School\SP21\Software\ConcurrentSpreadsheet\ConcurrentSpreadsheet\boost\bin.v2\libs\filesystem\config\msvc-14.2\debug\threading-multi\has_statx_syscall.obj
has_statx_syscall.cpp
libs\filesystem\config\has_statx_syscall.cpp(10): fatal error C1083: Cannot open include file: 'sys/syscall.h': No such file or directory

    call "C:\Users\izana\Me\School\SP21\Software\ConcurrentSpreadsheet\ConcurrentSpreadsheet\boost\bin.v2\standalone\msvc\msvc-14.2\msvc-setup.bat"  >nul
 cl /Zm800 -nologo @"C:\Users\izana\Me\School\SP21\Software\ConcurrentSpreadsheet\ConcurrentSpreadsheet\boost\bin.v2\libs\filesystem\config\msvc-14.2\debug\threading-multi\has_statx_syscall.obj.rsp" 

...failed compile-c-c++ C:\Users\izana\Me\School\SP21\Software\ConcurrentSpreadsheet\ConcurrentSpreadsheet\boost\bin.v2\libs\filesystem\config\msvc-14.2\debug\threading-multi\has_statx_syscall.obj...
...failed updating 1 target...
...found 7 targets...
...updating 6 targets...
compile-c-c++ C:\Users\izana\Me\School\SP21\Software\ConcurrentSpreadsheet\ConcurrentSpreadsheet\boost\bin.v2\libs\config\checks\msvc-14.2\debug\threading-multi\cxx11_auto_declarations.obj
test_case.cpp
...updated 6 targets...
...found 1 target...
...updating 1 target...
compile-c-c++ C:\Users\izana\Me\School\SP21\Software\ConcurrentSpreadsheet\ConcurrentSpreadsheet\boost\bin.v2\libs\config\checks\msvc-14.2\debug\threading-multi\cxx11_constexpr.obj
test_case.cpp
...updated 1 target...
...found 1 target...
...updating 1 target...
compile-c-c++ C:\Users\izana\Me\School\SP21\Software\ConcurrentSpreadsheet\ConcurrentSpreadsheet\boost\bin.v2\libs\config\checks\msvc-14.2\debug\threading-multi\cxx11_defaulted_functions.obj
test_case.cpp
...updated 1 target...
...found 1 target...
...updating 1 target...
compile-c-c++ C:\Users\izana\Me\School\SP21\Software\ConcurrentSpreadsheet\ConcurrentSpreadsheet\boost\bin.v2\libs\config\checks\msvc-14.2\debug\threading-multi\cxx11_final.obj
test_case.cpp
...updated 1 target...
...found 1 target...
...updating 1 target...
compile-c-c++ C:\Users\izana\Me\School\SP21\Software\ConcurrentSpreadsheet\ConcurrentSpreadsheet\boost\bin.v2\libs\config\checks\msvc-14.2\debug\threading-multi\cxx11_hdr_mutex.obj
test_case.cpp
...updated 1 target...
...found 1 target...
...updating 1 target...
compile-c-c++ C:\Users\izana\Me\School\SP21\Software\ConcurrentSpreadsheet\ConcurrentSpreadsheet\boost\bin.v2\libs\config\checks\msvc-14.2\debug\threading-multi\cxx11_hdr_tuple.obj
test_case.cpp
...updated 1 target...
...found 1 target...
...updating 1 target...
compile-c-c++ C:\Users\izana\Me\School\SP21\Software\ConcurrentSpreadsheet\ConcurrentSpreadsheet\boost\bin.v2\libs\config\checks\msvc-14.2\debug\threading-multi\cxx11_lambdas.obj
test_case.cpp
...updated 1 target...
...found 1 target...
...updating 1 target...
compile-c-c++ C:\Users\izana\Me\School\SP21\Software\ConcurrentSpreadsheet\ConcurrentSpreadsheet\boost\bin.v2\libs\config\checks\msvc-14.2\debug\threading-multi\cxx11_noexcept.obj
test_case.cpp
...updated 1 target...
...found 1 target...
...updating 1 target...
compile-c-c++ C:\Users\izana\Me\School\SP21\Software\ConcurrentSpreadsheet\ConcurrentSpreadsheet\boost\bin.v2\libs\config\checks\msvc-14.2\debug\threading-multi\cxx11_nullptr.obj
test_case.cpp
...updated 1 target...
...found 1 target...
...updating 1 target...
compile-c-c++ C:\Users\izana\Me\School\SP21\Software\ConcurrentSpreadsheet\ConcurrentSpreadsheet\boost\bin.v2\libs\config\checks\msvc-14.2\debug\threading-multi\cxx11_rvalue_references.obj
test_case.cpp
...updated 1 target...
...found 1 target...
...updating 1 target...
compile-c-c++ C:\Users\izana\Me\School\SP21\Software\ConcurrentSpreadsheet\ConcurrentSpreadsheet\boost\bin.v2\libs\config\checks\msvc-14.2\debug\threading-multi\cxx11_template_aliases.obj
test_case.cpp
...updated 1 target...
...found 1 target...
...updating 1 target...
compile-c-c++ C:\Users\izana\Me\School\SP21\Software\ConcurrentSpreadsheet\ConcurrentSpreadsheet\boost\bin.v2\libs\config\checks\msvc-14.2\debug\threading-multi\cxx11_thread_local.obj
test_case.cpp
...updated 1 target...
...found 1 target...
...updating 1 target...
compile-c-c++ C:\Users\izana\Me\School\SP21\Software\ConcurrentSpreadsheet\ConcurrentSpreadsheet\boost\bin.v2\libs\config\checks\msvc-14.2\debug\threading-multi\cxx11_variadic_templates.obj
test_case.cpp
...updated 1 target...
...found 28 targets...
...updating 8 targets...
compile-c-c++ C:\Users\izana\Me\School\SP21\Software\ConcurrentSpreadsheet\ConcurrentSpreadsheet\boost\bin.v2\libs\regex\build\msvc-14.2\debug\threading-multi\has_icu_test.obj
has_icu_test.cpp
libs\regex\build\has_icu_test.cpp(12): fatal error C1083: Cannot open include file: 'unicode/uversion.h': No such file or directory

    call "C:\Users\izana\Me\School\SP21\Software\ConcurrentSpreadsheet\ConcurrentSpreadsheet\boost\bin.v2\standalone\msvc\msvc-14.2\msvc-setup.bat"  >nul
 cl /Zm800 -nologo @"C:\Users\izana\Me\School\SP21\Software\ConcurrentSpreadsheet\ConcurrentSpreadsheet\boost\bin.v2\libs\regex\build\msvc-14.2\debug\threading-multi\has_icu_test.obj.rsp" 

...failed compile-c-c++ C:\Users\izana\Me\School\SP21\Software\ConcurrentSpreadsheet\ConcurrentSpreadsheet\boost\bin.v2\libs\regex\build\msvc-14.2\debug\threading-multi\has_icu_test.obj...
...skipped <pC:\Users\izana\Me\School\SP21\Software\ConcurrentSpreadsheet\ConcurrentSpreadsheet\boost\bin.v2\libs\regex\build\msvc-14.2\debug\threading-multi>has_icu.exe for lack of <pC:\Users\izana\Me\School\SP21\Software\ConcurrentSpreadsheet\ConcurrentSpreadsheet\boost\bin.v2\libs\regex\build\msvc-14.2\debug\threading-multi>has_icu_test.obj...
...skipped <pC:\Users\izana\Me\School\SP21\Software\ConcurrentSpreadsheet\ConcurrentSpreadsheet\boost\bin.v2\libs\regex\build\msvc-14.2\debug\threading-multi>has_icu.pdb for lack of <pC:\Users\izana\Me\School\SP21\Software\ConcurrentSpreadsheet\ConcurrentSpreadsheet\boost\bin.v2\libs\regex\build\msvc-14.2\debug\threading-multi>has_icu_test.obj...
...failed updating 1 target...
...skipped 2 targets...
...updated 5 targets...
...found 8 targets...
...updating 6 targets...
compile-c-c++ C:\Users\izana\Me\School\SP21\Software\ConcurrentSpreadsheet\ConcurrentSpreadsheet\boost\bin.v2\standalone\ac\msvc-14.2\debug\threading-multi\zlib_h.obj
zlib_h.cpp
C:\Users\izana\Me\School\SP21\Software\ConcurrentSpreadsheet\ConcurrentSpreadsheet\boost\bin.v2\standalone\ac\zlib_h.cpp(1): fatal error C1083: Cannot open include file: 'zlib.h': No such file or directory

    call "C:\Users\izana\Me\School\SP21\Software\ConcurrentSpreadsheet\ConcurrentSpreadsheet\boost\bin.v2\standalone\msvc\msvc-14.2\msvc-setup.bat"  >nul
 cl /Zm800 -nologo @"C:\Users\izana\Me\School\SP21\Software\ConcurrentSpreadsheet\ConcurrentSpreadsheet\boost\bin.v2\standalone\ac\msvc-14.2\debug\threading-multi\zlib_h.obj.rsp" 

...failed compile-c-c++ C:\Users\izana\Me\School\SP21\Software\ConcurrentSpreadsheet\ConcurrentSpreadsheet\boost\bin.v2\standalone\ac\msvc-14.2\debug\threading-multi\zlib_h.obj...
...failed updating 1 target...
...updated 5 targets...
...found 6 targets...
...updating 4 targets...
compile-c-c++ C:\Users\izana\Me\School\SP21\Software\ConcurrentSpreadsheet\ConcurrentSpreadsheet\boost\bin.v2\standalone\ac\msvc-14.2\debug\threading-multi\main-z.obj
main-z.cpp
msvc.link C:\Users\izana\Me\School\SP21\Software\ConcurrentSpreadsheet\ConcurrentSpreadsheet\boost\bin.v2\standalone\ac\msvc-14.2\debug\threading-multi\z.exe
LINK : fatal error LNK1181: cannot open input file 'z.lib'

        call "C:\Users\izana\Me\School\SP21\Software\ConcurrentSpreadsheet\ConcurrentSpreadsheet\boost\bin.v2\standalone\msvc\msvc-14.2\msvc-setup.bat"  >nul
 link /NOLOGO /INCREMENTAL:NO /DEBUG /MACHINE:X86 /MANIFEST:EMBED /subsystem:console /out:"C:\Users\izana\Me\School\SP21\Software\ConcurrentSpreadsheet\ConcurrentSpreadsheet\boost\bin.v2\standalone\ac\msvc-14.2\debug\threading-multi\z.exe"    @"C:\Users\izana\Me\School\SP21\Software\ConcurrentSpreadsheet\ConcurrentSpreadsheet\boost\bin.v2\standalone\ac\msvc-14.2\debug\threading-multi\z.exe.rsp"
    
...failed msvc.link C:\Users\izana\Me\School\SP21\Software\ConcurrentSpreadsheet\ConcurrentSpreadsheet\boost\bin.v2\standalone\ac\msvc-14.2\debug\threading-multi\z.exe C:\Users\izana\Me\School\SP21\Software\ConcurrentSpreadsheet\ConcurrentSpreadsheet\boost\bin.v2\standalone\ac\msvc-14.2\debug\threading-multi\z.pdb...
...failed updating 2 targets...
...updated 2 targets...
...found 6 targets...
...updating 4 targets...
compile-c-c++ C:\Users\izana\Me\School\SP21\Software\ConcurrentSpreadsheet\ConcurrentSpreadsheet\boost\bin.v2\standalone\ac\msvc-14.2\debug\threading-multi\main-zlib.obj
main-zlib.cpp
msvc.link C:\Users\izana\Me\School\SP21\Software\ConcurrentSpreadsheet\ConcurrentSpreadsheet\boost\bin.v2\standalone\ac\msvc-14.2\debug\threading-multi\zlib.exe
LINK : fatal error LNK1181: cannot open input file 'zlib.lib'

        call "C:\Users\izana\Me\School\SP21\Software\ConcurrentSpreadsheet\ConcurrentSpreadsheet\boost\bin.v2\standalone\msvc\msvc-14.2\msvc-setup.bat"  >nul
 link /NOLOGO /INCREMENTAL:NO /DEBUG /MACHINE:X86 /MANIFEST:EMBED /subsystem:console /out:"C:\Users\izana\Me\School\SP21\Software\ConcurrentSpreadsheet\ConcurrentSpreadsheet\boost\bin.v2\standalone\ac\msvc-14.2\debug\threading-multi\zlib.exe"    @"C:\Users\izana\Me\School\SP21\Software\ConcurrentSpreadsheet\ConcurrentSpreadsheet\boost\bin.v2\standalone\ac\msvc-14.2\debug\threading-multi\zlib.exe.rsp"
    
...failed msvc.link C:\Users\izana\Me\School\SP21\Software\ConcurrentSpreadsheet\ConcurrentSpreadsheet\boost\bin.v2\standalone\ac\msvc-14.2\debug\threading-multi\zlib.exe C:\Users\izana\Me\School\SP21\Software\ConcurrentSpreadsheet\ConcurrentSpreadsheet\boost\bin.v2\standalone\ac\msvc-14.2\debug\threading-multi\zlib.pdb...
...failed updating 2 targets...
...updated 2 targets...
...found 6 targets...
...updating 4 targets...
compile-c-c++ C:\Users\izana\Me\School\SP21\Software\ConcurrentSpreadsheet\ConcurrentSpreadsheet\boost\bin.v2\standalone\ac\msvc-14.2\debug\threading-multi\main-zll.obj
main-zll.cpp
msvc.link C:\Users\izana\Me\School\SP21\Software\ConcurrentSpreadsheet\ConcurrentSpreadsheet\boost\bin.v2\standalone\ac\msvc-14.2\debug\threading-multi\zll.exe
LINK : fatal error LNK1181: cannot open input file 'zll.lib'

        call "C:\Users\izana\Me\School\SP21\Software\ConcurrentSpreadsheet\ConcurrentSpreadsheet\boost\bin.v2\standalone\msvc\msvc-14.2\msvc-setup.bat"  >nul
 link /NOLOGO /INCREMENTAL:NO /DEBUG /MACHINE:X86 /MANIFEST:EMBED /subsystem:console /out:"C:\Users\izana\Me\School\SP21\Software\ConcurrentSpreadsheet\ConcurrentSpreadsheet\boost\bin.v2\standalone\ac\msvc-14.2\debug\threading-multi\zll.exe"    @"C:\Users\izana\Me\School\SP21\Software\ConcurrentSpreadsheet\ConcurrentSpreadsheet\boost\bin.v2\standalone\ac\msvc-14.2\debug\threading-multi\zll.exe.rsp"
    
...failed msvc.link C:\Users\izana\Me\School\SP21\Software\ConcurrentSpreadsheet\ConcurrentSpreadsheet\boost\bin.v2\standalone\ac\msvc-14.2\debug\threading-multi\zll.exe C:\Users\izana\Me\School\SP21\Software\ConcurrentSpreadsheet\ConcurrentSpreadsheet\boost\bin.v2\standalone\ac\msvc-14.2\debug\threading-multi\zll.pdb...
...failed updating 2 targets...
...updated 2 targets...
...found 6 targets...
...updating 4 targets...
compile-c-c++ C:\Users\izana\Me\School\SP21\Software\ConcurrentSpreadsheet\ConcurrentSpreadsheet\boost\bin.v2\standalone\ac\msvc-14.2\debug\threading-multi\main-zdll.obj
main-zdll.cpp
msvc.link C:\Users\izana\Me\School\SP21\Software\ConcurrentSpreadsheet\ConcurrentSpreadsheet\boost\bin.v2\standalone\ac\msvc-14.2\debug\threading-multi\zdll.exe
LINK : fatal error LNK1181: cannot open input file 'zdll.lib'

        call "C:\Users\izana\Me\School\SP21\Software\ConcurrentSpreadsheet\ConcurrentSpreadsheet\boost\bin.v2\standalone\msvc\msvc-14.2\msvc-setup.bat"  >nul
 link /NOLOGO /INCREMENTAL:NO /DEBUG /MACHINE:X86 /MANIFEST:EMBED /subsystem:console /out:"C:\Users\izana\Me\School\SP21\Software\ConcurrentSpreadsheet\ConcurrentSpreadsheet\boost\bin.v2\standalone\ac\msvc-14.2\debug\threading-multi\zdll.exe"    @"C:\Users\izana\Me\School\SP21\Software\ConcurrentSpreadsheet\ConcurrentSpreadsheet\boost\bin.v2\standalone\ac\msvc-14.2\debug\threading-multi\zdll.exe.rsp"
    
...failed msvc.link C:\Users\izana\Me\School\SP21\Software\ConcurrentSpreadsheet\ConcurrentSpreadsheet\boost\bin.v2\standalone\ac\msvc-14.2\debug\threading-multi\zdll.exe C:\Users\izana\Me\School\SP21\Software\ConcurrentSpreadsheet\ConcurrentSpreadsheet\boost\bin.v2\standalone\ac\msvc-14.2\debug\threading-multi\zdll.pdb...
...failed updating 2 targets...
...updated 2 targets...
...found 5 targets...
...updating 5 targets...
compile-c-c++ C:\Users\izana\Me\School\SP21\Software\ConcurrentSpreadsheet\ConcurrentSpreadsheet\boost\bin.v2\standalone\ac\msvc-14.2\debug\link-static\threading-multi\main-z.obj
main-z.cpp
msvc.link C:\Users\izana\Me\School\SP21\Software\ConcurrentSpreadsheet\ConcurrentSpreadsheet\boost\bin.v2\standalone\ac\msvc-14.2\debug\link-static\threading-multi\z.exe
LINK : fatal error LNK1181: cannot open input file 'z.lib'

        call "C:\Users\izana\Me\School\SP21\Software\ConcurrentSpreadsheet\ConcurrentSpreadsheet\boost\bin.v2\standalone\msvc\msvc-14.2\msvc-setup.bat"  >nul
 link /NOLOGO /INCREMENTAL:NO /DEBUG /MACHINE:X86 /MANIFEST:EMBED /subsystem:console /out:"C:\Users\izana\Me\School\SP21\Software\ConcurrentSpreadsheet\ConcurrentSpreadsheet\boost\bin.v2\standalone\ac\msvc-14.2\debug\link-static\threading-multi\z.exe"    @"C:\Users\izana\Me\School\SP21\Software\ConcurrentSpreadsheet\ConcurrentSpreadsheet\boost\bin.v2\standalone\ac\msvc-14.2\debug\link-static\threading-multi\z.exe.rsp"
    
...failed msvc.link C:\Users\izana\Me\School\SP21\Software\ConcurrentSpreadsheet\ConcurrentSpreadsheet\boost\bin.v2\standalone\ac\msvc-14.2\debug\link-static\threading-multi\z.exe C:\Users\izana\Me\School\SP21\Software\ConcurrentSpreadsheet\ConcurrentSpreadsheet\boost\bin.v2\standalone\ac\msvc-14.2\debug\link-static\threading-multi\z.pdb...
...failed updating 2 targets...
...updated 3 targets...
...found 3 targets...
...updating 3 targets...
compile-c-c++ C:\Users\izana\Me\School\SP21\Software\ConcurrentSpreadsheet\ConcurrentSpreadsheet\boost\bin.v2\standalone\ac\msvc-14.2\debug\link-static\threading-multi\main-zlib.obj
main-zlib.cpp
msvc.link C:\Users\izana\Me\School\SP21\Software\ConcurrentSpreadsheet\ConcurrentSpreadsheet\boost\bin.v2\standalone\ac\msvc-14.2\debug\link-static\threading-multi\zlib.exe
LINK : fatal error LNK1181: cannot open input file 'zlib.lib'

        call "C:\Users\izana\Me\School\SP21\Software\ConcurrentSpreadsheet\ConcurrentSpreadsheet\boost\bin.v2\standalone\msvc\msvc-14.2\msvc-setup.bat"  >nul
 link /NOLOGO /INCREMENTAL:NO /DEBUG /MACHINE:X86 /MANIFEST:EMBED /subsystem:console /out:"C:\Users\izana\Me\School\SP21\Software\ConcurrentSpreadsheet\ConcurrentSpreadsheet\boost\bin.v2\standalone\ac\msvc-14.2\debug\link-static\threading-multi\zlib.exe"    @"C:\Users\izana\Me\School\SP21\Software\ConcurrentSpreadsheet\ConcurrentSpreadsheet\boost\bin.v2\standalone\ac\msvc-14.2\debug\link-static\threading-multi\zlib.exe.rsp"
    
...failed msvc.link C:\Users\izana\Me\School\SP21\Software\ConcurrentSpreadsheet\ConcurrentSpreadsheet\boost\bin.v2\standalone\ac\msvc-14.2\debug\link-static\threading-multi\zlib.exe C:\Users\izana\Me\School\SP21\Software\ConcurrentSpreadsheet\ConcurrentSpreadsheet\boost\bin.v2\standalone\ac\msvc-14.2\debug\link-static\threading-multi\zlib.pdb...
...failed updating 2 targets...
...updated 1 target...
...found 3 targets...
...updating 3 targets...
compile-c-c++ C:\Users\izana\Me\School\SP21\Software\ConcurrentSpreadsheet\ConcurrentSpreadsheet\boost\bin.v2\standalone\ac\msvc-14.2\debug\link-static\threading-multi\main-zll.obj
main-zll.cpp
msvc.link C:\Users\izana\Me\School\SP21\Software\ConcurrentSpreadsheet\ConcurrentSpreadsheet\boost\bin.v2\standalone\ac\msvc-14.2\debug\link-static\threading-multi\zll.exe
LINK : fatal error LNK1181: cannot open input file 'zll.lib'

        call "C:\Users\izana\Me\School\SP21\Software\ConcurrentSpreadsheet\ConcurrentSpreadsheet\boost\bin.v2\standalone\msvc\msvc-14.2\msvc-setup.bat"  >nul
 link /NOLOGO /INCREMENTAL:NO /DEBUG /MACHINE:X86 /MANIFEST:EMBED /subsystem:console /out:"C:\Users\izana\Me\School\SP21\Software\ConcurrentSpreadsheet\ConcurrentSpreadsheet\boost\bin.v2\standalone\ac\msvc-14.2\debug\link-static\threading-multi\zll.exe"    @"C:\Users\izana\Me\School\SP21\Software\ConcurrentSpreadsheet\ConcurrentSpreadsheet\boost\bin.v2\standalone\ac\msvc-14.2\debug\link-static\threading-multi\zll.exe.rsp"
    
...failed msvc.link C:\Users\izana\Me\School\SP21\Software\ConcurrentSpreadsheet\ConcurrentSpreadsheet\boost\bin.v2\standalone\ac\msvc-14.2\debug\link-static\threading-multi\zll.exe C:\Users\izana\Me\School\SP21\Software\ConcurrentSpreadsheet\ConcurrentSpreadsheet\boost\bin.v2\standalone\ac\msvc-14.2\debug\link-static\threading-multi\zll.pdb...
...failed updating 2 targets...
...updated 1 target...
...found 3 targets...
...updating 3 targets...
compile-c-c++ C:\Users\izana\Me\School\SP21\Software\ConcurrentSpreadsheet\ConcurrentSpreadsheet\boost\bin.v2\standalone\ac\msvc-14.2\debug\link-static\threading-multi\main-zdll.obj
main-zdll.cpp
msvc.link C:\Users\izana\Me\School\SP21\Software\ConcurrentSpreadsheet\ConcurrentSpreadsheet\boost\bin.v2\standalone\ac\msvc-14.2\debug\link-static\threading-multi\zdll.exe
LINK : fatal error LNK1181: cannot open input file 'zdll.lib'

        call "C:\Users\izana\Me\School\SP21\Software\ConcurrentSpreadsheet\ConcurrentSpreadsheet\boost\bin.v2\standalone\msvc\msvc-14.2\msvc-setup.bat"  >nul
 link /NOLOGO /INCREMENTAL:NO /DEBUG /MACHINE:X86 /MANIFEST:EMBED /subsystem:console /out:"C:\Users\izana\Me\School\SP21\Software\ConcurrentSpreadsheet\ConcurrentSpreadsheet\boost\bin.v2\standalone\ac\msvc-14.2\debug\link-static\threading-multi\zdll.exe"    @"C:\Users\izana\Me\School\SP21\Software\ConcurrentSpreadsheet\ConcurrentSpreadsheet\boost\bin.v2\standalone\ac\msvc-14.2\debug\link-static\threading-multi\zdll.exe.rsp"
    
...failed msvc.link C:\Users\izana\Me\School\SP21\Software\ConcurrentSpreadsheet\ConcurrentSpreadsheet\boost\bin.v2\standalone\ac\msvc-14.2\debug\link-static\threading-multi\zdll.exe C:\Users\izana\Me\School\SP21\Software\ConcurrentSpreadsheet\ConcurrentSpreadsheet\boost\bin.v2\standalone\ac\msvc-14.2\debug\link-static\threading-multi\zdll.pdb...
...failed updating 2 targets...
...updated 1 target...
...found 4 targets...
...updating 2 targets...
compile-c-c++ C:\Users\izana\Me\School\SP21\Software\ConcurrentSpreadsheet\ConcurrentSpreadsheet\boost\bin.v2\standalone\ac\msvc-14.2\debug\threading-multi\bzlib_h.obj
bzlib_h.cpp
C:\Users\izana\Me\School\SP21\Software\ConcurrentSpreadsheet\ConcurrentSpreadsheet\boost\bin.v2\standalone\ac\bzlib_h.cpp(1): fatal error C1083: Cannot open include file: 'bzlib.h': No such file or directory

    call "C:\Users\izana\Me\School\SP21\Software\ConcurrentSpreadsheet\ConcurrentSpreadsheet\boost\bin.v2\standalone\msvc\msvc-14.2\msvc-setup.bat"  >nul
 cl /Zm800 -nologo @"C:\Users\izana\Me\School\SP21\Software\ConcurrentSpreadsheet\ConcurrentSpreadsheet\boost\bin.v2\standalone\ac\msvc-14.2\debug\threading-multi\bzlib_h.obj.rsp" 

...failed compile-c-c++ C:\Users\izana\Me\School\SP21\Software\ConcurrentSpreadsheet\ConcurrentSpreadsheet\boost\bin.v2\standalone\ac\msvc-14.2\debug\threading-multi\bzlib_h.obj...
...failed updating 1 target...
...updated 1 target...
...found 6 targets...
...updating 4 targets...
compile-c-c++ C:\Users\izana\Me\School\SP21\Software\ConcurrentSpreadsheet\ConcurrentSpreadsheet\boost\bin.v2\standalone\ac\msvc-14.2\debug\threading-multi\main-bz2.obj
main-bz2.cpp
msvc.link C:\Users\izana\Me\School\SP21\Software\ConcurrentSpreadsheet\ConcurrentSpreadsheet\boost\bin.v2\standalone\ac\msvc-14.2\debug\threading-multi\bz2.exe
LINK : fatal error LNK1181: cannot open input file 'bz2.lib'

        call "C:\Users\izana\Me\School\SP21\Software\ConcurrentSpreadsheet\ConcurrentSpreadsheet\boost\bin.v2\standalone\msvc\msvc-14.2\msvc-setup.bat"  >nul
 link /NOLOGO /INCREMENTAL:NO /DEBUG /MACHINE:X86 /MANIFEST:EMBED /subsystem:console /out:"C:\Users\izana\Me\School\SP21\Software\ConcurrentSpreadsheet\ConcurrentSpreadsheet\boost\bin.v2\standalone\ac\msvc-14.2\debug\threading-multi\bz2.exe"    @"C:\Users\izana\Me\School\SP21\Software\ConcurrentSpreadsheet\ConcurrentSpreadsheet\boost\bin.v2\standalone\ac\msvc-14.2\debug\threading-multi\bz2.exe.rsp"
    
...failed msvc.link C:\Users\izana\Me\School\SP21\Software\ConcurrentSpreadsheet\ConcurrentSpreadsheet\boost\bin.v2\standalone\ac\msvc-14.2\debug\threading-multi\bz2.exe C:\Users\izana\Me\School\SP21\Software\ConcurrentSpreadsheet\ConcurrentSpreadsheet\boost\bin.v2\standalone\ac\msvc-14.2\debug\threading-multi\bz2.pdb...
...failed updating 2 targets...
...updated 2 targets...
...found 3 targets...
...updating 3 targets...
compile-c-c++ C:\Users\izana\Me\School\SP21\Software\ConcurrentSpreadsheet\ConcurrentSpreadsheet\boost\bin.v2\standalone\ac\msvc-14.2\debug\link-static\threading-multi\main-bz2.obj
main-bz2.cpp
msvc.link C:\Users\izana\Me\School\SP21\Software\ConcurrentSpreadsheet\ConcurrentSpreadsheet\boost\bin.v2\standalone\ac\msvc-14.2\debug\link-static\threading-multi\bz2.exe
LINK : fatal error LNK1181: cannot open input file 'bz2.lib'

        call "C:\Users\izana\Me\School\SP21\Software\ConcurrentSpreadsheet\ConcurrentSpreadsheet\boost\bin.v2\standalone\msvc\msvc-14.2\msvc-setup.bat"  >nul
 link /NOLOGO /INCREMENTAL:NO /DEBUG /MACHINE:X86 /MANIFEST:EMBED /subsystem:console /out:"C:\Users\izana\Me\School\SP21\Software\ConcurrentSpreadsheet\ConcurrentSpreadsheet\boost\bin.v2\standalone\ac\msvc-14.2\debug\link-static\threading-multi\bz2.exe"    @"C:\Users\izana\Me\School\SP21\Software\ConcurrentSpreadsheet\ConcurrentSpreadsheet\boost\bin.v2\standalone\ac\msvc-14.2\debug\link-static\threading-multi\bz2.exe.rsp"
    
...failed msvc.link C:\Users\izana\Me\School\SP21\Software\ConcurrentSpreadsheet\ConcurrentSpreadsheet\boost\bin.v2\standalone\ac\msvc-14.2\debug\link-static\threading-multi\bz2.exe C:\Users\izana\Me\School\SP21\Software\ConcurrentSpreadsheet\ConcurrentSpreadsheet\boost\bin.v2\standalone\ac\msvc-14.2\debug\link-static\threading-multi\bz2.pdb...
...failed updating 2 targets...
...updated 1 target...
...found 4 targets...
...updating 2 targets...
compile-c-c++ C:\Users\izana\Me\School\SP21\Software\ConcurrentSpreadsheet\ConcurrentSpreadsheet\boost\bin.v2\standalone\ac\msvc-14.2\debug\threading-multi\lzma_h.obj
lzma_h.cpp
C:\Users\izana\Me\School\SP21\Software\ConcurrentSpreadsheet\ConcurrentSpreadsheet\boost\bin.v2\standalone\ac\lzma_h.cpp(1): fatal error C1083: Cannot open include file: 'lzma.h': No such file or directory

    call "C:\Users\izana\Me\School\SP21\Software\ConcurrentSpreadsheet\ConcurrentSpreadsheet\boost\bin.v2\standalone\msvc\msvc-14.2\msvc-setup.bat"  >nul
 cl /Zm800 -nologo @"C:\Users\izana\Me\School\SP21\Software\ConcurrentSpreadsheet\ConcurrentSpreadsheet\boost\bin.v2\standalone\ac\msvc-14.2\debug\threading-multi\lzma_h.obj.rsp" 

...failed compile-c-c++ C:\Users\izana\Me\School\SP21\Software\ConcurrentSpreadsheet\ConcurrentSpreadsheet\boost\bin.v2\standalone\ac\msvc-14.2\debug\threading-multi\lzma_h.obj...
...failed updating 1 target...
...updated 1 target...
...found 6 targets...
...updating 4 targets...
compile-c-c++ C:\Users\izana\Me\School\SP21\Software\ConcurrentSpreadsheet\ConcurrentSpreadsheet\boost\bin.v2\standalone\ac\msvc-14.2\debug\threading-multi\main-lzma.obj
main-lzma.cpp
msvc.link C:\Users\izana\Me\School\SP21\Software\ConcurrentSpreadsheet\ConcurrentSpreadsheet\boost\bin.v2\standalone\ac\msvc-14.2\debug\threading-multi\lzma.exe
LINK : fatal error LNK1181: cannot open input file 'lzma.lib'

        call "C:\Users\izana\Me\School\SP21\Software\ConcurrentSpreadsheet\ConcurrentSpreadsheet\boost\bin.v2\standalone\msvc\msvc-14.2\msvc-setup.bat"  >nul
 link /NOLOGO /INCREMENTAL:NO /DEBUG /MACHINE:X86 /MANIFEST:EMBED /subsystem:console /out:"C:\Users\izana\Me\School\SP21\Software\ConcurrentSpreadsheet\ConcurrentSpreadsheet\boost\bin.v2\standalone\ac\msvc-14.2\debug\threading-multi\lzma.exe"    @"C:\Users\izana\Me\School\SP21\Software\ConcurrentSpreadsheet\ConcurrentSpreadsheet\boost\bin.v2\standalone\ac\msvc-14.2\debug\threading-multi\lzma.exe.rsp"
    
...failed msvc.link C:\Users\izana\Me\School\SP21\Software\ConcurrentSpreadsheet\ConcurrentSpreadsheet\boost\bin.v2\standalone\ac\msvc-14.2\debug\threading-multi\lzma.exe C:\Users\izana\Me\School\SP21\Software\ConcurrentSpreadsheet\ConcurrentSpreadsheet\boost\bin.v2\standalone\ac\msvc-14.2\debug\threading-multi\lzma.pdb...
...failed updating 2 targets...
...updated 2 targets...
...found 6 targets...
...updating 4 targets...
compile-c-c++ C:\Users\izana\Me\School\SP21\Software\ConcurrentSpreadsheet\ConcurrentSpreadsheet\boost\bin.v2\standalone\ac\msvc-14.2\debug\threading-multi\main-liblzma.obj
main-liblzma.cpp
msvc.link C:\Users\izana\Me\School\SP21\Software\ConcurrentSpreadsheet\ConcurrentSpreadsheet\boost\bin.v2\standalone\ac\msvc-14.2\debug\threading-multi\liblzma.exe
LINK : fatal error LNK1181: cannot open input file 'liblzma.lib'

        call "C:\Users\izana\Me\School\SP21\Software\ConcurrentSpreadsheet\ConcurrentSpreadsheet\boost\bin.v2\standalone\msvc\msvc-14.2\msvc-setup.bat"  >nul
 link /NOLOGO /INCREMENTAL:NO /DEBUG /MACHINE:X86 /MANIFEST:EMBED /subsystem:console /out:"C:\Users\izana\Me\School\SP21\Software\ConcurrentSpreadsheet\ConcurrentSpreadsheet\boost\bin.v2\standalone\ac\msvc-14.2\debug\threading-multi\liblzma.exe"    @"C:\Users\izana\Me\School\SP21\Software\ConcurrentSpreadsheet\ConcurrentSpreadsheet\boost\bin.v2\standalone\ac\msvc-14.2\debug\threading-multi\liblzma.exe.rsp"
    
...failed msvc.link C:\Users\izana\Me\School\SP21\Software\ConcurrentSpreadsheet\ConcurrentSpreadsheet\boost\bin.v2\standalone\ac\msvc-14.2\debug\threading-multi\liblzma.exe C:\Users\izana\Me\School\SP21\Software\ConcurrentSpreadsheet\ConcurrentSpreadsheet\boost\bin.v2\standalone\ac\msvc-14.2\debug\threading-multi\liblzma.pdb...
...failed updating 2 targets...
...updated 2 targets...
...found 3 targets...
...updating 3 targets...
compile-c-c++ C:\Users\izana\Me\School\SP21\Software\ConcurrentSpreadsheet\ConcurrentSpreadsheet\boost\bin.v2\standalone\ac\msvc-14.2\debug\link-static\threading-multi\main-lzma.obj
main-lzma.cpp
msvc.link C:\Users\izana\Me\School\SP21\Software\ConcurrentSpreadsheet\ConcurrentSpreadsheet\boost\bin.v2\standalone\ac\msvc-14.2\debug\link-static\threading-multi\lzma.exe
LINK : fatal error LNK1181: cannot open input file 'lzma.lib'

        call "C:\Users\izana\Me\School\SP21\Software\ConcurrentSpreadsheet\ConcurrentSpreadsheet\boost\bin.v2\standalone\msvc\msvc-14.2\msvc-setup.bat"  >nul
 link /NOLOGO /INCREMENTAL:NO /DEBUG /MACHINE:X86 /MANIFEST:EMBED /subsystem:console /out:"C:\Users\izana\Me\School\SP21\Software\ConcurrentSpreadsheet\ConcurrentSpreadsheet\boost\bin.v2\standalone\ac\msvc-14.2\debug\link-static\threading-multi\lzma.exe"    @"C:\Users\izana\Me\School\SP21\Software\ConcurrentSpreadsheet\ConcurrentSpreadsheet\boost\bin.v2\standalone\ac\msvc-14.2\debug\link-static\threading-multi\lzma.exe.rsp"
    
...failed msvc.link C:\Users\izana\Me\School\SP21\Software\ConcurrentSpreadsheet\ConcurrentSpreadsheet\boost\bin.v2\standalone\ac\msvc-14.2\debug\link-static\threading-multi\lzma.exe C:\Users\izana\Me\School\SP21\Software\ConcurrentSpreadsheet\ConcurrentSpreadsheet\boost\bin.v2\standalone\ac\msvc-14.2\debug\link-static\threading-multi\lzma.pdb...
...failed updating 2 targets...
...updated 1 target...
...found 3 targets...
...updating 3 targets...
compile-c-c++ C:\Users\izana\Me\School\SP21\Software\ConcurrentSpreadsheet\ConcurrentSpreadsheet\boost\bin.v2\standalone\ac\msvc-14.2\debug\link-static\threading-multi\main-liblzma.obj
main-liblzma.cpp
msvc.link C:\Users\izana\Me\School\SP21\Software\ConcurrentSpreadsheet\ConcurrentSpreadsheet\boost\bin.v2\standalone\ac\msvc-14.2\debug\link-static\threading-multi\liblzma.exe
LINK : fatal error LNK1181: cannot open input file 'liblzma.lib'

        call "C:\Users\izana\Me\School\SP21\Software\ConcurrentSpreadsheet\ConcurrentSpreadsheet\boost\bin.v2\standalone\msvc\msvc-14.2\msvc-setup.bat"  >nul
 link /NOLOGO /INCREMENTAL:NO /DEBUG /MACHINE:X86 /MANIFEST:EMBED /subsystem:console /out:"C:\Users\izana\Me\School\SP21\Software\ConcurrentSpreadsheet\ConcurrentSpreadsheet\boost\bin.v2\standalone\ac\msvc-14.2\debug\link-static\threading-multi\liblzma.exe"    @"C:\Users\izana\Me\School\SP21\Software\ConcurrentSpreadsheet\ConcurrentSpreadsheet\boost\bin.v2\standalone\ac\msvc-14.2\debug\link-static\threading-multi\liblzma.exe.rsp"
    
...failed msvc.link C:\Users\izana\Me\School\SP21\Software\ConcurrentSpreadsheet\ConcurrentSpreadsheet\boost\bin.v2\standalone\ac\msvc-14.2\debug\link-static\threading-multi\liblzma.exe C:\Users\izana\Me\School\SP21\Software\ConcurrentSpreadsheet\ConcurrentSpreadsheet\boost\bin.v2\standalone\ac\msvc-14.2\debug\link-static\threading-multi\liblzma.pdb...
...failed updating 2 targets...
...updated 1 target...
...found 4 targets...
...updating 2 targets...
compile-c-c++ C:\Users\izana\Me\School\SP21\Software\ConcurrentSpreadsheet\ConcurrentSpreadsheet\boost\bin.v2\standalone\ac\msvc-14.2\debug\threading-multi\zstd_h.obj
zstd_h.cpp
C:\Users\izana\Me\School\SP21\Software\ConcurrentSpreadsheet\ConcurrentSpreadsheet\boost\bin.v2\standalone\ac\zstd_h.cpp(1): fatal error C1083: Cannot open include file: 'zstd.h': No such file or directory

    call "C:\Users\izana\Me\School\SP21\Software\ConcurrentSpreadsheet\ConcurrentSpreadsheet\boost\bin.v2\standalone\msvc\msvc-14.2\msvc-setup.bat"  >nul
 cl /Zm800 -nologo @"C:\Users\izana\Me\School\SP21\Software\ConcurrentSpreadsheet\ConcurrentSpreadsheet\boost\bin.v2\standalone\ac\msvc-14.2\debug\threading-multi\zstd_h.obj.rsp" 

...failed compile-c-c++ C:\Users\izana\Me\School\SP21\Software\ConcurrentSpreadsheet\ConcurrentSpreadsheet\boost\bin.v2\standalone\ac\msvc-14.2\debug\threading-multi\zstd_h.obj...
...failed updating 1 target...
...updated 1 target...
...found 6 targets...
...updating 4 targets...
compile-c-c++ C:\Users\izana\Me\School\SP21\Software\ConcurrentSpreadsheet\ConcurrentSpreadsheet\boost\bin.v2\standalone\ac\msvc-14.2\debug\threading-multi\main-zstd.obj
main-zstd.cpp
msvc.link C:\Users\izana\Me\School\SP21\Software\ConcurrentSpreadsheet\ConcurrentSpreadsheet\boost\bin.v2\standalone\ac\msvc-14.2\debug\threading-multi\zstd.exe
LINK : fatal error LNK1181: cannot open input file 'zstd.lib'

        call "C:\Users\izana\Me\School\SP21\Software\ConcurrentSpreadsheet\ConcurrentSpreadsheet\boost\bin.v2\standalone\msvc\msvc-14.2\msvc-setup.bat"  >nul
 link /NOLOGO /INCREMENTAL:NO /DEBUG /MACHINE:X86 /MANIFEST:EMBED /subsystem:console /out:"C:\Users\izana\Me\School\SP21\Software\ConcurrentSpreadsheet\ConcurrentSpreadsheet\boost\bin.v2\standalone\ac\msvc-14.2\debug\threading-multi\zstd.exe"    @"C:\Users\izana\Me\School\SP21\Software\ConcurrentSpreadsheet\ConcurrentSpreadsheet\boost\bin.v2\standalone\ac\msvc-14.2\debug\threading-multi\zstd.exe.rsp"
    
...failed msvc.link C:\Users\izana\Me\School\SP21\Software\ConcurrentSpreadsheet\ConcurrentSpreadsheet\boost\bin.v2\standalone\ac\msvc-14.2\debug\threading-multi\zstd.exe C:\Users\izana\Me\School\SP21\Software\ConcurrentSpreadsheet\ConcurrentSpreadsheet\boost\bin.v2\standalone\ac\msvc-14.2\debug\threading-multi\zstd.pdb...
...failed updating 2 targets...
...updated 2 targets...
...found 6 targets...
...updating 4 targets...
compile-c-c++ C:\Users\izana\Me\School\SP21\Software\ConcurrentSpreadsheet\ConcurrentSpreadsheet\boost\bin.v2\standalone\ac\msvc-14.2\debug\threading-multi\main-zstd_static.obj
main-zstd_static.cpp
msvc.link C:\Users\izana\Me\School\SP21\Software\ConcurrentSpreadsheet\ConcurrentSpreadsheet\boost\bin.v2\standalone\ac\msvc-14.2\debug\threading-multi\zstd_static.exe
LINK : fatal error LNK1181: cannot open input file 'zstd_static.lib'

        call "C:\Users\izana\Me\School\SP21\Software\ConcurrentSpreadsheet\ConcurrentSpreadsheet\boost\bin.v2\standalone\msvc\msvc-14.2\msvc-setup.bat"  >nul
 link /NOLOGO /INCREMENTAL:NO /DEBUG /MACHINE:X86 /MANIFEST:EMBED /subsystem:console /out:"C:\Users\izana\Me\School\SP21\Software\ConcurrentSpreadsheet\ConcurrentSpreadsheet\boost\bin.v2\standalone\ac\msvc-14.2\debug\threading-multi\zstd_static.exe"    @"C:\Users\izana\Me\School\SP21\Software\ConcurrentSpreadsheet\ConcurrentSpreadsheet\boost\bin.v2\standalone\ac\msvc-14.2\debug\threading-multi\zstd_static.exe.rsp"
    
...failed msvc.link C:\Users\izana\Me\School\SP21\Software\ConcurrentSpreadsheet\ConcurrentSpreadsheet\boost\bin.v2\standalone\ac\msvc-14.2\debug\threading-multi\zstd_static.exe C:\Users\izana\Me\School\SP21\Software\ConcurrentSpreadsheet\ConcurrentSpreadsheet\boost\bin.v2\standalone\ac\msvc-14.2\debug\threading-multi\zstd_static.pdb...
...failed updating 2 targets...
...updated 2 targets...
...found 6 targets...
...updating 4 targets...
compile-c-c++ C:\Users\izana\Me\School\SP21\Software\ConcurrentSpreadsheet\ConcurrentSpreadsheet\boost\bin.v2\standalone\ac\msvc-14.2\debug\threading-multi\main-libzstd.obj
main-libzstd.cpp
msvc.link C:\Users\izana\Me\School\SP21\Software\ConcurrentSpreadsheet\ConcurrentSpreadsheet\boost\bin.v2\standalone\ac\msvc-14.2\debug\threading-multi\libzstd.exe
LINK : fatal error LNK1181: cannot open input file 'libzstd.lib'

        call "C:\Users\izana\Me\School\SP21\Software\ConcurrentSpreadsheet\ConcurrentSpreadsheet\boost\bin.v2\standalone\msvc\msvc-14.2\msvc-setup.bat"  >nul
 link /NOLOGO /INCREMENTAL:NO /DEBUG /MACHINE:X86 /MANIFEST:EMBED /subsystem:console /out:"C:\Users\izana\Me\School\SP21\Software\ConcurrentSpreadsheet\ConcurrentSpreadsheet\boost\bin.v2\standalone\ac\msvc-14.2\debug\threading-multi\libzstd.exe"    @"C:\Users\izana\Me\School\SP21\Software\ConcurrentSpreadsheet\ConcurrentSpreadsheet\boost\bin.v2\standalone\ac\msvc-14.2\debug\threading-multi\libzstd.exe.rsp"
    
...failed msvc.link C:\Users\izana\Me\School\SP21\Software\ConcurrentSpreadsheet\ConcurrentSpreadsheet\boost\bin.v2\standalone\ac\msvc-14.2\debug\threading-multi\libzstd.exe C:\Users\izana\Me\School\SP21\Software\ConcurrentSpreadsheet\ConcurrentSpreadsheet\boost\bin.v2\standalone\ac\msvc-14.2\debug\threading-multi\libzstd.pdb...
...failed updating 2 targets...
...updated 2 targets...
...found 6 targets...
...updating 4 targets...
compile-c-c++ C:\Users\izana\Me\School\SP21\Software\ConcurrentSpreadsheet\ConcurrentSpreadsheet\boost\bin.v2\standalone\ac\msvc-14.2\debug\threading-multi\main-libzstd_static.obj
main-libzstd_static.cpp
msvc.link C:\Users\izana\Me\School\SP21\Software\ConcurrentSpreadsheet\ConcurrentSpreadsheet\boost\bin.v2\standalone\ac\msvc-14.2\debug\threading-multi\libzstd_static.exe
LINK : fatal error LNK1181: cannot open input file 'libzstd_static.lib'

        call "C:\Users\izana\Me\School\SP21\Software\ConcurrentSpreadsheet\ConcurrentSpreadsheet\boost\bin.v2\standalone\msvc\msvc-14.2\msvc-setup.bat"  >nul
 link /NOLOGO /INCREMENTAL:NO /DEBUG /MACHINE:X86 /MANIFEST:EMBED /subsystem:console /out:"C:\Users\izana\Me\School\SP21\Software\ConcurrentSpreadsheet\ConcurrentSpreadsheet\boost\bin.v2\standalone\ac\msvc-14.2\debug\threading-multi\libzstd_static.exe"    @"C:\Users\izana\Me\School\SP21\Software\ConcurrentSpreadsheet\ConcurrentSpreadsheet\boost\bin.v2\standalone\ac\msvc-14.2\debug\threading-multi\libzstd_static.exe.rsp"
    
...failed msvc.link C:\Users\izana\Me\School\SP21\Software\ConcurrentSpreadsheet\ConcurrentSpreadsheet\boost\bin.v2\standalone\ac\msvc-14.2\debug\threading-multi\libzstd_static.exe C:\Users\izana\Me\School\SP21\Software\ConcurrentSpreadsheet\ConcurrentSpreadsheet\boost\bin.v2\standalone\ac\msvc-14.2\debug\threading-multi\libzstd_static.pdb...
...failed updating 2 targets...
...updated 2 targets...
...found 3 targets...
...updating 3 targets...
compile-c-c++ C:\Users\izana\Me\School\SP21\Software\ConcurrentSpreadsheet\ConcurrentSpreadsheet\boost\bin.v2\standalone\ac\msvc-14.2\debug\link-static\threading-multi\main-zstd.obj
main-zstd.cpp
msvc.link C:\Users\izana\Me\School\SP21\Software\ConcurrentSpreadsheet\ConcurrentSpreadsheet\boost\bin.v2\standalone\ac\msvc-14.2\debug\link-static\threading-multi\zstd.exe
LINK : fatal error LNK1181: cannot open input file 'zstd.lib'

        call "C:\Users\izana\Me\School\SP21\Software\ConcurrentSpreadsheet\ConcurrentSpreadsheet\boost\bin.v2\standalone\msvc\msvc-14.2\msvc-setup.bat"  >nul
 link /NOLOGO /INCREMENTAL:NO /DEBUG /MACHINE:X86 /MANIFEST:EMBED /subsystem:console /out:"C:\Users\izana\Me\School\SP21\Software\ConcurrentSpreadsheet\ConcurrentSpreadsheet\boost\bin.v2\standalone\ac\msvc-14.2\debug\link-static\threading-multi\zstd.exe"    @"C:\Users\izana\Me\School\SP21\Software\ConcurrentSpreadsheet\ConcurrentSpreadsheet\boost\bin.v2\standalone\ac\msvc-14.2\debug\link-static\threading-multi\zstd.exe.rsp"
    
...failed msvc.link C:\Users\izana\Me\School\SP21\Software\ConcurrentSpreadsheet\ConcurrentSpreadsheet\boost\bin.v2\standalone\ac\msvc-14.2\debug\link-static\threading-multi\zstd.exe C:\Users\izana\Me\School\SP21\Software\ConcurrentSpreadsheet\ConcurrentSpreadsheet\boost\bin.v2\standalone\ac\msvc-14.2\debug\link-static\threading-multi\zstd.pdb...
...failed updating 2 targets...
...updated 1 target...
...found 3 targets...
...updating 3 targets...
compile-c-c++ C:\Users\izana\Me\School\SP21\Software\ConcurrentSpreadsheet\ConcurrentSpreadsheet\boost\bin.v2\standalone\ac\msvc-14.2\debug\link-static\threading-multi\main-zstd_static.obj
main-zstd_static.cpp
msvc.link C:\Users\izana\Me\School\SP21\Software\ConcurrentSpreadsheet\ConcurrentSpreadsheet\boost\bin.v2\standalone\ac\msvc-14.2\debug\link-static\threading-multi\zstd_static.exe
LINK : fatal error LNK1181: cannot open input file 'zstd_static.lib'

        call "C:\Users\izana\Me\School\SP21\Software\ConcurrentSpreadsheet\ConcurrentSpreadsheet\boost\bin.v2\standalone\msvc\msvc-14.2\msvc-setup.bat"  >nul
 link /NOLOGO /INCREMENTAL:NO /DEBUG /MACHINE:X86 /MANIFEST:EMBED /subsystem:console /out:"C:\Users\izana\Me\School\SP21\Software\ConcurrentSpreadsheet\ConcurrentSpreadsheet\boost\bin.v2\standalone\ac\msvc-14.2\debug\link-static\threading-multi\zstd_static.exe"    @"C:\Users\izana\Me\School\SP21\Software\ConcurrentSpreadsheet\ConcurrentSpreadsheet\boost\bin.v2\standalone\ac\msvc-14.2\debug\link-static\threading-multi\zstd_static.exe.rsp"
    
...failed msvc.link C:\Users\izana\Me\School\SP21\Software\ConcurrentSpreadsheet\ConcurrentSpreadsheet\boost\bin.v2\standalone\ac\msvc-14.2\debug\link-static\threading-multi\zstd_static.exe C:\Users\izana\Me\School\SP21\Software\ConcurrentSpreadsheet\ConcurrentSpreadsheet\boost\bin.v2\standalone\ac\msvc-14.2\debug\link-static\threading-multi\zstd_static.pdb...
...failed updating 2 targets...
...updated 1 target...
...found 3 targets...
...updating 3 targets...
compile-c-c++ C:\Users\izana\Me\School\SP21\Software\ConcurrentSpreadsheet\ConcurrentSpreadsheet\boost\bin.v2\standalone\ac\msvc-14.2\debug\link-static\threading-multi\main-libzstd.obj
main-libzstd.cpp
msvc.link C:\Users\izana\Me\School\SP21\Software\ConcurrentSpreadsheet\ConcurrentSpreadsheet\boost\bin.v2\standalone\ac\msvc-14.2\debug\link-static\threading-multi\libzstd.exe
LINK : fatal error LNK1181: cannot open input file 'libzstd.lib'

        call "C:\Users\izana\Me\School\SP21\Software\ConcurrentSpreadsheet\ConcurrentSpreadsheet\boost\bin.v2\standalone\msvc\msvc-14.2\msvc-setup.bat"  >nul
 link /NOLOGO /INCREMENTAL:NO /DEBUG /MACHINE:X86 /MANIFEST:EMBED /subsystem:console /out:"C:\Users\izana\Me\School\SP21\Software\ConcurrentSpreadsheet\ConcurrentSpreadsheet\boost\bin.v2\standalone\ac\msvc-14.2\debug\link-static\threading-multi\libzstd.exe"    @"C:\Users\izana\Me\School\SP21\Software\ConcurrentSpreadsheet\ConcurrentSpreadsheet\boost\bin.v2\standalone\ac\msvc-14.2\debug\link-static\threading-multi\libzstd.exe.rsp"
    
...failed msvc.link C:\Users\izana\Me\School\SP21\Software\ConcurrentSpreadsheet\ConcurrentSpreadsheet\boost\bin.v2\standalone\ac\msvc-14.2\debug\link-static\threading-multi\libzstd.exe C:\Users\izana\Me\School\SP21\Software\ConcurrentSpreadsheet\ConcurrentSpreadsheet\boost\bin.v2\standalone\ac\msvc-14.2\debug\link-static\threading-multi\libzstd.pdb...
...failed updating 2 targets...
...updated 1 target...
...found 3 targets...
...updating 3 targets...
compile-c-c++ C:\Users\izana\Me\School\SP21\Software\ConcurrentSpreadsheet\ConcurrentSpreadsheet\boost\bin.v2\standalone\ac\msvc-14.2\debug\link-static\threading-multi\main-libzstd_static.obj
main-libzstd_static.cpp
msvc.link C:\Users\izana\Me\School\SP21\Software\ConcurrentSpreadsheet\ConcurrentSpreadsheet\boost\bin.v2\standalone\ac\msvc-14.2\debug\link-static\threading-multi\libzstd_static.exe
LINK : fatal error LNK1181: cannot open input file 'libzstd_static.lib'

        call "C:\Users\izana\Me\School\SP21\Software\ConcurrentSpreadsheet\ConcurrentSpreadsheet\boost\bin.v2\standalone\msvc\msvc-14.2\msvc-setup.bat"  >nul
 link /NOLOGO /INCREMENTAL:NO /DEBUG /MACHINE:X86 /MANIFEST:EMBED /subsystem:console /out:"C:\Users\izana\Me\School\SP21\Software\ConcurrentSpreadsheet\ConcurrentSpreadsheet\boost\bin.v2\standalone\ac\msvc-14.2\debug\link-static\threading-multi\libzstd_static.exe"    @"C:\Users\izana\Me\School\SP21\Software\ConcurrentSpreadsheet\ConcurrentSpreadsheet\boost\bin.v2\standalone\ac\msvc-14.2\debug\link-static\threading-multi\libzstd_static.exe.rsp"
    
...failed msvc.link C:\Users\izana\Me\School\SP21\Software\ConcurrentSpreadsheet\ConcurrentSpreadsheet\boost\bin.v2\standalone\ac\msvc-14.2\debug\link-static\threading-multi\libzstd_static.exe C:\Users\izana\Me\School\SP21\Software\ConcurrentSpreadsheet\ConcurrentSpreadsheet\boost\bin.v2\standalone\ac\msvc-14.2\debug\link-static\threading-multi\libzstd_static.pdb...
...failed updating 2 targets...
...updated 1 target...
...found 10 targets...
...updating 8 targets...
compile-c-c++ C:\Users\izana\Me\School\SP21\Software\ConcurrentSpreadsheet\ConcurrentSpreadsheet\boost\bin.v2\libs\iostreams\build\msvc-14.2\debug\threading-multi\has_lzma_cputhreads.obj
has_lzma_cputhreads.cpp
libs\iostreams\src\..\build\has_lzma_cputhreads.cpp(5): fatal error C1083: Cannot open include file: 'lzma.h': No such file or directory

    call "C:\Users\izana\Me\School\SP21\Software\ConcurrentSpreadsheet\ConcurrentSpreadsheet\boost\bin.v2\standalone\msvc\msvc-14.2\msvc-setup.bat"  >nul
 cl /Zm800 -nologo @"C:\Users\izana\Me\School\SP21\Software\ConcurrentSpreadsheet\ConcurrentSpreadsheet\boost\bin.v2\libs\iostreams\build\msvc-14.2\debug\threading-multi\has_lzma_cputhreads.obj.rsp" 

...failed compile-c-c++ C:\Users\izana\Me\School\SP21\Software\ConcurrentSpreadsheet\ConcurrentSpreadsheet\boost\bin.v2\libs\iostreams\build\msvc-14.2\debug\threading-multi\has_lzma_cputhreads.obj...
...skipped <pC:\Users\izana\Me\School\SP21\Software\ConcurrentSpreadsheet\ConcurrentSpreadsheet\boost\bin.v2\libs\iostreams\build\msvc-14.2\debug\threading-multi>has_lzma_cputhreads.exe for lack of <pC:\Users\izana\Me\School\SP21\Software\ConcurrentSpreadsheet\ConcurrentSpreadsheet\boost\bin.v2\libs\iostreams\build\msvc-14.2\debug\threading-multi>has_lzma_cputhreads.obj...
...skipped <pC:\Users\izana\Me\School\SP21\Software\ConcurrentSpreadsheet\ConcurrentSpreadsheet\boost\bin.v2\libs\iostreams\build\msvc-14.2\debug\threading-multi>has_lzma_cputhreads.pdb for lack of <pC:\Users\izana\Me\School\SP21\Software\ConcurrentSpreadsheet\ConcurrentSpreadsheet\boost\bin.v2\libs\iostreams\build\msvc-14.2\debug\threading-multi>has_lzma_cputhreads.obj...
...failed updating 1 target...
...skipped 2 targets...
...updated 5 targets...
...found 1 target...
...updating 1 target...
compile-c-c++ C:\Users\izana\Me\School\SP21\Software\ConcurrentSpreadsheet\ConcurrentSpreadsheet\boost\bin.v2\libs\config\checks\msvc-14.2\debug\threading-multi\cxx11_alignas.obj
test_case.cpp
...updated 1 target...
...found 1 target...
...updating 1 target...
compile-c-c++ C:\Users\izana\Me\School\SP21\Software\ConcurrentSpreadsheet\ConcurrentSpreadsheet\boost\bin.v2\libs\config\checks\msvc-14.2\debug\threading-multi\cxx11_decltype.obj
test_case.cpp
...updated 1 target...
...found 10 targets...
...updating 8 targets...
compile-c-c++ C:\Users\izana\Me\School\SP21\Software\ConcurrentSpreadsheet\ConcurrentSpreadsheet\boost\bin.v2\libs\locale\build\msvc-14.2\debug\threading-multi\has_iconv_libc_obj.obj
has_iconv.cpp
libs\locale\src\..\build\has_iconv.cpp(8): fatal error C1083: Cannot open include file: 'iconv.h': No such file or directory

    call "C:\Users\izana\Me\School\SP21\Software\ConcurrentSpreadsheet\ConcurrentSpreadsheet\boost\bin.v2\standalone\msvc\msvc-14.2\msvc-setup.bat"  >nul
 cl /Zm800 -nologo @"C:\Users\izana\Me\School\SP21\Software\ConcurrentSpreadsheet\ConcurrentSpreadsheet\boost\bin.v2\libs\locale\build\msvc-14.2\debug\threading-multi\has_iconv_libc_obj.obj.rsp" 

...failed compile-c-c++ C:\Users\izana\Me\School\SP21\Software\ConcurrentSpreadsheet\ConcurrentSpreadsheet\boost\bin.v2\libs\locale\build\msvc-14.2\debug\threading-multi\has_iconv_libc_obj.obj...
...skipped <pC:\Users\izana\Me\School\SP21\Software\ConcurrentSpreadsheet\ConcurrentSpreadsheet\boost\bin.v2\libs\locale\build\msvc-14.2\debug\threading-multi>has_iconv.exe for lack of <pC:\Users\izana\Me\School\SP21\Software\ConcurrentSpreadsheet\ConcurrentSpreadsheet\boost\bin.v2\libs\locale\build\msvc-14.2\debug\threading-multi>has_iconv_libc_obj.obj...
...skipped <pC:\Users\izana\Me\School\SP21\Software\ConcurrentSpreadsheet\ConcurrentSpreadsheet\boost\bin.v2\libs\locale\build\msvc-14.2\debug\threading-multi>has_iconv.pdb for lack of <pC:\Users\izana\Me\School\SP21\Software\ConcurrentSpreadsheet\ConcurrentSpreadsheet\boost\bin.v2\libs\locale\build\msvc-14.2\debug\threading-multi>has_iconv_libc_obj.obj...
...failed updating 1 target...
...skipped 2 targets...
...updated 5 targets...
...found 3 targets...
...updating 3 targets...
compile-c-c++ C:\Users\izana\Me\School\SP21\Software\ConcurrentSpreadsheet\ConcurrentSpreadsheet\boost\bin.v2\libs\locale\build\msvc-14.2\debug\threading-multi\has_iconv_libc_ext.obj
has_iconv.cpp
libs\locale\src\..\build\has_iconv.cpp(8): fatal error C1083: Cannot open include file: 'iconv.h': No such file or directory

    call "C:\Users\izana\Me\School\SP21\Software\ConcurrentSpreadsheet\ConcurrentSpreadsheet\boost\bin.v2\standalone\msvc\msvc-14.2\msvc-setup.bat"  >nul
 cl /Zm800 -nologo @"C:\Users\izana\Me\School\SP21\Software\ConcurrentSpreadsheet\ConcurrentSpreadsheet\boost\bin.v2\libs\locale\build\msvc-14.2\debug\threading-multi\has_iconv_libc_ext.obj.rsp" 

...failed compile-c-c++ C:\Users\izana\Me\School\SP21\Software\ConcurrentSpreadsheet\ConcurrentSpreadsheet\boost\bin.v2\libs\locale\build\msvc-14.2\debug\threading-multi\has_iconv_libc_ext.obj...
...skipped <pC:\Users\izana\Me\School\SP21\Software\ConcurrentSpreadsheet\ConcurrentSpreadsheet\boost\bin.v2\libs\locale\build\msvc-14.2\debug\threading-multi>has_external_iconv.exe for lack of <pC:\Users\izana\Me\School\SP21\Software\ConcurrentSpreadsheet\ConcurrentSpreadsheet\boost\bin.v2\libs\locale\build\msvc-14.2\debug\threading-multi>has_iconv_libc_ext.obj...
...skipped <pC:\Users\izana\Me\School\SP21\Software\ConcurrentSpreadsheet\ConcurrentSpreadsheet\boost\bin.v2\libs\locale\build\msvc-14.2\debug\threading-multi>has_external_iconv.pdb for lack of <pC:\Users\izana\Me\School\SP21\Software\ConcurrentSpreadsheet\ConcurrentSpreadsheet\boost\bin.v2\libs\locale\build\msvc-14.2\debug\threading-multi>has_iconv_libc_ext.obj...
...failed updating 1 target...
...skipped 2 targets...
...found 5 targets...
...updating 3 targets...
compile-c-c++ C:\Users\izana\Me\School\SP21\Software\ConcurrentSpreadsheet\ConcurrentSpreadsheet\boost\bin.v2\libs\locale\build\msvc-14.2\debug\threading-multi\has_icu_obj.obj
has_icu_test.cpp
libs\locale\src\..\build\has_icu_test.cpp(12): fatal error C1083: Cannot open include file: 'unicode/uversion.h': No such file or directory

    call "C:\Users\izana\Me\School\SP21\Software\ConcurrentSpreadsheet\ConcurrentSpreadsheet\boost\bin.v2\standalone\msvc\msvc-14.2\msvc-setup.bat"  >nul
 cl /Zm800 -nologo @"C:\Users\izana\Me\School\SP21\Software\ConcurrentSpreadsheet\ConcurrentSpreadsheet\boost\bin.v2\libs\locale\build\msvc-14.2\debug\threading-multi\has_icu_obj.obj.rsp" 

...failed compile-c-c++ C:\Users\izana\Me\School\SP21\Software\ConcurrentSpreadsheet\ConcurrentSpreadsheet\boost\bin.v2\libs\locale\build\msvc-14.2\debug\threading-multi\has_icu_obj.obj...
...skipped <pC:\Users\izana\Me\School\SP21\Software\ConcurrentSpreadsheet\ConcurrentSpreadsheet\boost\bin.v2\libs\locale\build\msvc-14.2\debug\threading-multi>has_icu.exe for lack of <pC:\Users\izana\Me\School\SP21\Software\ConcurrentSpreadsheet\ConcurrentSpreadsheet\boost\bin.v2\libs\locale\build\msvc-14.2\debug\threading-multi>has_icu_obj.obj...
...skipped <pC:\Users\izana\Me\School\SP21\Software\ConcurrentSpreadsheet\ConcurrentSpreadsheet\boost\bin.v2\libs\locale\build\msvc-14.2\debug\threading-multi>has_icu.pdb for lack of <pC:\Users\izana\Me\School\SP21\Software\ConcurrentSpreadsheet\ConcurrentSpreadsheet\boost\bin.v2\libs\locale\build\msvc-14.2\debug\threading-multi>has_icu_obj.obj...
...failed updating 1 target...
...skipped 2 targets...
...found 3 targets...
...updating 3 targets...
compile-c-c++ C:\Users\izana\Me\School\SP21\Software\ConcurrentSpreadsheet\ConcurrentSpreadsheet\boost\bin.v2\libs\locale\build\msvc-14.2\debug\threading-multi\has_icu64_obj.obj
has_icu_test.cpp
libs\locale\src\..\build\has_icu_test.cpp(12): fatal error C1083: Cannot open include file: 'unicode/uversion.h': No such file or directory

    call "C:\Users\izana\Me\School\SP21\Software\ConcurrentSpreadsheet\ConcurrentSpreadsheet\boost\bin.v2\standalone\msvc\msvc-14.2\msvc-setup.bat"  >nul
 cl /Zm800 -nologo @"C:\Users\izana\Me\School\SP21\Software\ConcurrentSpreadsheet\ConcurrentSpreadsheet\boost\bin.v2\libs\locale\build\msvc-14.2\debug\threading-multi\has_icu64_obj.obj.rsp" 

...failed compile-c-c++ C:\Users\izana\Me\School\SP21\Software\ConcurrentSpreadsheet\ConcurrentSpreadsheet\boost\bin.v2\libs\locale\build\msvc-14.2\debug\threading-multi\has_icu64_obj.obj...
...skipped <pC:\Users\izana\Me\School\SP21\Software\ConcurrentSpreadsheet\ConcurrentSpreadsheet\boost\bin.v2\libs\locale\build\msvc-14.2\debug\threading-multi>has_icu64.exe for lack of <pC:\Users\izana\Me\School\SP21\Software\ConcurrentSpreadsheet\ConcurrentSpreadsheet\boost\bin.v2\libs\locale\build\msvc-14.2\debug\threading-multi>has_icu64_obj.obj...
...skipped <pC:\Users\izana\Me\School\SP21\Software\ConcurrentSpreadsheet\ConcurrentSpreadsheet\boost\bin.v2\libs\locale\build\msvc-14.2\debug\threading-multi>has_icu64.pdb for lack of <pC:\Users\izana\Me\School\SP21\Software\ConcurrentSpreadsheet\ConcurrentSpreadsheet\boost\bin.v2\libs\locale\build\msvc-14.2\debug\threading-multi>has_icu64_obj.obj...
...failed updating 1 target...
...skipped 2 targets...
...found 155 targets...
...updating 8 targets...
compile-c-c++ C:\Users\izana\Me\School\SP21\Software\ConcurrentSpreadsheet\ConcurrentSpreadsheet\boost\bin.v2\libs\log\config\atomic-int32\msvc-14.2\debug\pch-off\threading-multi\atomic_int32.obj
atomic_int32.cpp
...updated 8 targets...
...found 10 targets...
...updating 8 targets...
msvc.compile.mc C:\Users\izana\Me\School\SP21\Software\ConcurrentSpreadsheet\ConcurrentSpreadsheet\boost\bin.v2\libs\log\config\message-compiler\msvc-14.2\debug\pch-off\threading-multi\simple_event_log.h
MC: Compiling libs\log\src\windows\simple_event_log.mc
msvc.compile.rc C:\Users\izana\Me\School\SP21\Software\ConcurrentSpreadsheet\ConcurrentSpreadsheet\boost\bin.v2\libs\log\config\message-compiler\msvc-14.2\debug\pch-off\threading-multi\simple_event_log_res.obj
...updated 8 targets...
...found 8 targets...
...updating 6 targets...
compile-c-c++ C:\Users\izana\Me\School\SP21\Software\ConcurrentSpreadsheet\ConcurrentSpreadsheet\boost\bin.v2\libs\log\config\native-syslog\msvc-14.2\debug\pch-off\threading-multi\native_syslog.obj
native_syslog.cpp
libs\log\config\native-syslog\native_syslog.cpp(8): fatal error C1083: Cannot open include file: 'syslog.h': No such file or directory

    call "C:\Users\izana\Me\School\SP21\Software\ConcurrentSpreadsheet\ConcurrentSpreadsheet\boost\bin.v2\standalone\msvc\msvc-14.2\msvc-setup.bat"  >nul
 cl /Zm800 -nologo @"C:\Users\izana\Me\School\SP21\Software\ConcurrentSpreadsheet\ConcurrentSpreadsheet\boost\bin.v2\libs\log\config\native-syslog\msvc-14.2\debug\pch-off\threading-multi\native_syslog.obj.rsp" 

...failed compile-c-c++ C:\Users\izana\Me\School\SP21\Software\ConcurrentSpreadsheet\ConcurrentSpreadsheet\boost\bin.v2\libs\log\config\native-syslog\msvc-14.2\debug\pch-off\threading-multi\native_syslog.obj...
...failed updating 1 target...
...updated 5 targets...
...found 7 targets...
...updating 6 targets...
compile-c-c++ C:\Users\izana\Me\School\SP21\Software\ConcurrentSpreadsheet\ConcurrentSpreadsheet\boost\bin.v2\libs\log\config\pthread-mutex-robust\msvc-14.2\debug\pch-off\threading-multi\pthread_mutex_robust.obj
pthread_mutex_robust.cpp
libs\log\config\pthread-mutex-robust\pthread_mutex_robust.cpp(9): fatal error C1083: Cannot open include file: 'pthread.h': No such file or directory

    call "C:\Users\izana\Me\School\SP21\Software\ConcurrentSpreadsheet\ConcurrentSpreadsheet\boost\bin.v2\standalone\msvc\msvc-14.2\msvc-setup.bat"  >nul
 cl /Zm800 -nologo @"C:\Users\izana\Me\School\SP21\Software\ConcurrentSpreadsheet\ConcurrentSpreadsheet\boost\bin.v2\libs\log\config\pthread-mutex-robust\msvc-14.2\debug\pch-off\threading-multi\pthread_mutex_robust.obj.rsp" 

...failed compile-c-c++ C:\Users\izana\Me\School\SP21\Software\ConcurrentSpreadsheet\ConcurrentSpreadsheet\boost\bin.v2\libs\log\config\pthread-mutex-robust\msvc-14.2\debug\pch-off\threading-multi\pthread_mutex_robust.obj...
...failed updating 1 target...
...updated 5 targets...
...found 8 targets...
...updating 6 targets...
compile-c-c++ C:\Users\izana\Me\School\SP21\Software\ConcurrentSpreadsheet\ConcurrentSpreadsheet\boost\bin.v2\libs\log\config\x86-ext\msvc-14.2\debug\pch-off\threading-multi\ssse3.obj
ssse3.cpp
...updated 6 targets...
...found 3 targets...
...updating 1 target...
compile-c-c++ C:\Users\izana\Me\School\SP21\Software\ConcurrentSpreadsheet\ConcurrentSpreadsheet\boost\bin.v2\libs\log\config\x86-ext\msvc-14.2\debug\pch-off\threading-multi\avx2.obj
avx2.cpp
...updated 1 target...
...found 7 targets...
...updating 6 targets...
compile-c-c++ C:\Users\izana\Me\School\SP21\Software\ConcurrentSpreadsheet\ConcurrentSpreadsheet\boost\bin.v2\libs\math\config\msvc-14.2\debug\threading-multi\has_gcc_visibility.obj
has_gcc_visibility.cpp
libs\math\config\has_gcc_visibility.cpp(7): fatal error C1189: #error:  "This is a GCC specific test case".

    call "C:\Users\izana\Me\School\SP21\Software\ConcurrentSpreadsheet\ConcurrentSpreadsheet\boost\bin.v2\standalone\msvc\msvc-14.2\msvc-setup.bat"  >nul
 cl /Zm800 -nologo @"C:\Users\izana\Me\School\SP21\Software\ConcurrentSpreadsheet\ConcurrentSpreadsheet\boost\bin.v2\libs\math\config\msvc-14.2\debug\threading-multi\has_gcc_visibility.obj.rsp" 

...failed compile-c-c++ C:\Users\izana\Me\School\SP21\Software\ConcurrentSpreadsheet\ConcurrentSpreadsheet\boost\bin.v2\libs\math\config\msvc-14.2\debug\threading-multi\has_gcc_visibility.obj...
...failed updating 1 target...
...updated 5 targets...
...found 18 targets...
...updating 1 target...
compile-c-c++ C:\Users\izana\Me\School\SP21\Software\ConcurrentSpreadsheet\ConcurrentSpreadsheet\boost\bin.v2\libs\math\config\msvc-14.2\debug\threading-multi\has_long_double_support.obj
has_long_double_support.cpp
...updated 1 target...
...found 1 target...
...updating 1 target...
compile-c-c++ C:\Users\izana\Me\School\SP21\Software\ConcurrentSpreadsheet\ConcurrentSpreadsheet\boost\bin.v2\libs\config\checks\msvc-14.2\debug\threading-multi\cxx11_static_assert.obj
test_case.cpp
...updated 1 target...
...found 8 targets...
...updating 6 targets...
compile-c-c++ C:\Users\izana\Me\School\SP21\Software\ConcurrentSpreadsheet\ConcurrentSpreadsheet\boost\bin.v2\libs\nowide\config\msvc-14.2\debug\threading-multi\cxx11_moveable_fstreams.obj
check_movable_fstreams.cpp
...updated 6 targets...
...found 4 targets...
...updating 3 targets...
compile-c-c++ C:\Users\izana\Me\School\SP21\Software\ConcurrentSpreadsheet\ConcurrentSpreadsheet\boost\bin.v2\libs\nowide\config\msvc-14.2\debug\threading-multi\check_lfs_support.obj
check_lfs_support.cpp
msvc.link C:\Users\izana\Me\School\SP21\Software\ConcurrentSpreadsheet\ConcurrentSpreadsheet\boost\bin.v2\libs\nowide\config\msvc-14.2\debug\threading-multi\lfs_support.exe
...updated 3 targets...
...found 12 targets...
...updating 9 targets...
compile-c-c++ C:\Users\izana\Me\School\SP21\Software\ConcurrentSpreadsheet\ConcurrentSpreadsheet\boost\bin.v2\libs\stacktrace\build\msvc-14.2\debug\threading-multi\has_backtrace.obj
has_backtrace.cpp
libs\stacktrace\build\has_backtrace.cpp(7): fatal error C1083: Cannot open include file: 'backtrace.h': No such file or directory

    call "C:\Users\izana\Me\School\SP21\Software\ConcurrentSpreadsheet\ConcurrentSpreadsheet\boost\bin.v2\standalone\msvc\msvc-14.2\msvc-setup.bat"  >nul
 cl /Zm800 -nologo @"C:\Users\izana\Me\School\SP21\Software\ConcurrentSpreadsheet\ConcurrentSpreadsheet\boost\bin.v2\libs\stacktrace\build\msvc-14.2\debug\threading-multi\has_backtrace.obj.rsp" 

...failed compile-c-c++ C:\Users\izana\Me\School\SP21\Software\ConcurrentSpreadsheet\ConcurrentSpreadsheet\boost\bin.v2\libs\stacktrace\build\msvc-14.2\debug\threading-multi\has_backtrace.obj...
...skipped <pC:\Users\izana\Me\School\SP21\Software\ConcurrentSpreadsheet\ConcurrentSpreadsheet\boost\bin.v2\libs\stacktrace\build\msvc-14.2\debug\threading-multi>libbacktrace_exe.exe for lack of <pC:\Users\izana\Me\School\SP21\Software\ConcurrentSpreadsheet\ConcurrentSpreadsheet\boost\bin.v2\libs\stacktrace\build\msvc-14.2\debug\threading-multi>has_backtrace.obj...
...skipped <pC:\Users\izana\Me\School\SP21\Software\ConcurrentSpreadsheet\ConcurrentSpreadsheet\boost\bin.v2\libs\stacktrace\build\msvc-14.2\debug\threading-multi>libbacktrace_exe.pdb for lack of <pC:\Users\izana\Me\School\SP21\Software\ConcurrentSpreadsheet\ConcurrentSpreadsheet\boost\bin.v2\libs\stacktrace\build\msvc-14.2\debug\threading-multi>has_backtrace.obj...
...skipped <pC:\Users\izana\Me\School\SP21\Software\ConcurrentSpreadsheet\ConcurrentSpreadsheet\boost\bin.v2\libs\stacktrace\build\msvc-14.2\debug\threading-multi>libbacktrace.output for lack of <pC:\Users\izana\Me\School\SP21\Software\ConcurrentSpreadsheet\ConcurrentSpreadsheet\boost\bin.v2\libs\stacktrace\build\msvc-14.2\debug\threading-multi>libbacktrace_exe.exe...
...failed updating 1 target...
...skipped 3 targets...
...updated 5 targets...
...found 6 targets...
...updating 4 targets...
compile-c-c++ C:\Users\izana\Me\School\SP21\Software\ConcurrentSpreadsheet\ConcurrentSpreadsheet\boost\bin.v2\libs\stacktrace\build\msvc-14.2\debug\threading-multi\has_addr2line.obj
has_addr2line.cpp
libs\stacktrace\build\has_addr2line.cpp(11): fatal error C1083: Cannot open include file: 'unwind.h': No such file or directory

    call "C:\Users\izana\Me\School\SP21\Software\ConcurrentSpreadsheet\ConcurrentSpreadsheet\boost\bin.v2\standalone\msvc\msvc-14.2\msvc-setup.bat"  >nul
 cl /Zm800 -nologo @"C:\Users\izana\Me\School\SP21\Software\ConcurrentSpreadsheet\ConcurrentSpreadsheet\boost\bin.v2\libs\stacktrace\build\msvc-14.2\debug\threading-multi\has_addr2line.obj.rsp" 

...failed compile-c-c++ C:\Users\izana\Me\School\SP21\Software\ConcurrentSpreadsheet\ConcurrentSpreadsheet\boost\bin.v2\libs\stacktrace\build\msvc-14.2\debug\threading-multi\has_addr2line.obj...
...skipped <pC:\Users\izana\Me\School\SP21\Software\ConcurrentSpreadsheet\ConcurrentSpreadsheet\boost\bin.v2\libs\stacktrace\build\msvc-14.2\debug\threading-multi>addr2line_exe.exe for lack of <pC:\Users\izana\Me\School\SP21\Software\ConcurrentSpreadsheet\ConcurrentSpreadsheet\boost\bin.v2\libs\stacktrace\build\msvc-14.2\debug\threading-multi>has_addr2line.obj...
...skipped <pC:\Users\izana\Me\School\SP21\Software\ConcurrentSpreadsheet\ConcurrentSpreadsheet\boost\bin.v2\libs\stacktrace\build\msvc-14.2\debug\threading-multi>addr2line_exe.pdb for lack of <pC:\Users\izana\Me\School\SP21\Software\ConcurrentSpreadsheet\ConcurrentSpreadsheet\boost\bin.v2\libs\stacktrace\build\msvc-14.2\debug\threading-multi>has_addr2line.obj...
...skipped <pC:\Users\izana\Me\School\SP21\Software\ConcurrentSpreadsheet\ConcurrentSpreadsheet\boost\bin.v2\libs\stacktrace\build\msvc-14.2\debug\threading-multi>addr2line.output for lack of <pC:\Users\izana\Me\School\SP21\Software\ConcurrentSpreadsheet\ConcurrentSpreadsheet\boost\bin.v2\libs\stacktrace\build\msvc-14.2\debug\threading-multi>addr2line_exe.exe...
...failed updating 1 target...
...skipped 3 targets...
...found 6 targets...
...updating 4 targets...
compile-c-c++ C:\Users\izana\Me\School\SP21\Software\ConcurrentSpreadsheet\ConcurrentSpreadsheet\boost\bin.v2\libs\stacktrace\build\msvc-14.2\debug\threading-multi\has_windbg.obj
has_windbg.cpp
msvc.link C:\Users\izana\Me\School\SP21\Software\ConcurrentSpreadsheet\ConcurrentSpreadsheet\boost\bin.v2\libs\stacktrace\build\msvc-14.2\debug\threading-multi\WinDbg_exe.exe
Jamfile<C:\Users\izana\Me\School\SP21\Software\boost_1_75_0\libs\stacktrace\build>.mp_simple_run_action C:\Users\izana\Me\School\SP21\Software\ConcurrentSpreadsheet\ConcurrentSpreadsheet\boost\bin.v2\libs\stacktrace\build\msvc-14.2\debug\threading-multi\WinDbg.output
...updated 4 targets...
...found 5 targets...
...updating 4 targets...
compile-c-c++ C:\Users\izana\Me\School\SP21\Software\ConcurrentSpreadsheet\ConcurrentSpreadsheet\boost\bin.v2\libs\stacktrace\build\msvc-14.2\debug\threading-multi\has_windbg_cached.obj
has_windbg_cached.cpp
msvc.link C:\Users\izana\Me\School\SP21\Software\ConcurrentSpreadsheet\ConcurrentSpreadsheet\boost\bin.v2\libs\stacktrace\build\msvc-14.2\debug\threading-multi\WinDbgCached_exe.exe
Jamfile<C:\Users\izana\Me\School\SP21\Software\boost_1_75_0\libs\stacktrace\build>.mp_simple_run_action C:\Users\izana\Me\School\SP21\Software\ConcurrentSpreadsheet\ConcurrentSpreadsheet\boost\bin.v2\libs\stacktrace\build\msvc-14.2\debug\threading-multi\WinDbgCached.output
...updated 4 targets...
...found 166 targets...
...updating 8 targets...
compile-c-c++ C:\Users\izana\Me\School\SP21\Software\ConcurrentSpreadsheet\ConcurrentSpreadsheet\boost\bin.v2\check\predef\msvc-14.2\debug\address-model-32\architecture-x86\threading-multi\predef_check_cc_09a06289f4560e2f553bb0cbbec71436.obj
predef_check_cc_as_cpp.cpp
C:\Users\izana\Me\School\SP21\Software\boost_1_75_0\libs\predef\tools\check\predef_check_cc.h(11): fatal error C1189: #error:  "FAILED"

    call "C:\Users\izana\Me\School\SP21\Software\ConcurrentSpreadsheet\ConcurrentSpreadsheet\boost\bin.v2\standalone\msvc\msvc-14.2\msvc-setup.bat"  >nul
 cl /Zm800 -nologo @"C:\Users\izana\Me\School\SP21\Software\ConcurrentSpreadsheet\ConcurrentSpreadsheet\boost\bin.v2\check\predef\msvc-14.2\debug\address-model-32\architecture-x86\threading-multi\predef_check_cc_09a06289f4560e2f553bb0cbbec71436.obj.rsp" 

...failed compile-c-c++ C:\Users\izana\Me\School\SP21\Software\ConcurrentSpreadsheet\ConcurrentSpreadsheet\boost\bin.v2\check\predef\msvc-14.2\debug\address-model-32\architecture-x86\threading-multi\predef_check_cc_09a06289f4560e2f553bb0cbbec71436.obj...
...failed updating 1 target...
...updated 7 targets...
...found 9 targets...
...updating 6 targets...
msvc.write-setup-script C:\Users\izana\Me\School\SP21\Software\ConcurrentSpreadsheet\ConcurrentSpreadsheet\boost\bin.v2\standalone\msvc\msvc-14.2\address-model-64\architecture-x86\msvc-setup.bat
compile-c-c++ C:\Users\izana\Me\School\SP21\Software\ConcurrentSpreadsheet\ConcurrentSpreadsheet\boost\bin.v2\libs\atomic\config\msvc-14.2\debug\address-model-64\threading-multi\has_sse2.obj
has_sse2.cpp
...updated 7 targets...
...found 1 target...
...updating 1 target...
compile-c-c++ C:\Users\izana\Me\School\SP21\Software\ConcurrentSpreadsheet\ConcurrentSpreadsheet\boost\bin.v2\libs\atomic\config\msvc-14.2\debug\address-model-64\threading-multi\has_sse41.obj
has_sse41.cpp
...updated 1 target...
...found 3 targets...
...updating 3 targets...
compile-c-c++ C:\Users\izana\Me\School\SP21\Software\ConcurrentSpreadsheet\ConcurrentSpreadsheet\boost\bin.v2\libs\atomic\config\msvc-14.2\debug\address-model-64\threading-multi\has_synchronization.obj
has_synchronization.cpp
msvc.link C:\Users\izana\Me\School\SP21\Software\ConcurrentSpreadsheet\ConcurrentSpreadsheet\boost\bin.v2\libs\atomic\config\msvc-14.2\debug\address-model-64\threading-multi\has_synchronization.exe
...updated 3 targets...
...found 3 targets...
...updating 3 targets...
compile-c-c++ C:\Users\izana\Me\School\SP21\Software\ConcurrentSpreadsheet\ConcurrentSpreadsheet\boost\bin.v2\libs\context\build\msvc-14.2\debug\address-model-64\threading-multi\cxx11_hdr_mutex_check.obj
cxx11_hdr_mutex.cpp
...updated 3 targets...
...found 3 targets...
...updating 3 targets...
compile-c-c++ C:\Users\izana\Me\School\SP21\Software\ConcurrentSpreadsheet\ConcurrentSpreadsheet\boost\bin.v2\libs\filesystem\config\msvc-14.2\debug\address-model-64\threading-multi\has_bcrypt.obj
has_bcrypt.cpp
...updated 3 targets...
...found 1 target...
...updating 1 target...
compile-c-c++ C:\Users\izana\Me\School\SP21\Software\ConcurrentSpreadsheet\ConcurrentSpreadsheet\boost\bin.v2\libs\filesystem\config\msvc-14.2\debug\address-model-64\threading-multi\has_stat_st_mtim.obj
has_stat_st_mtim.cpp
libs\filesystem\config\has_stat_st_mtim.cpp(12): fatal error C1083: Cannot open include file: 'unistd.h': No such file or directory

    call "C:\Users\izana\Me\School\SP21\Software\ConcurrentSpreadsheet\ConcurrentSpreadsheet\boost\bin.v2\standalone\msvc\msvc-14.2\address-model-64\architecture-x86\msvc-setup.bat"  >nul
 cl /Zm800 -nologo @"C:\Users\izana\Me\School\SP21\Software\ConcurrentSpreadsheet\ConcurrentSpreadsheet\boost\bin.v2\libs\filesystem\config\msvc-14.2\debug\address-model-64\threading-multi\has_stat_st_mtim.obj.rsp" 

...failed compile-c-c++ C:\Users\izana\Me\School\SP21\Software\ConcurrentSpreadsheet\ConcurrentSpreadsheet\boost\bin.v2\libs\filesystem\config\msvc-14.2\debug\address-model-64\threading-multi\has_stat_st_mtim.obj...
...failed updating 1 target...
...found 1 target...
...updating 1 target...
compile-c-c++ C:\Users\izana\Me\School\SP21\Software\ConcurrentSpreadsheet\ConcurrentSpreadsheet\boost\bin.v2\libs\filesystem\config\msvc-14.2\debug\address-model-64\threading-multi\has_stat_st_mtimensec.obj
has_stat_st_mtimensec.cpp
libs\filesystem\config\has_stat_st_mtimensec.cpp(12): fatal error C1083: Cannot open include file: 'unistd.h': No such file or directory

    call "C:\Users\izana\Me\School\SP21\Software\ConcurrentSpreadsheet\ConcurrentSpreadsheet\boost\bin.v2\standalone\msvc\msvc-14.2\address-model-64\architecture-x86\msvc-setup.bat"  >nul
 cl /Zm800 -nologo @"C:\Users\izana\Me\School\SP21\Software\ConcurrentSpreadsheet\ConcurrentSpreadsheet\boost\bin.v2\libs\filesystem\config\msvc-14.2\debug\address-model-64\threading-multi\has_stat_st_mtimensec.obj.rsp" 

...failed compile-c-c++ C:\Users\izana\Me\School\SP21\Software\ConcurrentSpreadsheet\ConcurrentSpreadsheet\boost\bin.v2\libs\filesystem\config\msvc-14.2\debug\address-model-64\threading-multi\has_stat_st_mtimensec.obj...
...failed updating 1 target...
...found 1 target...
...updating 1 target...
compile-c-c++ C:\Users\izana\Me\School\SP21\Software\ConcurrentSpreadsheet\ConcurrentSpreadsheet\boost\bin.v2\libs\filesystem\config\msvc-14.2\debug\address-model-64\threading-multi\has_stat_st_mtimespec.obj
has_stat_st_mtimespec.cpp
libs\filesystem\config\has_stat_st_mtimespec.cpp(12): fatal error C1083: Cannot open include file: 'unistd.h': No such file or directory

    call "C:\Users\izana\Me\School\SP21\Software\ConcurrentSpreadsheet\ConcurrentSpreadsheet\boost\bin.v2\standalone\msvc\msvc-14.2\address-model-64\architecture-x86\msvc-setup.bat"  >nul
 cl /Zm800 -nologo @"C:\Users\izana\Me\School\SP21\Software\ConcurrentSpreadsheet\ConcurrentSpreadsheet\boost\bin.v2\libs\filesystem\config\msvc-14.2\debug\address-model-64\threading-multi\has_stat_st_mtimespec.obj.rsp" 

...failed compile-c-c++ C:\Users\izana\Me\School\SP21\Software\ConcurrentSpreadsheet\ConcurrentSpreadsheet\boost\bin.v2\libs\filesystem\config\msvc-14.2\debug\address-model-64\threading-multi\has_stat_st_mtimespec.obj...
...failed updating 1 target...
...found 1 target...
...updating 1 target...
compile-c-c++ C:\Users\izana\Me\School\SP21\Software\ConcurrentSpreadsheet\ConcurrentSpreadsheet\boost\bin.v2\libs\filesystem\config\msvc-14.2\debug\address-model-64\threading-multi\has_stat_st_birthtim.obj
has_stat_st_birthtim.cpp
libs\filesystem\config\has_stat_st_birthtim.cpp(12): fatal error C1083: Cannot open include file: 'unistd.h': No such file or directory

    call "C:\Users\izana\Me\School\SP21\Software\ConcurrentSpreadsheet\ConcurrentSpreadsheet\boost\bin.v2\standalone\msvc\msvc-14.2\address-model-64\architecture-x86\msvc-setup.bat"  >nul
 cl /Zm800 -nologo @"C:\Users\izana\Me\School\SP21\Software\ConcurrentSpreadsheet\ConcurrentSpreadsheet\boost\bin.v2\libs\filesystem\config\msvc-14.2\debug\address-model-64\threading-multi\has_stat_st_birthtim.obj.rsp" 

...failed compile-c-c++ C:\Users\izana\Me\School\SP21\Software\ConcurrentSpreadsheet\ConcurrentSpreadsheet\boost\bin.v2\libs\filesystem\config\msvc-14.2\debug\address-model-64\threading-multi\has_stat_st_birthtim.obj...
...failed updating 1 target...
...found 1 target...
...updating 1 target...
compile-c-c++ C:\Users\izana\Me\School\SP21\Software\ConcurrentSpreadsheet\ConcurrentSpreadsheet\boost\bin.v2\libs\filesystem\config\msvc-14.2\debug\address-model-64\threading-multi\has_stat_st_birthtimensec.obj
has_stat_st_birthtimensec.cpp
libs\filesystem\config\has_stat_st_birthtimensec.cpp(12): fatal error C1083: Cannot open include file: 'unistd.h': No such file or directory

    call "C:\Users\izana\Me\School\SP21\Software\ConcurrentSpreadsheet\ConcurrentSpreadsheet\boost\bin.v2\standalone\msvc\msvc-14.2\address-model-64\architecture-x86\msvc-setup.bat"  >nul
 cl /Zm800 -nologo @"C:\Users\izana\Me\School\SP21\Software\ConcurrentSpreadsheet\ConcurrentSpreadsheet\boost\bin.v2\libs\filesystem\config\msvc-14.2\debug\address-model-64\threading-multi\has_stat_st_birthtimensec.obj.rsp" 

...failed compile-c-c++ C:\Users\izana\Me\School\SP21\Software\ConcurrentSpreadsheet\ConcurrentSpreadsheet\boost\bin.v2\libs\filesystem\config\msvc-14.2\debug\address-model-64\threading-multi\has_stat_st_birthtimensec.obj...
...failed updating 1 target...
...found 1 target...
...updating 1 target...
compile-c-c++ C:\Users\izana\Me\School\SP21\Software\ConcurrentSpreadsheet\ConcurrentSpreadsheet\boost\bin.v2\libs\filesystem\config\msvc-14.2\debug\address-model-64\threading-multi\has_stat_st_birthtimespec.obj
has_stat_st_birthtimespec.cpp
libs\filesystem\config\has_stat_st_birthtimespec.cpp(12): fatal error C1083: Cannot open include file: 'unistd.h': No such file or directory

    call "C:\Users\izana\Me\School\SP21\Software\ConcurrentSpreadsheet\ConcurrentSpreadsheet\boost\bin.v2\standalone\msvc\msvc-14.2\address-model-64\architecture-x86\msvc-setup.bat"  >nul
 cl /Zm800 -nologo @"C:\Users\izana\Me\School\SP21\Software\ConcurrentSpreadsheet\ConcurrentSpreadsheet\boost\bin.v2\libs\filesystem\config\msvc-14.2\debug\address-model-64\threading-multi\has_stat_st_birthtimespec.obj.rsp" 

...failed compile-c-c++ C:\Users\izana\Me\School\SP21\Software\ConcurrentSpreadsheet\ConcurrentSpreadsheet\boost\bin.v2\libs\filesystem\config\msvc-14.2\debug\address-model-64\threading-multi\has_stat_st_birthtimespec.obj...
...failed updating 1 target...
...found 1 target...
...updating 1 target...
compile-c-c++ C:\Users\izana\Me\School\SP21\Software\ConcurrentSpreadsheet\ConcurrentSpreadsheet\boost\bin.v2\libs\filesystem\config\msvc-14.2\debug\address-model-64\threading-multi\has_statx.obj
has_statx.cpp
libs\filesystem\config\has_statx.cpp(12): fatal error C1083: Cannot open include file: 'unistd.h': No such file or directory

    call "C:\Users\izana\Me\School\SP21\Software\ConcurrentSpreadsheet\ConcurrentSpreadsheet\boost\bin.v2\standalone\msvc\msvc-14.2\address-model-64\architecture-x86\msvc-setup.bat"  >nul
 cl /Zm800 -nologo @"C:\Users\izana\Me\School\SP21\Software\ConcurrentSpreadsheet\ConcurrentSpreadsheet\boost\bin.v2\libs\filesystem\config\msvc-14.2\debug\address-model-64\threading-multi\has_statx.obj.rsp" 

...failed compile-c-c++ C:\Users\izana\Me\School\SP21\Software\ConcurrentSpreadsheet\ConcurrentSpreadsheet\boost\bin.v2\libs\filesystem\config\msvc-14.2\debug\address-model-64\threading-multi\has_statx.obj...
...failed updating 1 target...
...found 1 target...
...updating 1 target...
compile-c-c++ C:\Users\izana\Me\School\SP21\Software\ConcurrentSpreadsheet\ConcurrentSpreadsheet\boost\bin.v2\libs\filesystem\config\msvc-14.2\debug\address-model-64\threading-multi\has_statx_syscall.obj
has_statx_syscall.cpp
libs\filesystem\config\has_statx_syscall.cpp(10): fatal error C1083: Cannot open include file: 'sys/syscall.h': No such file or directory

    call "C:\Users\izana\Me\School\SP21\Software\ConcurrentSpreadsheet\ConcurrentSpreadsheet\boost\bin.v2\standalone\msvc\msvc-14.2\address-model-64\architecture-x86\msvc-setup.bat"  >nul
 cl /Zm800 -nologo @"C:\Users\izana\Me\School\SP21\Software\ConcurrentSpreadsheet\ConcurrentSpreadsheet\boost\bin.v2\libs\filesystem\config\msvc-14.2\debug\address-model-64\threading-multi\has_statx_syscall.obj.rsp" 

...failed compile-c-c++ C:\Users\izana\Me\School\SP21\Software\ConcurrentSpreadsheet\ConcurrentSpreadsheet\boost\bin.v2\libs\filesystem\config\msvc-14.2\debug\address-model-64\threading-multi\has_statx_syscall.obj...
...failed updating 1 target...
...found 3 targets...
...updating 3 targets...
compile-c-c++ C:\Users\izana\Me\School\SP21\Software\ConcurrentSpreadsheet\ConcurrentSpreadsheet\boost\bin.v2\libs\config\checks\msvc-14.2\debug\address-model-64\threading-multi\cxx11_auto_declarations.obj
test_case.cpp
...updated 3 targets...
...found 1 target...
...updating 1 target...
compile-c-c++ C:\Users\izana\Me\School\SP21\Software\ConcurrentSpreadsheet\ConcurrentSpreadsheet\boost\bin.v2\libs\config\checks\msvc-14.2\debug\address-model-64\threading-multi\cxx11_constexpr.obj
test_case.cpp
...updated 1 target...
...found 1 target...
...updating 1 target...
compile-c-c++ C:\Users\izana\Me\School\SP21\Software\ConcurrentSpreadsheet\ConcurrentSpreadsheet\boost\bin.v2\libs\config\checks\msvc-14.2\debug\address-model-64\threading-multi\cxx11_defaulted_functions.obj
test_case.cpp
...updated 1 target...
...found 1 target...
...updating 1 target...
compile-c-c++ C:\Users\izana\Me\School\SP21\Software\ConcurrentSpreadsheet\ConcurrentSpreadsheet\boost\bin.v2\libs\config\checks\msvc-14.2\debug\address-model-64\threading-multi\cxx11_final.obj
test_case.cpp
...updated 1 target...
...found 1 target...
...updating 1 target...
compile-c-c++ C:\Users\izana\Me\School\SP21\Software\ConcurrentSpreadsheet\ConcurrentSpreadsheet\boost\bin.v2\libs\config\checks\msvc-14.2\debug\address-model-64\threading-multi\cxx11_hdr_mutex.obj
test_case.cpp
...updated 1 target...
...found 1 target...
...updating 1 target...
compile-c-c++ C:\Users\izana\Me\School\SP21\Software\ConcurrentSpreadsheet\ConcurrentSpreadsheet\boost\bin.v2\libs\config\checks\msvc-14.2\debug\address-model-64\threading-multi\cxx11_hdr_tuple.obj
test_case.cpp
...updated 1 target...
...found 1 target...
...updating 1 target...
compile-c-c++ C:\Users\izana\Me\School\SP21\Software\ConcurrentSpreadsheet\ConcurrentSpreadsheet\boost\bin.v2\libs\config\checks\msvc-14.2\debug\address-model-64\threading-multi\cxx11_lambdas.obj
test_case.cpp
...updated 1 target...
...found 1 target...
...updating 1 target...
compile-c-c++ C:\Users\izana\Me\School\SP21\Software\ConcurrentSpreadsheet\ConcurrentSpreadsheet\boost\bin.v2\libs\config\checks\msvc-14.2\debug\address-model-64\threading-multi\cxx11_noexcept.obj
test_case.cpp
...updated 1 target...
...found 1 target...
...updating 1 target...
compile-c-c++ C:\Users\izana\Me\School\SP21\Software\ConcurrentSpreadsheet\ConcurrentSpreadsheet\boost\bin.v2\libs\config\checks\msvc-14.2\debug\address-model-64\threading-multi\cxx11_nullptr.obj
test_case.cpp
...updated 1 target...
...found 1 target...
...updating 1 target...
compile-c-c++ C:\Users\izana\Me\School\SP21\Software\ConcurrentSpreadsheet\ConcurrentSpreadsheet\boost\bin.v2\libs\config\checks\msvc-14.2\debug\address-model-64\threading-multi\cxx11_rvalue_references.obj
test_case.cpp
...updated 1 target...
...found 1 target...
...updating 1 target...
compile-c-c++ C:\Users\izana\Me\School\SP21\Software\ConcurrentSpreadsheet\ConcurrentSpreadsheet\boost\bin.v2\libs\config\checks\msvc-14.2\debug\address-model-64\threading-multi\cxx11_template_aliases.obj
test_case.cpp
...updated 1 target...
...found 1 target...
...updating 1 target...
compile-c-c++ C:\Users\izana\Me\School\SP21\Software\ConcurrentSpreadsheet\ConcurrentSpreadsheet\boost\bin.v2\libs\config\checks\msvc-14.2\debug\address-model-64\threading-multi\cxx11_thread_local.obj
test_case.cpp
...updated 1 target...
...found 1 target...
...updating 1 target...
compile-c-c++ C:\Users\izana\Me\School\SP21\Software\ConcurrentSpreadsheet\ConcurrentSpreadsheet\boost\bin.v2\libs\config\checks\msvc-14.2\debug\address-model-64\threading-multi\cxx11_variadic_templates.obj
test_case.cpp
...updated 1 target...
...found 5 targets...
...updating 5 targets...
compile-c-c++ C:\Users\izana\Me\School\SP21\Software\ConcurrentSpreadsheet\ConcurrentSpreadsheet\boost\bin.v2\libs\regex\build\msvc-14.2\debug\address-model-64\threading-multi\has_icu_test.obj
has_icu_test.cpp
libs\regex\build\has_icu_test.cpp(12): fatal error C1083: Cannot open include file: 'unicode/uversion.h': No such file or directory

    call "C:\Users\izana\Me\School\SP21\Software\ConcurrentSpreadsheet\ConcurrentSpreadsheet\boost\bin.v2\standalone\msvc\msvc-14.2\address-model-64\architecture-x86\msvc-setup.bat"  >nul
 cl /Zm800 -nologo @"C:\Users\izana\Me\School\SP21\Software\ConcurrentSpreadsheet\ConcurrentSpreadsheet\boost\bin.v2\libs\regex\build\msvc-14.2\debug\address-model-64\threading-multi\has_icu_test.obj.rsp" 

...failed compile-c-c++ C:\Users\izana\Me\School\SP21\Software\ConcurrentSpreadsheet\ConcurrentSpreadsheet\boost\bin.v2\libs\regex\build\msvc-14.2\debug\address-model-64\threading-multi\has_icu_test.obj...
...skipped <pC:\Users\izana\Me\School\SP21\Software\ConcurrentSpreadsheet\ConcurrentSpreadsheet\boost\bin.v2\libs\regex\build\msvc-14.2\debug\address-model-64\threading-multi>has_icu.exe for lack of <pC:\Users\izana\Me\School\SP21\Software\ConcurrentSpreadsheet\ConcurrentSpreadsheet\boost\bin.v2\libs\regex\build\msvc-14.2\debug\address-model-64\threading-multi>has_icu_test.obj...
...skipped <pC:\Users\izana\Me\School\SP21\Software\ConcurrentSpreadsheet\ConcurrentSpreadsheet\boost\bin.v2\libs\regex\build\msvc-14.2\debug\address-model-64\threading-multi>has_icu.pdb for lack of <pC:\Users\izana\Me\School\SP21\Software\ConcurrentSpreadsheet\ConcurrentSpreadsheet\boost\bin.v2\libs\regex\build\msvc-14.2\debug\address-model-64\threading-multi>has_icu_test.obj...
...failed updating 1 target...
...skipped 2 targets...
...updated 2 targets...
...found 3 targets...
...updating 3 targets...
compile-c-c++ C:\Users\izana\Me\School\SP21\Software\ConcurrentSpreadsheet\ConcurrentSpreadsheet\boost\bin.v2\standalone\ac\msvc-14.2\debug\address-model-64\threading-multi\zlib_h.obj
zlib_h.cpp
C:\Users\izana\Me\School\SP21\Software\ConcurrentSpreadsheet\ConcurrentSpreadsheet\boost\bin.v2\standalone\ac\zlib_h.cpp(1): fatal error C1083: Cannot open include file: 'zlib.h': No such file or directory

    call "C:\Users\izana\Me\School\SP21\Software\ConcurrentSpreadsheet\ConcurrentSpreadsheet\boost\bin.v2\standalone\msvc\msvc-14.2\address-model-64\architecture-x86\msvc-setup.bat"  >nul
 cl /Zm800 -nologo @"C:\Users\izana\Me\School\SP21\Software\ConcurrentSpreadsheet\ConcurrentSpreadsheet\boost\bin.v2\standalone\ac\msvc-14.2\debug\address-model-64\threading-multi\zlib_h.obj.rsp" 

...failed compile-c-c++ C:\Users\izana\Me\School\SP21\Software\ConcurrentSpreadsheet\ConcurrentSpreadsheet\boost\bin.v2\standalone\ac\msvc-14.2\debug\address-model-64\threading-multi\zlib_h.obj...
...failed updating 1 target...
...updated 2 targets...
...found 3 targets...
...updating 3 targets...
compile-c-c++ C:\Users\izana\Me\School\SP21\Software\ConcurrentSpreadsheet\ConcurrentSpreadsheet\boost\bin.v2\standalone\ac\msvc-14.2\debug\address-model-64\threading-multi\main-z.obj
main-z.cpp
msvc.link C:\Users\izana\Me\School\SP21\Software\ConcurrentSpreadsheet\ConcurrentSpreadsheet\boost\bin.v2\standalone\ac\msvc-14.2\debug\address-model-64\threading-multi\z.exe
LINK : fatal error LNK1181: cannot open input file 'z.lib'

        call "C:\Users\izana\Me\School\SP21\Software\ConcurrentSpreadsheet\ConcurrentSpreadsheet\boost\bin.v2\standalone\msvc\msvc-14.2\address-model-64\architecture-x86\msvc-setup.bat"  >nul
 link /NOLOGO /INCREMENTAL:NO /DEBUG /MACHINE:X64 /MANIFEST:EMBED /subsystem:console /out:"C:\Users\izana\Me\School\SP21\Software\ConcurrentSpreadsheet\ConcurrentSpreadsheet\boost\bin.v2\standalone\ac\msvc-14.2\debug\address-model-64\threading-multi\z.exe"    @"C:\Users\izana\Me\School\SP21\Software\ConcurrentSpreadsheet\ConcurrentSpreadsheet\boost\bin.v2\standalone\ac\msvc-14.2\debug\address-model-64\threading-multi\z.exe.rsp"
    
...failed msvc.link C:\Users\izana\Me\School\SP21\Software\ConcurrentSpreadsheet\ConcurrentSpreadsheet\boost\bin.v2\standalone\ac\msvc-14.2\debug\address-model-64\threading-multi\z.exe C:\Users\izana\Me\School\SP21\Software\ConcurrentSpreadsheet\ConcurrentSpreadsheet\boost\bin.v2\standalone\ac\msvc-14.2\debug\address-model-64\threading-multi\z.pdb...
...failed updating 2 targets...
...updated 1 target...
...found 3 targets...
...updating 3 targets...
compile-c-c++ C:\Users\izana\Me\School\SP21\Software\ConcurrentSpreadsheet\ConcurrentSpreadsheet\boost\bin.v2\standalone\ac\msvc-14.2\debug\address-model-64\threading-multi\main-zlib.obj
main-zlib.cpp
msvc.link C:\Users\izana\Me\School\SP21\Software\ConcurrentSpreadsheet\ConcurrentSpreadsheet\boost\bin.v2\standalone\ac\msvc-14.2\debug\address-model-64\threading-multi\zlib.exe
LINK : fatal error LNK1181: cannot open input file 'zlib.lib'

        call "C:\Users\izana\Me\School\SP21\Software\ConcurrentSpreadsheet\ConcurrentSpreadsheet\boost\bin.v2\standalone\msvc\msvc-14.2\address-model-64\architecture-x86\msvc-setup.bat"  >nul
 link /NOLOGO /INCREMENTAL:NO /DEBUG /MACHINE:X64 /MANIFEST:EMBED /subsystem:console /out:"C:\Users\izana\Me\School\SP21\Software\ConcurrentSpreadsheet\ConcurrentSpreadsheet\boost\bin.v2\standalone\ac\msvc-14.2\debug\address-model-64\threading-multi\zlib.exe"    @"C:\Users\izana\Me\School\SP21\Software\ConcurrentSpreadsheet\ConcurrentSpreadsheet\boost\bin.v2\standalone\ac\msvc-14.2\debug\address-model-64\threading-multi\zlib.exe.rsp"
    
...failed msvc.link C:\Users\izana\Me\School\SP21\Software\ConcurrentSpreadsheet\ConcurrentSpreadsheet\boost\bin.v2\standalone\ac\msvc-14.2\debug\address-model-64\threading-multi\zlib.exe C:\Users\izana\Me\School\SP21\Software\ConcurrentSpreadsheet\ConcurrentSpreadsheet\boost\bin.v2\standalone\ac\msvc-14.2\debug\address-model-64\threading-multi\zlib.pdb...
...failed updating 2 targets...
...updated 1 target...
...found 3 targets...
...updating 3 targets...
compile-c-c++ C:\Users\izana\Me\School\SP21\Software\ConcurrentSpreadsheet\ConcurrentSpreadsheet\boost\bin.v2\standalone\ac\msvc-14.2\debug\address-model-64\threading-multi\main-zll.obj
main-zll.cpp
msvc.link C:\Users\izana\Me\School\SP21\Software\ConcurrentSpreadsheet\ConcurrentSpreadsheet\boost\bin.v2\standalone\ac\msvc-14.2\debug\address-model-64\threading-multi\zll.exe
LINK : fatal error LNK1181: cannot open input file 'zll.lib'

        call "C:\Users\izana\Me\School\SP21\Software\ConcurrentSpreadsheet\ConcurrentSpreadsheet\boost\bin.v2\standalone\msvc\msvc-14.2\address-model-64\architecture-x86\msvc-setup.bat"  >nul
 link /NOLOGO /INCREMENTAL:NO /DEBUG /MACHINE:X64 /MANIFEST:EMBED /subsystem:console /out:"C:\Users\izana\Me\School\SP21\Software\ConcurrentSpreadsheet\ConcurrentSpreadsheet\boost\bin.v2\standalone\ac\msvc-14.2\debug\address-model-64\threading-multi\zll.exe"    @"C:\Users\izana\Me\School\SP21\Software\ConcurrentSpreadsheet\ConcurrentSpreadsheet\boost\bin.v2\standalone\ac\msvc-14.2\debug\address-model-64\threading-multi\zll.exe.rsp"
    
...failed msvc.link C:\Users\izana\Me\School\SP21\Software\ConcurrentSpreadsheet\ConcurrentSpreadsheet\boost\bin.v2\standalone\ac\msvc-14.2\debug\address-model-64\threading-multi\zll.exe C:\Users\izana\Me\School\SP21\Software\ConcurrentSpreadsheet\ConcurrentSpreadsheet\boost\bin.v2\standalone\ac\msvc-14.2\debug\address-model-64\threading-multi\zll.pdb...
...failed updating 2 targets...
...updated 1 target...
...found 3 targets...
...updating 3 targets...
compile-c-c++ C:\Users\izana\Me\School\SP21\Software\ConcurrentSpreadsheet\ConcurrentSpreadsheet\boost\bin.v2\standalone\ac\msvc-14.2\debug\address-model-64\threading-multi\main-zdll.obj
main-zdll.cpp
msvc.link C:\Users\izana\Me\School\SP21\Software\ConcurrentSpreadsheet\ConcurrentSpreadsheet\boost\bin.v2\standalone\ac\msvc-14.2\debug\address-model-64\threading-multi\zdll.exe
LINK : fatal error LNK1181: cannot open input file 'zdll.lib'

        call "C:\Users\izana\Me\School\SP21\Software\ConcurrentSpreadsheet\ConcurrentSpreadsheet\boost\bin.v2\standalone\msvc\msvc-14.2\address-model-64\architecture-x86\msvc-setup.bat"  >nul
 link /NOLOGO /INCREMENTAL:NO /DEBUG /MACHINE:X64 /MANIFEST:EMBED /subsystem:console /out:"C:\Users\izana\Me\School\SP21\Software\ConcurrentSpreadsheet\ConcurrentSpreadsheet\boost\bin.v2\standalone\ac\msvc-14.2\debug\address-model-64\threading-multi\zdll.exe"    @"C:\Users\izana\Me\School\SP21\Software\ConcurrentSpreadsheet\ConcurrentSpreadsheet\boost\bin.v2\standalone\ac\msvc-14.2\debug\address-model-64\threading-multi\zdll.exe.rsp"
    
...failed msvc.link C:\Users\izana\Me\School\SP21\Software\ConcurrentSpreadsheet\ConcurrentSpreadsheet\boost\bin.v2\standalone\ac\msvc-14.2\debug\address-model-64\threading-multi\zdll.exe C:\Users\izana\Me\School\SP21\Software\ConcurrentSpreadsheet\ConcurrentSpreadsheet\boost\bin.v2\standalone\ac\msvc-14.2\debug\address-model-64\threading-multi\zdll.pdb...
...failed updating 2 targets...
...updated 1 target...
...found 5 targets...
...updating 5 targets...
compile-c-c++ C:\Users\izana\Me\School\SP21\Software\ConcurrentSpreadsheet\ConcurrentSpreadsheet\boost\bin.v2\standalone\ac\msvc-14.2\debug\address-model-64\link-static\threading-multi\main-z.obj
main-z.cpp
msvc.link C:\Users\izana\Me\School\SP21\Software\ConcurrentSpreadsheet\ConcurrentSpreadsheet\boost\bin.v2\standalone\ac\msvc-14.2\debug\address-model-64\link-static\threading-multi\z.exe
LINK : fatal error LNK1181: cannot open input file 'z.lib'

        call "C:\Users\izana\Me\School\SP21\Software\ConcurrentSpreadsheet\ConcurrentSpreadsheet\boost\bin.v2\standalone\msvc\msvc-14.2\address-model-64\architecture-x86\msvc-setup.bat"  >nul
 link /NOLOGO /INCREMENTAL:NO /DEBUG /MACHINE:X64 /MANIFEST:EMBED /subsystem:console /out:"C:\Users\izana\Me\School\SP21\Software\ConcurrentSpreadsheet\ConcurrentSpreadsheet\boost\bin.v2\standalone\ac\msvc-14.2\debug\address-model-64\link-static\threading-multi\z.exe"    @"C:\Users\izana\Me\School\SP21\Software\ConcurrentSpreadsheet\ConcurrentSpreadsheet\boost\bin.v2\standalone\ac\msvc-14.2\debug\address-model-64\link-static\threading-multi\z.exe.rsp"
    
...failed msvc.link C:\Users\izana\Me\School\SP21\Software\ConcurrentSpreadsheet\ConcurrentSpreadsheet\boost\bin.v2\standalone\ac\msvc-14.2\debug\address-model-64\link-static\threading-multi\z.exe C:\Users\izana\Me\School\SP21\Software\ConcurrentSpreadsheet\ConcurrentSpreadsheet\boost\bin.v2\standalone\ac\msvc-14.2\debug\address-model-64\link-static\threading-multi\z.pdb...
...failed updating 2 targets...
...updated 3 targets...
...found 3 targets...
...updating 3 targets...
compile-c-c++ C:\Users\izana\Me\School\SP21\Software\ConcurrentSpreadsheet\ConcurrentSpreadsheet\boost\bin.v2\standalone\ac\msvc-14.2\debug\address-model-64\link-static\threading-multi\main-zlib.obj
main-zlib.cpp
msvc.link C:\Users\izana\Me\School\SP21\Software\ConcurrentSpreadsheet\ConcurrentSpreadsheet\boost\bin.v2\standalone\ac\msvc-14.2\debug\address-model-64\link-static\threading-multi\zlib.exe
LINK : fatal error LNK1181: cannot open input file 'zlib.lib'

        call "C:\Users\izana\Me\School\SP21\Software\ConcurrentSpreadsheet\ConcurrentSpreadsheet\boost\bin.v2\standalone\msvc\msvc-14.2\address-model-64\architecture-x86\msvc-setup.bat"  >nul
 link /NOLOGO /INCREMENTAL:NO /DEBUG /MACHINE:X64 /MANIFEST:EMBED /subsystem:console /out:"C:\Users\izana\Me\School\SP21\Software\ConcurrentSpreadsheet\ConcurrentSpreadsheet\boost\bin.v2\standalone\ac\msvc-14.2\debug\address-model-64\link-static\threading-multi\zlib.exe"    @"C:\Users\izana\Me\School\SP21\Software\ConcurrentSpreadsheet\ConcurrentSpreadsheet\boost\bin.v2\standalone\ac\msvc-14.2\debug\address-model-64\link-static\threading-multi\zlib.exe.rsp"
    
...failed msvc.link C:\Users\izana\Me\School\SP21\Software\ConcurrentSpreadsheet\ConcurrentSpreadsheet\boost\bin.v2\standalone\ac\msvc-14.2\debug\address-model-64\link-static\threading-multi\zlib.exe C:\Users\izana\Me\School\SP21\Software\ConcurrentSpreadsheet\ConcurrentSpreadsheet\boost\bin.v2\standalone\ac\msvc-14.2\debug\address-model-64\link-static\threading-multi\zlib.pdb...
...failed updating 2 targets...
...updated 1 target...
...found 3 targets...
...updating 3 targets...
compile-c-c++ C:\Users\izana\Me\School\SP21\Software\ConcurrentSpreadsheet\ConcurrentSpreadsheet\boost\bin.v2\standalone\ac\msvc-14.2\debug\address-model-64\link-static\threading-multi\main-zll.obj
main-zll.cpp
msvc.link C:\Users\izana\Me\School\SP21\Software\ConcurrentSpreadsheet\ConcurrentSpreadsheet\boost\bin.v2\standalone\ac\msvc-14.2\debug\address-model-64\link-static\threading-multi\zll.exe
LINK : fatal error LNK1181: cannot open input file 'zll.lib'

        call "C:\Users\izana\Me\School\SP21\Software\ConcurrentSpreadsheet\ConcurrentSpreadsheet\boost\bin.v2\standalone\msvc\msvc-14.2\address-model-64\architecture-x86\msvc-setup.bat"  >nul
 link /NOLOGO /INCREMENTAL:NO /DEBUG /MACHINE:X64 /MANIFEST:EMBED /subsystem:console /out:"C:\Users\izana\Me\School\SP21\Software\ConcurrentSpreadsheet\ConcurrentSpreadsheet\boost\bin.v2\standalone\ac\msvc-14.2\debug\address-model-64\link-static\threading-multi\zll.exe"    @"C:\Users\izana\Me\School\SP21\Software\ConcurrentSpreadsheet\ConcurrentSpreadsheet\boost\bin.v2\standalone\ac\msvc-14.2\debug\address-model-64\link-static\threading-multi\zll.exe.rsp"
    
...failed msvc.link C:\Users\izana\Me\School\SP21\Software\ConcurrentSpreadsheet\ConcurrentSpreadsheet\boost\bin.v2\standalone\ac\msvc-14.2\debug\address-model-64\link-static\threading-multi\zll.exe C:\Users\izana\Me\School\SP21\Software\ConcurrentSpreadsheet\ConcurrentSpreadsheet\boost\bin.v2\standalone\ac\msvc-14.2\debug\address-model-64\link-static\threading-multi\zll.pdb...
...failed updating 2 targets...
...updated 1 target...
...found 3 targets...
...updating 3 targets...
compile-c-c++ C:\Users\izana\Me\School\SP21\Software\ConcurrentSpreadsheet\ConcurrentSpreadsheet\boost\bin.v2\standalone\ac\msvc-14.2\debug\address-model-64\link-static\threading-multi\main-zdll.obj
main-zdll.cpp
msvc.link C:\Users\izana\Me\School\SP21\Software\ConcurrentSpreadsheet\ConcurrentSpreadsheet\boost\bin.v2\standalone\ac\msvc-14.2\debug\address-model-64\link-static\threading-multi\zdll.exe
LINK : fatal error LNK1181: cannot open input file 'zdll.lib'

        call "C:\Users\izana\Me\School\SP21\Software\ConcurrentSpreadsheet\ConcurrentSpreadsheet\boost\bin.v2\standalone\msvc\msvc-14.2\address-model-64\architecture-x86\msvc-setup.bat"  >nul
 link /NOLOGO /INCREMENTAL:NO /DEBUG /MACHINE:X64 /MANIFEST:EMBED /subsystem:console /out:"C:\Users\izana\Me\School\SP21\Software\ConcurrentSpreadsheet\ConcurrentSpreadsheet\boost\bin.v2\standalone\ac\msvc-14.2\debug\address-model-64\link-static\threading-multi\zdll.exe"    @"C:\Users\izana\Me\School\SP21\Software\ConcurrentSpreadsheet\ConcurrentSpreadsheet\boost\bin.v2\standalone\ac\msvc-14.2\debug\address-model-64\link-static\threading-multi\zdll.exe.rsp"
    
...failed msvc.link C:\Users\izana\Me\School\SP21\Software\ConcurrentSpreadsheet\ConcurrentSpreadsheet\boost\bin.v2\standalone\ac\msvc-14.2\debug\address-model-64\link-static\threading-multi\zdll.exe C:\Users\izana\Me\School\SP21\Software\ConcurrentSpreadsheet\ConcurrentSpreadsheet\boost\bin.v2\standalone\ac\msvc-14.2\debug\address-model-64\link-static\threading-multi\zdll.pdb...
...failed updating 2 targets...
...updated 1 target...
...found 1 target...
...updating 1 target...
compile-c-c++ C:\Users\izana\Me\School\SP21\Software\ConcurrentSpreadsheet\ConcurrentSpreadsheet\boost\bin.v2\standalone\ac\msvc-14.2\debug\address-model-64\threading-multi\bzlib_h.obj
bzlib_h.cpp
C:\Users\izana\Me\School\SP21\Software\ConcurrentSpreadsheet\ConcurrentSpreadsheet\boost\bin.v2\standalone\ac\bzlib_h.cpp(1): fatal error C1083: Cannot open include file: 'bzlib.h': No such file or directory

    call "C:\Users\izana\Me\School\SP21\Software\ConcurrentSpreadsheet\ConcurrentSpreadsheet\boost\bin.v2\standalone\msvc\msvc-14.2\address-model-64\architecture-x86\msvc-setup.bat"  >nul
 cl /Zm800 -nologo @"C:\Users\izana\Me\School\SP21\Software\ConcurrentSpreadsheet\ConcurrentSpreadsheet\boost\bin.v2\standalone\ac\msvc-14.2\debug\address-model-64\threading-multi\bzlib_h.obj.rsp" 

...failed compile-c-c++ C:\Users\izana\Me\School\SP21\Software\ConcurrentSpreadsheet\ConcurrentSpreadsheet\boost\bin.v2\standalone\ac\msvc-14.2\debug\address-model-64\threading-multi\bzlib_h.obj...
...failed updating 1 target...
...found 3 targets...
...updating 3 targets...
compile-c-c++ C:\Users\izana\Me\School\SP21\Software\ConcurrentSpreadsheet\ConcurrentSpreadsheet\boost\bin.v2\standalone\ac\msvc-14.2\debug\address-model-64\threading-multi\main-bz2.obj
main-bz2.cpp
msvc.link C:\Users\izana\Me\School\SP21\Software\ConcurrentSpreadsheet\ConcurrentSpreadsheet\boost\bin.v2\standalone\ac\msvc-14.2\debug\address-model-64\threading-multi\bz2.exe
LINK : fatal error LNK1181: cannot open input file 'bz2.lib'

        call "C:\Users\izana\Me\School\SP21\Software\ConcurrentSpreadsheet\ConcurrentSpreadsheet\boost\bin.v2\standalone\msvc\msvc-14.2\address-model-64\architecture-x86\msvc-setup.bat"  >nul
 link /NOLOGO /INCREMENTAL:NO /DEBUG /MACHINE:X64 /MANIFEST:EMBED /subsystem:console /out:"C:\Users\izana\Me\School\SP21\Software\ConcurrentSpreadsheet\ConcurrentSpreadsheet\boost\bin.v2\standalone\ac\msvc-14.2\debug\address-model-64\threading-multi\bz2.exe"    @"C:\Users\izana\Me\School\SP21\Software\ConcurrentSpreadsheet\ConcurrentSpreadsheet\boost\bin.v2\standalone\ac\msvc-14.2\debug\address-model-64\threading-multi\bz2.exe.rsp"
    
...failed msvc.link C:\Users\izana\Me\School\SP21\Software\ConcurrentSpreadsheet\ConcurrentSpreadsheet\boost\bin.v2\standalone\ac\msvc-14.2\debug\address-model-64\threading-multi\bz2.exe C:\Users\izana\Me\School\SP21\Software\ConcurrentSpreadsheet\ConcurrentSpreadsheet\boost\bin.v2\standalone\ac\msvc-14.2\debug\address-model-64\threading-multi\bz2.pdb...
...failed updating 2 targets...
...updated 1 target...
...found 3 targets...
...updating 3 targets...
compile-c-c++ C:\Users\izana\Me\School\SP21\Software\ConcurrentSpreadsheet\ConcurrentSpreadsheet\boost\bin.v2\standalone\ac\msvc-14.2\debug\address-model-64\link-static\threading-multi\main-bz2.obj
main-bz2.cpp
msvc.link C:\Users\izana\Me\School\SP21\Software\ConcurrentSpreadsheet\ConcurrentSpreadsheet\boost\bin.v2\standalone\ac\msvc-14.2\debug\address-model-64\link-static\threading-multi\bz2.exe
LINK : fatal error LNK1181: cannot open input file 'bz2.lib'

        call "C:\Users\izana\Me\School\SP21\Software\ConcurrentSpreadsheet\ConcurrentSpreadsheet\boost\bin.v2\standalone\msvc\msvc-14.2\address-model-64\architecture-x86\msvc-setup.bat"  >nul
 link /NOLOGO /INCREMENTAL:NO /DEBUG /MACHINE:X64 /MANIFEST:EMBED /subsystem:console /out:"C:\Users\izana\Me\School\SP21\Software\ConcurrentSpreadsheet\ConcurrentSpreadsheet\boost\bin.v2\standalone\ac\msvc-14.2\debug\address-model-64\link-static\threading-multi\bz2.exe"    @"C:\Users\izana\Me\School\SP21\Software\ConcurrentSpreadsheet\ConcurrentSpreadsheet\boost\bin.v2\standalone\ac\msvc-14.2\debug\address-model-64\link-static\threading-multi\bz2.exe.rsp"
    
...failed msvc.link C:\Users\izana\Me\School\SP21\Software\ConcurrentSpreadsheet\ConcurrentSpreadsheet\boost\bin.v2\standalone\ac\msvc-14.2\debug\address-model-64\link-static\threading-multi\bz2.exe C:\Users\izana\Me\School\SP21\Software\ConcurrentSpreadsheet\ConcurrentSpreadsheet\boost\bin.v2\standalone\ac\msvc-14.2\debug\address-model-64\link-static\threading-multi\bz2.pdb...
...failed updating 2 targets...
...updated 1 target...
...found 1 target...
...updating 1 target...
compile-c-c++ C:\Users\izana\Me\School\SP21\Software\ConcurrentSpreadsheet\ConcurrentSpreadsheet\boost\bin.v2\standalone\ac\msvc-14.2\debug\address-model-64\threading-multi\lzma_h.obj
lzma_h.cpp
C:\Users\izana\Me\School\SP21\Software\ConcurrentSpreadsheet\ConcurrentSpreadsheet\boost\bin.v2\standalone\ac\lzma_h.cpp(1): fatal error C1083: Cannot open include file: 'lzma.h': No such file or directory

    call "C:\Users\izana\Me\School\SP21\Software\ConcurrentSpreadsheet\ConcurrentSpreadsheet\boost\bin.v2\standalone\msvc\msvc-14.2\address-model-64\architecture-x86\msvc-setup.bat"  >nul
 cl /Zm800 -nologo @"C:\Users\izana\Me\School\SP21\Software\ConcurrentSpreadsheet\ConcurrentSpreadsheet\boost\bin.v2\standalone\ac\msvc-14.2\debug\address-model-64\threading-multi\lzma_h.obj.rsp" 

...failed compile-c-c++ C:\Users\izana\Me\School\SP21\Software\ConcurrentSpreadsheet\ConcurrentSpreadsheet\boost\bin.v2\standalone\ac\msvc-14.2\debug\address-model-64\threading-multi\lzma_h.obj...
...failed updating 1 target...
...found 3 targets...
...updating 3 targets...
compile-c-c++ C:\Users\izana\Me\School\SP21\Software\ConcurrentSpreadsheet\ConcurrentSpreadsheet\boost\bin.v2\standalone\ac\msvc-14.2\debug\address-model-64\threading-multi\main-lzma.obj
main-lzma.cpp
msvc.link C:\Users\izana\Me\School\SP21\Software\ConcurrentSpreadsheet\ConcurrentSpreadsheet\boost\bin.v2\standalone\ac\msvc-14.2\debug\address-model-64\threading-multi\lzma.exe
LINK : fatal error LNK1181: cannot open input file 'lzma.lib'

        call "C:\Users\izana\Me\School\SP21\Software\ConcurrentSpreadsheet\ConcurrentSpreadsheet\boost\bin.v2\standalone\msvc\msvc-14.2\address-model-64\architecture-x86\msvc-setup.bat"  >nul
 link /NOLOGO /INCREMENTAL:NO /DEBUG /MACHINE:X64 /MANIFEST:EMBED /subsystem:console /out:"C:\Users\izana\Me\School\SP21\Software\ConcurrentSpreadsheet\ConcurrentSpreadsheet\boost\bin.v2\standalone\ac\msvc-14.2\debug\address-model-64\threading-multi\lzma.exe"    @"C:\Users\izana\Me\School\SP21\Software\ConcurrentSpreadsheet\ConcurrentSpreadsheet\boost\bin.v2\standalone\ac\msvc-14.2\debug\address-model-64\threading-multi\lzma.exe.rsp"
    
...failed msvc.link C:\Users\izana\Me\School\SP21\Software\ConcurrentSpreadsheet\ConcurrentSpreadsheet\boost\bin.v2\standalone\ac\msvc-14.2\debug\address-model-64\threading-multi\lzma.exe C:\Users\izana\Me\School\SP21\Software\ConcurrentSpreadsheet\ConcurrentSpreadsheet\boost\bin.v2\standalone\ac\msvc-14.2\debug\address-model-64\threading-multi\lzma.pdb...
...failed updating 2 targets...
...updated 1 target...
...found 3 targets...
...updating 3 targets...
compile-c-c++ C:\Users\izana\Me\School\SP21\Software\ConcurrentSpreadsheet\ConcurrentSpreadsheet\boost\bin.v2\standalone\ac\msvc-14.2\debug\address-model-64\threading-multi\main-liblzma.obj
main-liblzma.cpp
msvc.link C:\Users\izana\Me\School\SP21\Software\ConcurrentSpreadsheet\ConcurrentSpreadsheet\boost\bin.v2\standalone\ac\msvc-14.2\debug\address-model-64\threading-multi\liblzma.exe
LINK : fatal error LNK1181: cannot open input file 'liblzma.lib'

        call "C:\Users\izana\Me\School\SP21\Software\ConcurrentSpreadsheet\ConcurrentSpreadsheet\boost\bin.v2\standalone\msvc\msvc-14.2\address-model-64\architecture-x86\msvc-setup.bat"  >nul
 link /NOLOGO /INCREMENTAL:NO /DEBUG /MACHINE:X64 /MANIFEST:EMBED /subsystem:console /out:"C:\Users\izana\Me\School\SP21\Software\ConcurrentSpreadsheet\ConcurrentSpreadsheet\boost\bin.v2\standalone\ac\msvc-14.2\debug\address-model-64\threading-multi\liblzma.exe"    @"C:\Users\izana\Me\School\SP21\Software\ConcurrentSpreadsheet\ConcurrentSpreadsheet\boost\bin.v2\standalone\ac\msvc-14.2\debug\address-model-64\threading-multi\liblzma.exe.rsp"
    
...failed msvc.link C:\Users\izana\Me\School\SP21\Software\ConcurrentSpreadsheet\ConcurrentSpreadsheet\boost\bin.v2\standalone\ac\msvc-14.2\debug\address-model-64\threading-multi\liblzma.exe C:\Users\izana\Me\School\SP21\Software\ConcurrentSpreadsheet\ConcurrentSpreadsheet\boost\bin.v2\standalone\ac\msvc-14.2\debug\address-model-64\threading-multi\liblzma.pdb...
...failed updating 2 targets...
...updated 1 target...
...found 3 targets...
...updating 3 targets...
compile-c-c++ C:\Users\izana\Me\School\SP21\Software\ConcurrentSpreadsheet\ConcurrentSpreadsheet\boost\bin.v2\standalone\ac\msvc-14.2\debug\address-model-64\link-static\threading-multi\main-lzma.obj
main-lzma.cpp
msvc.link C:\Users\izana\Me\School\SP21\Software\ConcurrentSpreadsheet\ConcurrentSpreadsheet\boost\bin.v2\standalone\ac\msvc-14.2\debug\address-model-64\link-static\threading-multi\lzma.exe
LINK : fatal error LNK1181: cannot open input file 'lzma.lib'

        call "C:\Users\izana\Me\School\SP21\Software\ConcurrentSpreadsheet\ConcurrentSpreadsheet\boost\bin.v2\standalone\msvc\msvc-14.2\address-model-64\architecture-x86\msvc-setup.bat"  >nul
 link /NOLOGO /INCREMENTAL:NO /DEBUG /MACHINE:X64 /MANIFEST:EMBED /subsystem:console /out:"C:\Users\izana\Me\School\SP21\Software\ConcurrentSpreadsheet\ConcurrentSpreadsheet\boost\bin.v2\standalone\ac\msvc-14.2\debug\address-model-64\link-static\threading-multi\lzma.exe"    @"C:\Users\izana\Me\School\SP21\Software\ConcurrentSpreadsheet\ConcurrentSpreadsheet\boost\bin.v2\standalone\ac\msvc-14.2\debug\address-model-64\link-static\threading-multi\lzma.exe.rsp"
    
...failed msvc.link C:\Users\izana\Me\School\SP21\Software\ConcurrentSpreadsheet\ConcurrentSpreadsheet\boost\bin.v2\standalone\ac\msvc-14.2\debug\address-model-64\link-static\threading-multi\lzma.exe C:\Users\izana\Me\School\SP21\Software\ConcurrentSpreadsheet\ConcurrentSpreadsheet\boost\bin.v2\standalone\ac\msvc-14.2\debug\address-model-64\link-static\threading-multi\lzma.pdb...
...failed updating 2 targets...
...updated 1 target...
...found 3 targets...
...updating 3 targets...
compile-c-c++ C:\Users\izana\Me\School\SP21\Software\ConcurrentSpreadsheet\ConcurrentSpreadsheet\boost\bin.v2\standalone\ac\msvc-14.2\debug\address-model-64\link-static\threading-multi\main-liblzma.obj
main-liblzma.cpp
msvc.link C:\Users\izana\Me\School\SP21\Software\ConcurrentSpreadsheet\ConcurrentSpreadsheet\boost\bin.v2\standalone\ac\msvc-14.2\debug\address-model-64\link-static\threading-multi\liblzma.exe
LINK : fatal error LNK1181: cannot open input file 'liblzma.lib'

        call "C:\Users\izana\Me\School\SP21\Software\ConcurrentSpreadsheet\ConcurrentSpreadsheet\boost\bin.v2\standalone\msvc\msvc-14.2\address-model-64\architecture-x86\msvc-setup.bat"  >nul
 link /NOLOGO /INCREMENTAL:NO /DEBUG /MACHINE:X64 /MANIFEST:EMBED /subsystem:console /out:"C:\Users\izana\Me\School\SP21\Software\ConcurrentSpreadsheet\ConcurrentSpreadsheet\boost\bin.v2\standalone\ac\msvc-14.2\debug\address-model-64\link-static\threading-multi\liblzma.exe"    @"C:\Users\izana\Me\School\SP21\Software\ConcurrentSpreadsheet\ConcurrentSpreadsheet\boost\bin.v2\standalone\ac\msvc-14.2\debug\address-model-64\link-static\threading-multi\liblzma.exe.rsp"
    
...failed msvc.link C:\Users\izana\Me\School\SP21\Software\ConcurrentSpreadsheet\ConcurrentSpreadsheet\boost\bin.v2\standalone\ac\msvc-14.2\debug\address-model-64\link-static\threading-multi\liblzma.exe C:\Users\izana\Me\School\SP21\Software\ConcurrentSpreadsheet\ConcurrentSpreadsheet\boost\bin.v2\standalone\ac\msvc-14.2\debug\address-model-64\link-static\threading-multi\liblzma.pdb...
...failed updating 2 targets...
...updated 1 target...
...found 1 target...
...updating 1 target...
compile-c-c++ C:\Users\izana\Me\School\SP21\Software\ConcurrentSpreadsheet\ConcurrentSpreadsheet\boost\bin.v2\standalone\ac\msvc-14.2\debug\address-model-64\threading-multi\zstd_h.obj
zstd_h.cpp
C:\Users\izana\Me\School\SP21\Software\ConcurrentSpreadsheet\ConcurrentSpreadsheet\boost\bin.v2\standalone\ac\zstd_h.cpp(1): fatal error C1083: Cannot open include file: 'zstd.h': No such file or directory

    call "C:\Users\izana\Me\School\SP21\Software\ConcurrentSpreadsheet\ConcurrentSpreadsheet\boost\bin.v2\standalone\msvc\msvc-14.2\address-model-64\architecture-x86\msvc-setup.bat"  >nul
 cl /Zm800 -nologo @"C:\Users\izana\Me\School\SP21\Software\ConcurrentSpreadsheet\ConcurrentSpreadsheet\boost\bin.v2\standalone\ac\msvc-14.2\debug\address-model-64\threading-multi\zstd_h.obj.rsp" 

...failed compile-c-c++ C:\Users\izana\Me\School\SP21\Software\ConcurrentSpreadsheet\ConcurrentSpreadsheet\boost\bin.v2\standalone\ac\msvc-14.2\debug\address-model-64\threading-multi\zstd_h.obj...
...failed updating 1 target...
...found 3 targets...
...updating 3 targets...
compile-c-c++ C:\Users\izana\Me\School\SP21\Software\ConcurrentSpreadsheet\ConcurrentSpreadsheet\boost\bin.v2\standalone\ac\msvc-14.2\debug\address-model-64\threading-multi\main-zstd.obj
main-zstd.cpp
msvc.link C:\Users\izana\Me\School\SP21\Software\ConcurrentSpreadsheet\ConcurrentSpreadsheet\boost\bin.v2\standalone\ac\msvc-14.2\debug\address-model-64\threading-multi\zstd.exe
LINK : fatal error LNK1181: cannot open input file 'zstd.lib'

        call "C:\Users\izana\Me\School\SP21\Software\ConcurrentSpreadsheet\ConcurrentSpreadsheet\boost\bin.v2\standalone\msvc\msvc-14.2\address-model-64\architecture-x86\msvc-setup.bat"  >nul
 link /NOLOGO /INCREMENTAL:NO /DEBUG /MACHINE:X64 /MANIFEST:EMBED /subsystem:console /out:"C:\Users\izana\Me\School\SP21\Software\ConcurrentSpreadsheet\ConcurrentSpreadsheet\boost\bin.v2\standalone\ac\msvc-14.2\debug\address-model-64\threading-multi\zstd.exe"    @"C:\Users\izana\Me\School\SP21\Software\ConcurrentSpreadsheet\ConcurrentSpreadsheet\boost\bin.v2\standalone\ac\msvc-14.2\debug\address-model-64\threading-multi\zstd.exe.rsp"
    
...failed msvc.link C:\Users\izana\Me\School\SP21\Software\ConcurrentSpreadsheet\ConcurrentSpreadsheet\boost\bin.v2\standalone\ac\msvc-14.2\debug\address-model-64\threading-multi\zstd.exe C:\Users\izana\Me\School\SP21\Software\ConcurrentSpreadsheet\ConcurrentSpreadsheet\boost\bin.v2\standalone\ac\msvc-14.2\debug\address-model-64\threading-multi\zstd.pdb...
...failed updating 2 targets...
...updated 1 target...
...found 3 targets...
...updating 3 targets...
compile-c-c++ C:\Users\izana\Me\School\SP21\Software\ConcurrentSpreadsheet\ConcurrentSpreadsheet\boost\bin.v2\standalone\ac\msvc-14.2\debug\address-model-64\threading-multi\main-zstd_static.obj
main-zstd_static.cpp
msvc.link C:\Users\izana\Me\School\SP21\Software\ConcurrentSpreadsheet\ConcurrentSpreadsheet\boost\bin.v2\standalone\ac\msvc-14.2\debug\address-model-64\threading-multi\zstd_static.exe
LINK : fatal error LNK1181: cannot open input file 'zstd_static.lib'

        call "C:\Users\izana\Me\School\SP21\Software\ConcurrentSpreadsheet\ConcurrentSpreadsheet\boost\bin.v2\standalone\msvc\msvc-14.2\address-model-64\architecture-x86\msvc-setup.bat"  >nul
 link /NOLOGO /INCREMENTAL:NO /DEBUG /MACHINE:X64 /MANIFEST:EMBED /subsystem:console /out:"C:\Users\izana\Me\School\SP21\Software\ConcurrentSpreadsheet\ConcurrentSpreadsheet\boost\bin.v2\standalone\ac\msvc-14.2\debug\address-model-64\threading-multi\zstd_static.exe"    @"C:\Users\izana\Me\School\SP21\Software\ConcurrentSpreadsheet\ConcurrentSpreadsheet\boost\bin.v2\standalone\ac\msvc-14.2\debug\address-model-64\threading-multi\zstd_static.exe.rsp"
    
...failed msvc.link C:\Users\izana\Me\School\SP21\Software\ConcurrentSpreadsheet\ConcurrentSpreadsheet\boost\bin.v2\standalone\ac\msvc-14.2\debug\address-model-64\threading-multi\zstd_static.exe C:\Users\izana\Me\School\SP21\Software\ConcurrentSpreadsheet\ConcurrentSpreadsheet\boost\bin.v2\standalone\ac\msvc-14.2\debug\address-model-64\threading-multi\zstd_static.pdb...
...failed updating 2 targets...
...updated 1 target...
...found 3 targets...
...updating 3 targets...
compile-c-c++ C:\Users\izana\Me\School\SP21\Software\ConcurrentSpreadsheet\ConcurrentSpreadsheet\boost\bin.v2\standalone\ac\msvc-14.2\debug\address-model-64\threading-multi\main-libzstd.obj
main-libzstd.cpp
msvc.link C:\Users\izana\Me\School\SP21\Software\ConcurrentSpreadsheet\ConcurrentSpreadsheet\boost\bin.v2\standalone\ac\msvc-14.2\debug\address-model-64\threading-multi\libzstd.exe
LINK : fatal error LNK1181: cannot open input file 'libzstd.lib'

        call "C:\Users\izana\Me\School\SP21\Software\ConcurrentSpreadsheet\ConcurrentSpreadsheet\boost\bin.v2\standalone\msvc\msvc-14.2\address-model-64\architecture-x86\msvc-setup.bat"  >nul
 link /NOLOGO /INCREMENTAL:NO /DEBUG /MACHINE:X64 /MANIFEST:EMBED /subsystem:console /out:"C:\Users\izana\Me\School\SP21\Software\ConcurrentSpreadsheet\ConcurrentSpreadsheet\boost\bin.v2\standalone\ac\msvc-14.2\debug\address-model-64\threading-multi\libzstd.exe"    @"C:\Users\izana\Me\School\SP21\Software\ConcurrentSpreadsheet\ConcurrentSpreadsheet\boost\bin.v2\standalone\ac\msvc-14.2\debug\address-model-64\threading-multi\libzstd.exe.rsp"
    
...failed msvc.link C:\Users\izana\Me\School\SP21\Software\ConcurrentSpreadsheet\ConcurrentSpreadsheet\boost\bin.v2\standalone\ac\msvc-14.2\debug\address-model-64\threading-multi\libzstd.exe C:\Users\izana\Me\School\SP21\Software\ConcurrentSpreadsheet\ConcurrentSpreadsheet\boost\bin.v2\standalone\ac\msvc-14.2\debug\address-model-64\threading-multi\libzstd.pdb...
...failed updating 2 targets...
...updated 1 target...
...found 3 targets...
...updating 3 targets...
compile-c-c++ C:\Users\izana\Me\School\SP21\Software\ConcurrentSpreadsheet\ConcurrentSpreadsheet\boost\bin.v2\standalone\ac\msvc-14.2\debug\address-model-64\threading-multi\main-libzstd_static.obj
main-libzstd_static.cpp
msvc.link C:\Users\izana\Me\School\SP21\Software\ConcurrentSpreadsheet\ConcurrentSpreadsheet\boost\bin.v2\standalone\ac\msvc-14.2\debug\address-model-64\threading-multi\libzstd_static.exe
LINK : fatal error LNK1181: cannot open input file 'libzstd_static.lib'

        call "C:\Users\izana\Me\School\SP21\Software\ConcurrentSpreadsheet\ConcurrentSpreadsheet\boost\bin.v2\standalone\msvc\msvc-14.2\address-model-64\architecture-x86\msvc-setup.bat"  >nul
 link /NOLOGO /INCREMENTAL:NO /DEBUG /MACHINE:X64 /MANIFEST:EMBED /subsystem:console /out:"C:\Users\izana\Me\School\SP21\Software\ConcurrentSpreadsheet\ConcurrentSpreadsheet\boost\bin.v2\standalone\ac\msvc-14.2\debug\address-model-64\threading-multi\libzstd_static.exe"    @"C:\Users\izana\Me\School\SP21\Software\ConcurrentSpreadsheet\ConcurrentSpreadsheet\boost\bin.v2\standalone\ac\msvc-14.2\debug\address-model-64\threading-multi\libzstd_static.exe.rsp"
    
...failed msvc.link C:\Users\izana\Me\School\SP21\Software\ConcurrentSpreadsheet\ConcurrentSpreadsheet\boost\bin.v2\standalone\ac\msvc-14.2\debug\address-model-64\threading-multi\libzstd_static.exe C:\Users\izana\Me\School\SP21\Software\ConcurrentSpreadsheet\ConcurrentSpreadsheet\boost\bin.v2\standalone\ac\msvc-14.2\debug\address-model-64\threading-multi\libzstd_static.pdb...
...failed updating 2 targets...
...updated 1 target...
...found 3 targets...
...updating 3 targets...
compile-c-c++ C:\Users\izana\Me\School\SP21\Software\ConcurrentSpreadsheet\ConcurrentSpreadsheet\boost\bin.v2\standalone\ac\msvc-14.2\debug\address-model-64\link-static\threading-multi\main-zstd.obj
main-zstd.cpp
msvc.link C:\Users\izana\Me\School\SP21\Software\ConcurrentSpreadsheet\ConcurrentSpreadsheet\boost\bin.v2\standalone\ac\msvc-14.2\debug\address-model-64\link-static\threading-multi\zstd.exe
LINK : fatal error LNK1181: cannot open input file 'zstd.lib'

        call "C:\Users\izana\Me\School\SP21\Software\ConcurrentSpreadsheet\ConcurrentSpreadsheet\boost\bin.v2\standalone\msvc\msvc-14.2\address-model-64\architecture-x86\msvc-setup.bat"  >nul
 link /NOLOGO /INCREMENTAL:NO /DEBUG /MACHINE:X64 /MANIFEST:EMBED /subsystem:console /out:"C:\Users\izana\Me\School\SP21\Software\ConcurrentSpreadsheet\ConcurrentSpreadsheet\boost\bin.v2\standalone\ac\msvc-14.2\debug\address-model-64\link-static\threading-multi\zstd.exe"    @"C:\Users\izana\Me\School\SP21\Software\ConcurrentSpreadsheet\ConcurrentSpreadsheet\boost\bin.v2\standalone\ac\msvc-14.2\debug\address-model-64\link-static\threading-multi\zstd.exe.rsp"
    
...failed msvc.link C:\Users\izana\Me\School\SP21\Software\ConcurrentSpreadsheet\ConcurrentSpreadsheet\boost\bin.v2\standalone\ac\msvc-14.2\debug\address-model-64\link-static\threading-multi\zstd.exe C:\Users\izana\Me\School\SP21\Software\ConcurrentSpreadsheet\ConcurrentSpreadsheet\boost\bin.v2\standalone\ac\msvc-14.2\debug\address-model-64\link-static\threading-multi\zstd.pdb...
...failed updating 2 targets...
...updated 1 target...
...found 3 targets...
...updating 3 targets...
compile-c-c++ C:\Users\izana\Me\School\SP21\Software\ConcurrentSpreadsheet\ConcurrentSpreadsheet\boost\bin.v2\standalone\ac\msvc-14.2\debug\address-model-64\link-static\threading-multi\main-zstd_static.obj
main-zstd_static.cpp
msvc.link C:\Users\izana\Me\School\SP21\Software\ConcurrentSpreadsheet\ConcurrentSpreadsheet\boost\bin.v2\standalone\ac\msvc-14.2\debug\address-model-64\link-static\threading-multi\zstd_static.exe
LINK : fatal error LNK1181: cannot open input file 'zstd_static.lib'

        call "C:\Users\izana\Me\School\SP21\Software\ConcurrentSpreadsheet\ConcurrentSpreadsheet\boost\bin.v2\standalone\msvc\msvc-14.2\address-model-64\architecture-x86\msvc-setup.bat"  >nul
 link /NOLOGO /INCREMENTAL:NO /DEBUG /MACHINE:X64 /MANIFEST:EMBED /subsystem:console /out:"C:\Users\izana\Me\School\SP21\Software\ConcurrentSpreadsheet\ConcurrentSpreadsheet\boost\bin.v2\standalone\ac\msvc-14.2\debug\address-model-64\link-static\threading-multi\zstd_static.exe"    @"C:\Users\izana\Me\School\SP21\Software\ConcurrentSpreadsheet\ConcurrentSpreadsheet\boost\bin.v2\standalone\ac\msvc-14.2\debug\address-model-64\link-static\threading-multi\zstd_static.exe.rsp"
    
...failed msvc.link C:\Users\izana\Me\School\SP21\Software\ConcurrentSpreadsheet\ConcurrentSpreadsheet\boost\bin.v2\standalone\ac\msvc-14.2\debug\address-model-64\link-static\threading-multi\zstd_static.exe C:\Users\izana\Me\School\SP21\Software\ConcurrentSpreadsheet\ConcurrentSpreadsheet\boost\bin.v2\standalone\ac\msvc-14.2\debug\address-model-64\link-static\threading-multi\zstd_static.pdb...
...failed updating 2 targets...
...updated 1 target...
...found 3 targets...
...updating 3 targets...
compile-c-c++ C:\Users\izana\Me\School\SP21\Software\ConcurrentSpreadsheet\ConcurrentSpreadsheet\boost\bin.v2\standalone\ac\msvc-14.2\debug\address-model-64\link-static\threading-multi\main-libzstd.obj
main-libzstd.cpp
msvc.link C:\Users\izana\Me\School\SP21\Software\ConcurrentSpreadsheet\ConcurrentSpreadsheet\boost\bin.v2\standalone\ac\msvc-14.2\debug\address-model-64\link-static\threading-multi\libzstd.exe
LINK : fatal error LNK1181: cannot open input file 'libzstd.lib'

        call "C:\Users\izana\Me\School\SP21\Software\ConcurrentSpreadsheet\ConcurrentSpreadsheet\boost\bin.v2\standalone\msvc\msvc-14.2\address-model-64\architecture-x86\msvc-setup.bat"  >nul
 link /NOLOGO /INCREMENTAL:NO /DEBUG /MACHINE:X64 /MANIFEST:EMBED /subsystem:console /out:"C:\Users\izana\Me\School\SP21\Software\ConcurrentSpreadsheet\ConcurrentSpreadsheet\boost\bin.v2\standalone\ac\msvc-14.2\debug\address-model-64\link-static\threading-multi\libzstd.exe"    @"C:\Users\izana\Me\School\SP21\Software\ConcurrentSpreadsheet\ConcurrentSpreadsheet\boost\bin.v2\standalone\ac\msvc-14.2\debug\address-model-64\link-static\threading-multi\libzstd.exe.rsp"
    
...failed msvc.link C:\Users\izana\Me\School\SP21\Software\ConcurrentSpreadsheet\ConcurrentSpreadsheet\boost\bin.v2\standalone\ac\msvc-14.2\debug\address-model-64\link-static\threading-multi\libzstd.exe C:\Users\izana\Me\School\SP21\Software\ConcurrentSpreadsheet\ConcurrentSpreadsheet\boost\bin.v2\standalone\ac\msvc-14.2\debug\address-model-64\link-static\threading-multi\libzstd.pdb...
...failed updating 2 targets...
...updated 1 target...
...found 3 targets...
...updating 3 targets...
compile-c-c++ C:\Users\izana\Me\School\SP21\Software\ConcurrentSpreadsheet\ConcurrentSpreadsheet\boost\bin.v2\standalone\ac\msvc-14.2\debug\address-model-64\link-static\threading-multi\main-libzstd_static.obj
main-libzstd_static.cpp
msvc.link C:\Users\izana\Me\School\SP21\Software\ConcurrentSpreadsheet\ConcurrentSpreadsheet\boost\bin.v2\standalone\ac\msvc-14.2\debug\address-model-64\link-static\threading-multi\libzstd_static.exe
LINK : fatal error LNK1181: cannot open input file 'libzstd_static.lib'

        call "C:\Users\izana\Me\School\SP21\Software\ConcurrentSpreadsheet\ConcurrentSpreadsheet\boost\bin.v2\standalone\msvc\msvc-14.2\address-model-64\architecture-x86\msvc-setup.bat"  >nul
 link /NOLOGO /INCREMENTAL:NO /DEBUG /MACHINE:X64 /MANIFEST:EMBED /subsystem:console /out:"C:\Users\izana\Me\School\SP21\Software\ConcurrentSpreadsheet\ConcurrentSpreadsheet\boost\bin.v2\standalone\ac\msvc-14.2\debug\address-model-64\link-static\threading-multi\libzstd_static.exe"    @"C:\Users\izana\Me\School\SP21\Software\ConcurrentSpreadsheet\ConcurrentSpreadsheet\boost\bin.v2\standalone\ac\msvc-14.2\debug\address-model-64\link-static\threading-multi\libzstd_static.exe.rsp"
    
...failed msvc.link C:\Users\izana\Me\School\SP21\Software\ConcurrentSpreadsheet\ConcurrentSpreadsheet\boost\bin.v2\standalone\ac\msvc-14.2\debug\address-model-64\link-static\threading-multi\libzstd_static.exe C:\Users\izana\Me\School\SP21\Software\ConcurrentSpreadsheet\ConcurrentSpreadsheet\boost\bin.v2\standalone\ac\msvc-14.2\debug\address-model-64\link-static\threading-multi\libzstd_static.pdb...
...failed updating 2 targets...
...updated 1 target...
...found 5 targets...
...updating 5 targets...
compile-c-c++ C:\Users\izana\Me\School\SP21\Software\ConcurrentSpreadsheet\ConcurrentSpreadsheet\boost\bin.v2\libs\iostreams\build\msvc-14.2\debug\address-model-64\threading-multi\has_lzma_cputhreads.obj
has_lzma_cputhreads.cpp
libs\iostreams\src\..\build\has_lzma_cputhreads.cpp(5): fatal error C1083: Cannot open include file: 'lzma.h': No such file or directory

    call "C:\Users\izana\Me\School\SP21\Software\ConcurrentSpreadsheet\ConcurrentSpreadsheet\boost\bin.v2\standalone\msvc\msvc-14.2\address-model-64\architecture-x86\msvc-setup.bat"  >nul
 cl /Zm800 -nologo @"C:\Users\izana\Me\School\SP21\Software\ConcurrentSpreadsheet\ConcurrentSpreadsheet\boost\bin.v2\libs\iostreams\build\msvc-14.2\debug\address-model-64\threading-multi\has_lzma_cputhreads.obj.rsp" 

...failed compile-c-c++ C:\Users\izana\Me\School\SP21\Software\ConcurrentSpreadsheet\ConcurrentSpreadsheet\boost\bin.v2\libs\iostreams\build\msvc-14.2\debug\address-model-64\threading-multi\has_lzma_cputhreads.obj...
...skipped <pC:\Users\izana\Me\School\SP21\Software\ConcurrentSpreadsheet\ConcurrentSpreadsheet\boost\bin.v2\libs\iostreams\build\msvc-14.2\debug\address-model-64\threading-multi>has_lzma_cputhreads.exe for lack of <pC:\Users\izana\Me\School\SP21\Software\ConcurrentSpreadsheet\ConcurrentSpreadsheet\boost\bin.v2\libs\iostreams\build\msvc-14.2\debug\address-model-64\threading-multi>has_lzma_cputhreads.obj...
...skipped <pC:\Users\izana\Me\School\SP21\Software\ConcurrentSpreadsheet\ConcurrentSpreadsheet\boost\bin.v2\libs\iostreams\build\msvc-14.2\debug\address-model-64\threading-multi>has_lzma_cputhreads.pdb for lack of <pC:\Users\izana\Me\School\SP21\Software\ConcurrentSpreadsheet\ConcurrentSpreadsheet\boost\bin.v2\libs\iostreams\build\msvc-14.2\debug\address-model-64\threading-multi>has_lzma_cputhreads.obj...
...failed updating 1 target...
...skipped 2 targets...
...updated 2 targets...
...found 1 target...
...updating 1 target...
compile-c-c++ C:\Users\izana\Me\School\SP21\Software\ConcurrentSpreadsheet\ConcurrentSpreadsheet\boost\bin.v2\libs\config\checks\msvc-14.2\debug\address-model-64\threading-multi\cxx11_alignas.obj
test_case.cpp
...updated 1 target...
...found 1 target...
...updating 1 target...
compile-c-c++ C:\Users\izana\Me\School\SP21\Software\ConcurrentSpreadsheet\ConcurrentSpreadsheet\boost\bin.v2\libs\config\checks\msvc-14.2\debug\address-model-64\threading-multi\cxx11_decltype.obj
test_case.cpp
...updated 1 target...
...found 5 targets...
...updating 5 targets...
compile-c-c++ C:\Users\izana\Me\School\SP21\Software\ConcurrentSpreadsheet\ConcurrentSpreadsheet\boost\bin.v2\libs\locale\build\msvc-14.2\debug\address-model-64\threading-multi\has_iconv_libc_obj.obj
has_iconv.cpp
libs\locale\src\..\build\has_iconv.cpp(8): fatal error C1083: Cannot open include file: 'iconv.h': No such file or directory

    call "C:\Users\izana\Me\School\SP21\Software\ConcurrentSpreadsheet\ConcurrentSpreadsheet\boost\bin.v2\standalone\msvc\msvc-14.2\address-model-64\architecture-x86\msvc-setup.bat"  >nul
 cl /Zm800 -nologo @"C:\Users\izana\Me\School\SP21\Software\ConcurrentSpreadsheet\ConcurrentSpreadsheet\boost\bin.v2\libs\locale\build\msvc-14.2\debug\address-model-64\threading-multi\has_iconv_libc_obj.obj.rsp" 

...failed compile-c-c++ C:\Users\izana\Me\School\SP21\Software\ConcurrentSpreadsheet\ConcurrentSpreadsheet\boost\bin.v2\libs\locale\build\msvc-14.2\debug\address-model-64\threading-multi\has_iconv_libc_obj.obj...
...skipped <pC:\Users\izana\Me\School\SP21\Software\ConcurrentSpreadsheet\ConcurrentSpreadsheet\boost\bin.v2\libs\locale\build\msvc-14.2\debug\address-model-64\threading-multi>has_iconv.exe for lack of <pC:\Users\izana\Me\School\SP21\Software\ConcurrentSpreadsheet\ConcurrentSpreadsheet\boost\bin.v2\libs\locale\build\msvc-14.2\debug\address-model-64\threading-multi>has_iconv_libc_obj.obj...
...skipped <pC:\Users\izana\Me\School\SP21\Software\ConcurrentSpreadsheet\ConcurrentSpreadsheet\boost\bin.v2\libs\locale\build\msvc-14.2\debug\address-model-64\threading-multi>has_iconv.pdb for lack of <pC:\Users\izana\Me\School\SP21\Software\ConcurrentSpreadsheet\ConcurrentSpreadsheet\boost\bin.v2\libs\locale\build\msvc-14.2\debug\address-model-64\threading-multi>has_iconv_libc_obj.obj...
...failed updating 1 target...
...skipped 2 targets...
...updated 2 targets...
...found 3 targets...
...updating 3 targets...
compile-c-c++ C:\Users\izana\Me\School\SP21\Software\ConcurrentSpreadsheet\ConcurrentSpreadsheet\boost\bin.v2\libs\locale\build\msvc-14.2\debug\address-model-64\threading-multi\has_iconv_libc_ext.obj
has_iconv.cpp
libs\locale\src\..\build\has_iconv.cpp(8): fatal error C1083: Cannot open include file: 'iconv.h': No such file or directory

    call "C:\Users\izana\Me\School\SP21\Software\ConcurrentSpreadsheet\ConcurrentSpreadsheet\boost\bin.v2\standalone\msvc\msvc-14.2\address-model-64\architecture-x86\msvc-setup.bat"  >nul
 cl /Zm800 -nologo @"C:\Users\izana\Me\School\SP21\Software\ConcurrentSpreadsheet\ConcurrentSpreadsheet\boost\bin.v2\libs\locale\build\msvc-14.2\debug\address-model-64\threading-multi\has_iconv_libc_ext.obj.rsp" 

...failed compile-c-c++ C:\Users\izana\Me\School\SP21\Software\ConcurrentSpreadsheet\ConcurrentSpreadsheet\boost\bin.v2\libs\locale\build\msvc-14.2\debug\address-model-64\threading-multi\has_iconv_libc_ext.obj...
...skipped <pC:\Users\izana\Me\School\SP21\Software\ConcurrentSpreadsheet\ConcurrentSpreadsheet\boost\bin.v2\libs\locale\build\msvc-14.2\debug\address-model-64\threading-multi>has_external_iconv.exe for lack of <pC:\Users\izana\Me\School\SP21\Software\ConcurrentSpreadsheet\ConcurrentSpreadsheet\boost\bin.v2\libs\locale\build\msvc-14.2\debug\address-model-64\threading-multi>has_iconv_libc_ext.obj...
...skipped <pC:\Users\izana\Me\School\SP21\Software\ConcurrentSpreadsheet\ConcurrentSpreadsheet\boost\bin.v2\libs\locale\build\msvc-14.2\debug\address-model-64\threading-multi>has_external_iconv.pdb for lack of <pC:\Users\izana\Me\School\SP21\Software\ConcurrentSpreadsheet\ConcurrentSpreadsheet\boost\bin.v2\libs\locale\build\msvc-14.2\debug\address-model-64\threading-multi>has_iconv_libc_ext.obj...
...failed updating 1 target...
...skipped 2 targets...
...found 3 targets...
...updating 3 targets...
compile-c-c++ C:\Users\izana\Me\School\SP21\Software\ConcurrentSpreadsheet\ConcurrentSpreadsheet\boost\bin.v2\libs\locale\build\msvc-14.2\debug\address-model-64\threading-multi\has_icu_obj.obj
has_icu_test.cpp
libs\locale\src\..\build\has_icu_test.cpp(12): fatal error C1083: Cannot open include file: 'unicode/uversion.h': No such file or directory

    call "C:\Users\izana\Me\School\SP21\Software\ConcurrentSpreadsheet\ConcurrentSpreadsheet\boost\bin.v2\standalone\msvc\msvc-14.2\address-model-64\architecture-x86\msvc-setup.bat"  >nul
 cl /Zm800 -nologo @"C:\Users\izana\Me\School\SP21\Software\ConcurrentSpreadsheet\ConcurrentSpreadsheet\boost\bin.v2\libs\locale\build\msvc-14.2\debug\address-model-64\threading-multi\has_icu_obj.obj.rsp" 

...failed compile-c-c++ C:\Users\izana\Me\School\SP21\Software\ConcurrentSpreadsheet\ConcurrentSpreadsheet\boost\bin.v2\libs\locale\build\msvc-14.2\debug\address-model-64\threading-multi\has_icu_obj.obj...
...skipped <pC:\Users\izana\Me\School\SP21\Software\ConcurrentSpreadsheet\ConcurrentSpreadsheet\boost\bin.v2\libs\locale\build\msvc-14.2\debug\address-model-64\threading-multi>has_icu.exe for lack of <pC:\Users\izana\Me\School\SP21\Software\ConcurrentSpreadsheet\ConcurrentSpreadsheet\boost\bin.v2\libs\locale\build\msvc-14.2\debug\address-model-64\threading-multi>has_icu_obj.obj...
...skipped <pC:\Users\izana\Me\School\SP21\Software\ConcurrentSpreadsheet\ConcurrentSpreadsheet\boost\bin.v2\libs\locale\build\msvc-14.2\debug\address-model-64\threading-multi>has_icu.pdb for lack of <pC:\Users\izana\Me\School\SP21\Software\ConcurrentSpreadsheet\ConcurrentSpreadsheet\boost\bin.v2\libs\locale\build\msvc-14.2\debug\address-model-64\threading-multi>has_icu_obj.obj...
...failed updating 1 target...
...skipped 2 targets...
...found 3 targets...
...updating 3 targets...
compile-c-c++ C:\Users\izana\Me\School\SP21\Software\ConcurrentSpreadsheet\ConcurrentSpreadsheet\boost\bin.v2\libs\locale\build\msvc-14.2\debug\address-model-64\threading-multi\has_icu64_obj.obj
has_icu_test.cpp
libs\locale\src\..\build\has_icu_test.cpp(12): fatal error C1083: Cannot open include file: 'unicode/uversion.h': No such file or directory

    call "C:\Users\izana\Me\School\SP21\Software\ConcurrentSpreadsheet\ConcurrentSpreadsheet\boost\bin.v2\standalone\msvc\msvc-14.2\address-model-64\architecture-x86\msvc-setup.bat"  >nul
 cl /Zm800 -nologo @"C:\Users\izana\Me\School\SP21\Software\ConcurrentSpreadsheet\ConcurrentSpreadsheet\boost\bin.v2\libs\locale\build\msvc-14.2\debug\address-model-64\threading-multi\has_icu64_obj.obj.rsp" 

...failed compile-c-c++ C:\Users\izana\Me\School\SP21\Software\ConcurrentSpreadsheet\ConcurrentSpreadsheet\boost\bin.v2\libs\locale\build\msvc-14.2\debug\address-model-64\threading-multi\has_icu64_obj.obj...
...skipped <pC:\Users\izana\Me\School\SP21\Software\ConcurrentSpreadsheet\ConcurrentSpreadsheet\boost\bin.v2\libs\locale\build\msvc-14.2\debug\address-model-64\threading-multi>has_icu64.exe for lack of <pC:\Users\izana\Me\School\SP21\Software\ConcurrentSpreadsheet\ConcurrentSpreadsheet\boost\bin.v2\libs\locale\build\msvc-14.2\debug\address-model-64\threading-multi>has_icu64_obj.obj...
...skipped <pC:\Users\izana\Me\School\SP21\Software\ConcurrentSpreadsheet\ConcurrentSpreadsheet\boost\bin.v2\libs\locale\build\msvc-14.2\debug\address-model-64\threading-multi>has_icu64.pdb for lack of <pC:\Users\izana\Me\School\SP21\Software\ConcurrentSpreadsheet\ConcurrentSpreadsheet\boost\bin.v2\libs\locale\build\msvc-14.2\debug\address-model-64\threading-multi>has_icu64_obj.obj...
...failed updating 1 target...
...skipped 2 targets...
...found 4 targets...
...updating 4 targets...
compile-c-c++ C:\Users\izana\Me\School\SP21\Software\ConcurrentSpreadsheet\ConcurrentSpreadsheet\boost\bin.v2\libs\log\config\atomic-int32\msvc-14.2\debug\address-model-64\pch-off\threading-multi\atomic_int32.obj
atomic_int32.cpp
...updated 4 targets...
...found 7 targets...
...updating 6 targets...
msvc.compile.mc C:\Users\izana\Me\School\SP21\Software\ConcurrentSpreadsheet\ConcurrentSpreadsheet\boost\bin.v2\libs\log\config\message-compiler\msvc-14.2\debug\address-model-64\pch-off\threading-multi\simple_event_log.h
MC: Compiling libs\log\src\windows\simple_event_log.mc
msvc.compile.rc C:\Users\izana\Me\School\SP21\Software\ConcurrentSpreadsheet\ConcurrentSpreadsheet\boost\bin.v2\libs\log\config\message-compiler\msvc-14.2\debug\address-model-64\pch-off\threading-multi\simple_event_log_res.obj
...updated 6 targets...
...found 4 targets...
...updating 4 targets...
compile-c-c++ C:\Users\izana\Me\School\SP21\Software\ConcurrentSpreadsheet\ConcurrentSpreadsheet\boost\bin.v2\libs\log\config\native-syslog\msvc-14.2\debug\address-model-64\pch-off\threading-multi\native_syslog.obj
native_syslog.cpp
libs\log\config\native-syslog\native_syslog.cpp(8): fatal error C1083: Cannot open include file: 'syslog.h': No such file or directory

    call "C:\Users\izana\Me\School\SP21\Software\ConcurrentSpreadsheet\ConcurrentSpreadsheet\boost\bin.v2\standalone\msvc\msvc-14.2\address-model-64\architecture-x86\msvc-setup.bat"  >nul
 cl /Zm800 -nologo @"C:\Users\izana\Me\School\SP21\Software\ConcurrentSpreadsheet\ConcurrentSpreadsheet\boost\bin.v2\libs\log\config\native-syslog\msvc-14.2\debug\address-model-64\pch-off\threading-multi\native_syslog.obj.rsp" 

...failed compile-c-c++ C:\Users\izana\Me\School\SP21\Software\ConcurrentSpreadsheet\ConcurrentSpreadsheet\boost\bin.v2\libs\log\config\native-syslog\msvc-14.2\debug\address-model-64\pch-off\threading-multi\native_syslog.obj...
...failed updating 1 target...
...updated 3 targets...
...found 4 targets...
...updating 4 targets...
compile-c-c++ C:\Users\izana\Me\School\SP21\Software\ConcurrentSpreadsheet\ConcurrentSpreadsheet\boost\bin.v2\libs\log\config\pthread-mutex-robust\msvc-14.2\debug\address-model-64\pch-off\threading-multi\pthread_mutex_robust.obj
pthread_mutex_robust.cpp
libs\log\config\pthread-mutex-robust\pthread_mutex_robust.cpp(9): fatal error C1083: Cannot open include file: 'pthread.h': No such file or directory

    call "C:\Users\izana\Me\School\SP21\Software\ConcurrentSpreadsheet\ConcurrentSpreadsheet\boost\bin.v2\standalone\msvc\msvc-14.2\address-model-64\architecture-x86\msvc-setup.bat"  >nul
 cl /Zm800 -nologo @"C:\Users\izana\Me\School\SP21\Software\ConcurrentSpreadsheet\ConcurrentSpreadsheet\boost\bin.v2\libs\log\config\pthread-mutex-robust\msvc-14.2\debug\address-model-64\pch-off\threading-multi\pthread_mutex_robust.obj.rsp" 

...failed compile-c-c++ C:\Users\izana\Me\School\SP21\Software\ConcurrentSpreadsheet\ConcurrentSpreadsheet\boost\bin.v2\libs\log\config\pthread-mutex-robust\msvc-14.2\debug\address-model-64\pch-off\threading-multi\pthread_mutex_robust.obj...
...failed updating 1 target...
...updated 3 targets...
...found 4 targets...
...updating 4 targets...
compile-c-c++ C:\Users\izana\Me\School\SP21\Software\ConcurrentSpreadsheet\ConcurrentSpreadsheet\boost\bin.v2\libs\log\config\x86-ext\msvc-14.2\debug\address-model-64\pch-off\threading-multi\ssse3.obj
ssse3.cpp
...updated 4 targets...
...found 1 target...
...updating 1 target...
compile-c-c++ C:\Users\izana\Me\School\SP21\Software\ConcurrentSpreadsheet\ConcurrentSpreadsheet\boost\bin.v2\libs\log\config\x86-ext\msvc-14.2\debug\address-model-64\pch-off\threading-multi\avx2.obj
avx2.cpp
...updated 1 target...
...found 3 targets...
...updating 3 targets...
compile-c-c++ C:\Users\izana\Me\School\SP21\Software\ConcurrentSpreadsheet\ConcurrentSpreadsheet\boost\bin.v2\libs\math\config\msvc-14.2\debug\address-model-64\threading-multi\has_gcc_visibility.obj
has_gcc_visibility.cpp
libs\math\config\has_gcc_visibility.cpp(7): fatal error C1189: #error:  "This is a GCC specific test case".

    call "C:\Users\izana\Me\School\SP21\Software\ConcurrentSpreadsheet\ConcurrentSpreadsheet\boost\bin.v2\standalone\msvc\msvc-14.2\address-model-64\architecture-x86\msvc-setup.bat"  >nul
 cl /Zm800 -nologo @"C:\Users\izana\Me\School\SP21\Software\ConcurrentSpreadsheet\ConcurrentSpreadsheet\boost\bin.v2\libs\math\config\msvc-14.2\debug\address-model-64\threading-multi\has_gcc_visibility.obj.rsp" 

...failed compile-c-c++ C:\Users\izana\Me\School\SP21\Software\ConcurrentSpreadsheet\ConcurrentSpreadsheet\boost\bin.v2\libs\math\config\msvc-14.2\debug\address-model-64\threading-multi\has_gcc_visibility.obj...
...failed updating 1 target...
...updated 2 targets...
...found 1 target...
...updating 1 target...
compile-c-c++ C:\Users\izana\Me\School\SP21\Software\ConcurrentSpreadsheet\ConcurrentSpreadsheet\boost\bin.v2\libs\math\config\msvc-14.2\debug\address-model-64\threading-multi\has_long_double_support.obj
has_long_double_support.cpp
...updated 1 target...
...found 1 target...
...updating 1 target...
compile-c-c++ C:\Users\izana\Me\School\SP21\Software\ConcurrentSpreadsheet\ConcurrentSpreadsheet\boost\bin.v2\libs\config\checks\msvc-14.2\debug\address-model-64\threading-multi\cxx11_static_assert.obj
test_case.cpp
...updated 1 target...
...found 3 targets...
...updating 3 targets...
compile-c-c++ C:\Users\izana\Me\School\SP21\Software\ConcurrentSpreadsheet\ConcurrentSpreadsheet\boost\bin.v2\libs\nowide\config\msvc-14.2\debug\address-model-64\threading-multi\cxx11_moveable_fstreams.obj
check_movable_fstreams.cpp
...updated 3 targets...
...found 3 targets...
...updating 3 targets...
compile-c-c++ C:\Users\izana\Me\School\SP21\Software\ConcurrentSpreadsheet\ConcurrentSpreadsheet\boost\bin.v2\libs\nowide\config\msvc-14.2\debug\address-model-64\threading-multi\check_lfs_support.obj
check_lfs_support.cpp
msvc.link C:\Users\izana\Me\School\SP21\Software\ConcurrentSpreadsheet\ConcurrentSpreadsheet\boost\bin.v2\libs\nowide\config\msvc-14.2\debug\address-model-64\threading-multi\lfs_support.exe
...updated 3 targets...
...found 6 targets...
...updating 6 targets...
compile-c-c++ C:\Users\izana\Me\School\SP21\Software\ConcurrentSpreadsheet\ConcurrentSpreadsheet\boost\bin.v2\libs\stacktrace\build\msvc-14.2\debug\address-model-64\threading-multi\has_backtrace.obj
has_backtrace.cpp
libs\stacktrace\build\has_backtrace.cpp(7): fatal error C1083: Cannot open include file: 'backtrace.h': No such file or directory

    call "C:\Users\izana\Me\School\SP21\Software\ConcurrentSpreadsheet\ConcurrentSpreadsheet\boost\bin.v2\standalone\msvc\msvc-14.2\address-model-64\architecture-x86\msvc-setup.bat"  >nul
 cl /Zm800 -nologo @"C:\Users\izana\Me\School\SP21\Software\ConcurrentSpreadsheet\ConcurrentSpreadsheet\boost\bin.v2\libs\stacktrace\build\msvc-14.2\debug\address-model-64\threading-multi\has_backtrace.obj.rsp" 

...failed compile-c-c++ C:\Users\izana\Me\School\SP21\Software\ConcurrentSpreadsheet\ConcurrentSpreadsheet\boost\bin.v2\libs\stacktrace\build\msvc-14.2\debug\address-model-64\threading-multi\has_backtrace.obj...
...skipped <pC:\Users\izana\Me\School\SP21\Software\ConcurrentSpreadsheet\ConcurrentSpreadsheet\boost\bin.v2\libs\stacktrace\build\msvc-14.2\debug\address-model-64\threading-multi>libbacktrace_exe.exe for lack of <pC:\Users\izana\Me\School\SP21\Software\ConcurrentSpreadsheet\ConcurrentSpreadsheet\boost\bin.v2\libs\stacktrace\build\msvc-14.2\debug\address-model-64\threading-multi>has_backtrace.obj...
...skipped <pC:\Users\izana\Me\School\SP21\Software\ConcurrentSpreadsheet\ConcurrentSpreadsheet\boost\bin.v2\libs\stacktrace\build\msvc-14.2\debug\address-model-64\threading-multi>libbacktrace_exe.pdb for lack of <pC:\Users\izana\Me\School\SP21\Software\ConcurrentSpreadsheet\ConcurrentSpreadsheet\boost\bin.v2\libs\stacktrace\build\msvc-14.2\debug\address-model-64\threading-multi>has_backtrace.obj...
...skipped <pC:\Users\izana\Me\School\SP21\Software\ConcurrentSpreadsheet\ConcurrentSpreadsheet\boost\bin.v2\libs\stacktrace\build\msvc-14.2\debug\address-model-64\threading-multi>libbacktrace.output for lack of <pC:\Users\izana\Me\School\SP21\Software\ConcurrentSpreadsheet\ConcurrentSpreadsheet\boost\bin.v2\libs\stacktrace\build\msvc-14.2\debug\address-model-64\threading-multi>libbacktrace_exe.exe...
...failed updating 1 target...
...skipped 3 targets...
...updated 2 targets...
...found 4 targets...
...updating 4 targets...
compile-c-c++ C:\Users\izana\Me\School\SP21\Software\ConcurrentSpreadsheet\ConcurrentSpreadsheet\boost\bin.v2\libs\stacktrace\build\msvc-14.2\debug\address-model-64\threading-multi\has_addr2line.obj
has_addr2line.cpp
libs\stacktrace\build\has_addr2line.cpp(11): fatal error C1083: Cannot open include file: 'unwind.h': No such file or directory

    call "C:\Users\izana\Me\School\SP21\Software\ConcurrentSpreadsheet\ConcurrentSpreadsheet\boost\bin.v2\standalone\msvc\msvc-14.2\address-model-64\architecture-x86\msvc-setup.bat"  >nul
 cl /Zm800 -nologo @"C:\Users\izana\Me\School\SP21\Software\ConcurrentSpreadsheet\ConcurrentSpreadsheet\boost\bin.v2\libs\stacktrace\build\msvc-14.2\debug\address-model-64\threading-multi\has_addr2line.obj.rsp" 

...failed compile-c-c++ C:\Users\izana\Me\School\SP21\Software\ConcurrentSpreadsheet\ConcurrentSpreadsheet\boost\bin.v2\libs\stacktrace\build\msvc-14.2\debug\address-model-64\threading-multi\has_addr2line.obj...
...skipped <pC:\Users\izana\Me\School\SP21\Software\ConcurrentSpreadsheet\ConcurrentSpreadsheet\boost\bin.v2\libs\stacktrace\build\msvc-14.2\debug\address-model-64\threading-multi>addr2line_exe.exe for lack of <pC:\Users\izana\Me\School\SP21\Software\ConcurrentSpreadsheet\ConcurrentSpreadsheet\boost\bin.v2\libs\stacktrace\build\msvc-14.2\debug\address-model-64\threading-multi>has_addr2line.obj...
...skipped <pC:\Users\izana\Me\School\SP21\Software\ConcurrentSpreadsheet\ConcurrentSpreadsheet\boost\bin.v2\libs\stacktrace\build\msvc-14.2\debug\address-model-64\threading-multi>addr2line_exe.pdb for lack of <pC:\Users\izana\Me\School\SP21\Software\ConcurrentSpreadsheet\ConcurrentSpreadsheet\boost\bin.v2\libs\stacktrace\build\msvc-14.2\debug\address-model-64\threading-multi>has_addr2line.obj...
...skipped <pC:\Users\izana\Me\School\SP21\Software\ConcurrentSpreadsheet\ConcurrentSpreadsheet\boost\bin.v2\libs\stacktrace\build\msvc-14.2\debug\address-model-64\threading-multi>addr2line.output for lack of <pC:\Users\izana\Me\School\SP21\Software\ConcurrentSpreadsheet\ConcurrentSpreadsheet\boost\bin.v2\libs\stacktrace\build\msvc-14.2\debug\address-model-64\threading-multi>addr2line_exe.exe...
...failed updating 1 target...
...skipped 3 targets...
...found 4 targets...
...updating 4 targets...
compile-c-c++ C:\Users\izana\Me\School\SP21\Software\ConcurrentSpreadsheet\ConcurrentSpreadsheet\boost\bin.v2\libs\stacktrace\build\msvc-14.2\debug\address-model-64\threading-multi\has_windbg.obj
has_windbg.cpp
msvc.link C:\Users\izana\Me\School\SP21\Software\ConcurrentSpreadsheet\ConcurrentSpreadsheet\boost\bin.v2\libs\stacktrace\build\msvc-14.2\debug\address-model-64\threading-multi\WinDbg_exe.exe
Jamfile<C:\Users\izana\Me\School\SP21\Software\boost_1_75_0\libs\stacktrace\build>.mp_simple_run_action C:\Users\izana\Me\School\SP21\Software\ConcurrentSpreadsheet\ConcurrentSpreadsheet\boost\bin.v2\libs\stacktrace\build\msvc-14.2\debug\address-model-64\threading-multi\WinDbg.output
...updated 4 targets...
...found 4 targets...
...updating 4 targets...
compile-c-c++ C:\Users\izana\Me\School\SP21\Software\ConcurrentSpreadsheet\ConcurrentSpreadsheet\boost\bin.v2\libs\stacktrace\build\msvc-14.2\debug\address-model-64\threading-multi\has_windbg_cached.obj
has_windbg_cached.cpp
msvc.link C:\Users\izana\Me\School\SP21\Software\ConcurrentSpreadsheet\ConcurrentSpreadsheet\boost\bin.v2\libs\stacktrace\build\msvc-14.2\debug\address-model-64\threading-multi\WinDbgCached_exe.exe
Jamfile<C:\Users\izana\Me\School\SP21\Software\boost_1_75_0\libs\stacktrace\build>.mp_simple_run_action C:\Users\izana\Me\School\SP21\Software\ConcurrentSpreadsheet\ConcurrentSpreadsheet\boost\bin.v2\libs\stacktrace\build\msvc-14.2\debug\address-model-64\threading-multi\WinDbgCached.output
...updated 4 targets...
...found 4 targets...
...updating 4 targets...
compile-c-c++ C:\Users\izana\Me\School\SP21\Software\ConcurrentSpreadsheet\ConcurrentSpreadsheet\boost\bin.v2\check\predef\msvc-14.2\debug\address-model-64\architecture-x86\threading-multi\predef_check_cc_09a06289f4560e2f553bb0cbbec71436.obj
predef_check_cc_as_cpp.cpp
C:\Users\izana\Me\School\SP21\Software\boost_1_75_0\libs\predef\tools\check\predef_check_cc.h(11): fatal error C1189: #error:  "FAILED"

    call "C:\Users\izana\Me\School\SP21\Software\ConcurrentSpreadsheet\ConcurrentSpreadsheet\boost\bin.v2\standalone\msvc\msvc-14.2\address-model-64\architecture-x86\msvc-setup.bat"  >nul
 cl /Zm800 -nologo @"C:\Users\izana\Me\School\SP21\Software\ConcurrentSpreadsheet\ConcurrentSpreadsheet\boost\bin.v2\check\predef\msvc-14.2\debug\address-model-64\architecture-x86\threading-multi\predef_check_cc_09a06289f4560e2f553bb0cbbec71436.obj.rsp" 

...failed compile-c-c++ C:\Users\izana\Me\School\SP21\Software\ConcurrentSpreadsheet\ConcurrentSpreadsheet\boost\bin.v2\check\predef\msvc-14.2\debug\address-model-64\architecture-x86\threading-multi\predef_check_cc_09a06289f4560e2f553bb0cbbec71436.obj...
...failed updating 1 target...
...updated 3 targets...
...found 1 target...
...updating 1 target...
config-cache.write C:\Users\izana\Me\School\SP21\Software\ConcurrentSpreadsheet\ConcurrentSpreadsheet\boost\bin.v2\project-cache.jam
...updated 1 target...
